<?xml version="1.0" encoding="UTF-8"?>
<testsuite name="mx.com.restaurante.test.DBUnitDataTest" tests="1" skipped="0" failures="0" errors="0" timestamp="2017-06-09T16:30:29" hostname="Christian-FV" time="0.009">
  <properties/>
  <testcase name="extraerDatasetsTest" classname="mx.com.restaurante.test.DBUnitDataTest" time="0.009"/>
  <system-out><![CDATA[[DEBUG] SpringJUnit4ClassRunner constructor called with [class mx.com.restaurante.test.DBUnitDataTest]
[DEBUG] Instantiating CacheAwareContextLoaderDelegate from class [org.springframework.test.context.cache.DefaultCacheAwareContextLoaderDelegate]
[DEBUG] Instantiating BootstrapContext using constructor [public org.springframework.test.context.support.DefaultBootstrapContext(java.lang.Class,org.springframework.test.context.CacheAwareContextLoaderDelegate)]
[DEBUG] Instantiating TestContextBootstrapper for test class [mx.com.restaurante.test.DBUnitDataTest] from class [org.springframework.boot.test.context.SpringBootTestContextBootstrapper]
[INFO] Neither @ContextConfiguration nor @ContextHierarchy found for test class [mx.com.restaurante.test.DBUnitDataTest], using SpringBootContextLoader
[DEBUG] Did not detect default resource location for test class [mx.com.restaurante.test.DBUnitDataTest]: class path resource [mx/com/restaurante/test/DBUnitDataTest-context.xml] does not exist
[DEBUG] Did not detect default resource location for test class [mx.com.restaurante.test.DBUnitDataTest]: class path resource [mx/com/restaurante/test/DBUnitDataTestContext.groovy] does not exist
[INFO] Could not detect default resource locations for test class [mx.com.restaurante.test.DBUnitDataTest]: no resource found for suffixes {-context.xml, Context.groovy}.
[DEBUG] Could not find an 'annotation declaring class' for annotation type [org.springframework.test.context.ActiveProfiles] and class [mx.com.restaurante.test.DBUnitDataTest]
[DEBUG] @TestExecutionListeners is not present for class [mx.com.restaurante.test.DBUnitDataTest]: using defaults.
[INFO] Loaded default TestExecutionListener class names from location [META-INF/spring.factories]: [org.springframework.boot.test.mock.mockito.MockitoTestExecutionListener, org.springframework.boot.test.mock.mockito.ResetMocksTestExecutionListener, org.springframework.boot.test.autoconfigure.restdocs.RestDocsTestExecutionListener, org.springframework.boot.test.autoconfigure.web.client.MockRestServiceServerResetTestExecutionListener, org.springframework.boot.test.autoconfigure.web.servlet.MockMvcPrintOnlyOnFailureTestExecutionListener, org.springframework.boot.test.autoconfigure.web.servlet.WebDriverTestExecutionListener, org.springframework.test.context.web.ServletTestExecutionListener, org.springframework.test.context.support.DirtiesContextBeforeModesTestExecutionListener, org.springframework.test.context.support.DependencyInjectionTestExecutionListener, org.springframework.test.context.support.DirtiesContextTestExecutionListener, org.springframework.test.context.transaction.TransactionalTestExecutionListener, org.springframework.test.context.jdbc.SqlScriptsTestExecutionListener]
[INFO] Using TestExecutionListeners: [org.springframework.test.context.web.ServletTestExecutionListener@45e4f13d, org.springframework.test.context.support.DirtiesContextBeforeModesTestExecutionListener@1cd332bd, org.springframework.boot.test.autoconfigure.SpringBootDependencyInjectionTestExecutionListener@1ce32b2c, org.springframework.test.context.support.DirtiesContextTestExecutionListener@388b45e7, org.springframework.test.context.transaction.TransactionalTestExecutionListener@5a8436d2, org.springframework.test.context.jdbc.SqlScriptsTestExecutionListener@5f47a1e5, org.springframework.boot.test.mock.mockito.MockitoTestExecutionListener@5af84b6a, org.springframework.boot.test.autoconfigure.restdocs.RestDocsTestExecutionListener@383e89af, org.springframework.boot.test.autoconfigure.web.client.MockRestServiceServerResetTestExecutionListener@43770adc, org.springframework.boot.test.autoconfigure.web.servlet.WebDriverTestExecutionListener@21ddd3de, org.springframework.boot.test.autoconfigure.web.servlet.MockMvcPrintOnlyOnFailureTestExecutionListener@39666f94, org.springframework.boot.test.mock.mockito.ResetMocksTestExecutionListener@7559eae6]
[DEBUG] Retrieved @ProfileValueSourceConfiguration [null] for test class [mx.com.restaurante.test.DBUnitDataTest]
[DEBUG] Retrieved ProfileValueSource type [class org.springframework.test.annotation.SystemProfileValueSource] for class [mx.com.restaurante.test.DBUnitDataTest]
[DEBUG] Retrieved @ProfileValueSourceConfiguration [null] for test class [mx.com.restaurante.test.DBUnitDataTest]
[DEBUG] Retrieved ProfileValueSource type [class org.springframework.test.annotation.SystemProfileValueSource] for class [mx.com.restaurante.test.DBUnitDataTest]
[DEBUG] Before test class: context [DefaultTestContext@e032f7b testClass = DBUnitDataTest, testInstance = [null], testMethod = [null], testException = [null], mergedContextConfiguration = [WebMergedContextConfiguration@418f4e46 testClass = DBUnitDataTest, locations = '{}', classes = '{class mx.com.restaurante.Application, class mx.com.restaurante.Application}', contextInitializerClasses = '[]', activeProfiles = '{}', propertySourceLocations = '{}', propertySourceProperties = '{org.springframework.boot.test.context.SpringBootTestContextBootstrapper=true}', contextCustomizers = set[org.springframework.boot.test.context.SpringBootTestContextCustomizer@1dbfecae, org.springframework.boot.test.context.filter.ExcludeFilterContextCustomizer@529a41a, org.springframework.boot.test.mock.mockito.MockitoContextCustomizer@0, org.springframework.boot.test.autoconfigure.properties.PropertyMappingContextCustomizer@0, org.springframework.boot.test.autoconfigure.web.servlet.WebDriverContextCustomizerFactory$Customizer@11bbfd47], resourceBasePath = 'src/main/webapp', contextLoader = 'org.springframework.boot.test.context.SpringBootContextLoader', parent = [null]]], class annotated with @DirtiesContext [false] with mode [null].
[DEBUG] Retrieved @ProfileValueSourceConfiguration [null] for test class [mx.com.restaurante.test.DBUnitDataTest]
[DEBUG] Retrieved ProfileValueSource type [class org.springframework.test.annotation.SystemProfileValueSource] for class [mx.com.restaurante.test.DBUnitDataTest]
[DEBUG] Adding [systemProperties] PropertySource with lowest search precedence
[DEBUG] Adding [systemEnvironment] PropertySource with lowest search precedence
[DEBUG] Initialized StandardEnvironment with PropertySources [systemProperties,systemEnvironment]
[DEBUG] Adding [inline] PropertySource with highest search precedence
[DEBUG] Adding inlined properties to environment: {spring.jmx.enabled=false, org.springframework.boot.test.context.SpringBootTestContextBootstrapper=true, server.port=-1}
[DEBUG] Adding [Inlined Test Properties] PropertySource with highest search precedence
[DEBUG] Could not find key 'spring.profiles.active' in any property source
[DEBUG] Could not find key 'spring.profiles.active' in any property source
[DEBUG] Could not find key 'SPRING_APPLICATION_JSON:' in any property source
[DEBUG] Could not find key 'SPRING_APPLICATION_JSON' in any property source
[DEBUG] Could not find key 'spring.application.json:' in any property source
[DEBUG] Could not find key 'spring.application.json' in any property source
[DEBUG] Adding [random] PropertySource with search precedence immediately lower than [systemEnvironment]
[DEBUG] Could not find key 'spring.profiles.active' in any property source
[DEBUG] Could not find key 'spring.profiles.default' in any property source
[DEBUG] Adding [applicationConfig: [profile=]] PropertySource with highest search precedence
[DEBUG] Adding [applicationConfig: [classpath:/application.properties]] PropertySource with highest search precedence
[DEBUG] Adding [applicationConfigurationProperties] PropertySource with lowest search precedence
[DEBUG] Could not find key 'logging.file' in any property source
[DEBUG] Could not find key 'logging.path' in any property source
[DEBUG] Could not find key 'debug' in any property source
[DEBUG] Could not find key 'trace' in any property source
[DEBUG] Could not find key 'logging.config' in any property source
[DEBUG] Application started with classpath: [file:/C:/Users/ChristianFV/.gradle/caches/3.3/workerMain/gradle-worker.jar, file:/C:/Users/ChristianFV/Documents/workspace-sts-3.8.3.RELEASE/SistemaReservaciones/build/instrumented_classes/, file:/C:/Users/ChristianFV/Documents/workspace-sts-3.8.3.RELEASE/SistemaReservaciones/build/classes/test/, file:/C:/Users/ChristianFV/Documents/workspace-sts-3.8.3.RELEASE/SistemaReservaciones/build/resources/test, file:/C:/Users/ChristianFV/Documents/workspace-sts-3.8.3.RELEASE/SistemaReservaciones/build/classes/main/, file:/C:/Users/ChristianFV/Documents/workspace-sts-3.8.3.RELEASE/SistemaReservaciones/build/resources/main/, file:/C:/Users/ChristianFV/.gradle/caches/modules-2/files-2.1/org.springframework.boot/spring-boot-starter-web/1.5.2.RELEASE/27f29876980c079b46be16b759eafe92720f3338/spring-boot-starter-web-1.5.2.RELEASE.jar, file:/C:/Users/ChristianFV/.gradle/caches/modules-2/files-2.1/org.springframework.boot/spring-boot-starter-test/1.5.2.RELEASE/d1d42ca043ea8b25cdf0ac8a2108ee924bfae707/spring-boot-starter-test-1.5.2.RELEASE.jar, file:/C:/Users/ChristianFV/.gradle/caches/modules-2/files-2.1/org.springframework.boot/spring-boot-starter-data-jpa/1.5.2.RELEASE/9e2dfd470f0df4a7ba00a71ca462aeefbd382a4d/spring-boot-starter-data-jpa-1.5.2.RELEASE.jar, file:/C:/Users/ChristianFV/.gradle/caches/modules-2/files-2.1/org.springframework.boot/spring-boot-starter-security/1.5.2.RELEASE/9d7dcade0fd23664247d8d1ab1bb44cf7ed1edf7/spring-boot-starter-security-1.5.2.RELEASE.jar, file:/C:/Users/ChristianFV/.gradle/caches/modules-2/files-2.1/org.springframework.boot/spring-boot-starter-mail/1.5.2.RELEASE/29606d1ad113a8ed57b6771555157b3415db5cb8/spring-boot-starter-mail-1.5.2.RELEASE.jar, file:/C:/Users/ChristianFV/.gradle/caches/modules-2/files-2.1/org.dbunit/dbunit/2.5.2/80b5acbbcb14366ee69bd2800f9fad59634761a5/dbunit-2.5.2.jar, file:/C:/Users/ChristianFV/.gradle/caches/modules-2/files-2.1/org.thymeleaf/thymeleaf-spring4/2.1.5.RELEASE/74cb9028e99597b5d71a98e919fd531a7fc290b4/thymeleaf-spring4-2.1.5.RELEASE.jar, file:/C:/Users/ChristianFV/.gradle/caches/modules-2/files-2.1/mysql/mysql-connector-java/5.1.31/95baa522c5ae4dbff61e8ebd1b2578665d6853a0/mysql-connector-java-5.1.31.jar, file:/C:/Users/ChristianFV/.gradle/caches/modules-2/files-2.1/com.google.guava/guava/11.0.2/35a3c69e19d72743cac83778aecbee68680f63eb/guava-11.0.2.jar, file:/C:/Users/ChristianFV/.gradle/caches/modules-2/files-2.1/junit/junit/4.12/2973d150c0dc1fefe998f834810d68f278ea58ec/junit-4.12.jar, file:/C:/Users/ChristianFV/.gradle/caches/modules-2/files-2.1/org.springframework.boot/spring-boot-starter/1.5.2.RELEASE/c72938c86ed3beadb385f29bc2954c8ca3aa47ab/spring-boot-starter-1.5.2.RELEASE.jar, file:/C:/Users/ChristianFV/.gradle/caches/modules-2/files-2.1/org.springframework.boot/spring-boot-starter-tomcat/1.5.2.RELEASE/354320ef371fc4fc126d1bb8564cd73085a48823/spring-boot-starter-tomcat-1.5.2.RELEASE.jar, file:/C:/Users/ChristianFV/.gradle/caches/modules-2/files-2.1/org.hibernate/hibernate-validator/5.3.4.Final/2f6c8c0b646afe18e3ad205726729d3c4a85fe2e/hibernate-validator-5.3.4.Final.jar, file:/C:/Users/ChristianFV/.gradle/caches/modules-2/files-2.1/com.fasterxml.jackson.core/jackson-databind/2.8.7/6c3257ef458ac58a8da69a6dca3d2a15286d88c8/jackson-databind-2.8.7.jar, file:/C:/Users/ChristianFV/.gradle/caches/modules-2/files-2.1/org.springframework/spring-web/4.3.7.RELEASE/7b69fc68cdb74c1c92f72905af6995696fcb56aa/spring-web-4.3.7.RELEASE.jar, file:/C:/Users/ChristianFV/.gradle/caches/modules-2/files-2.1/org.springframework/spring-webmvc/4.3.7.RELEASE/d25b11a605589f176e3ecf1dcae62a991a18b377/spring-webmvc-4.3.7.RELEASE.jar, file:/C:/Users/ChristianFV/.gradle/caches/modules-2/files-2.1/org.springframework.boot/spring-boot-test/1.5.2.RELEASE/7dcdee8bc720b379d6072c742e2a48ccbb00aa09/spring-boot-test-1.5.2.RELEASE.jar, file:/C:/Users/ChristianFV/.gradle/caches/modules-2/files-2.1/org.springframework.boot/spring-boot-test-autoconfigure/1.5.2.RELEASE/5fb69965871626aea437c0d676d3be6186d2415d/spring-boot-test-autoconfigure-1.5.2.RELEASE.jar, file:/C:/Users/ChristianFV/.gradle/caches/modules-2/files-2.1/com.jayway.jsonpath/json-path/2.2.0/22290d17944bd239fabf5ac69005a60a7ecbbbcb/json-path-2.2.0.jar, file:/C:/Users/ChristianFV/.gradle/caches/modules-2/files-2.1/org.assertj/assertj-core/2.6.0/b532c3fc4f66bcfee4989a3514f1cd56203a33ad/assertj-core-2.6.0.jar, file:/C:/Users/ChristianFV/.gradle/caches/modules-2/files-2.1/org.mockito/mockito-core/1.10.19/e8546f5bef4e061d8dd73895b4e8f40e3fe6effe/mockito-core-1.10.19.jar, file:/C:/Users/ChristianFV/.gradle/caches/modules-2/files-2.1/org.hamcrest/hamcrest-core/1.3/42a25dc3219429f0e5d060061f71acb49bf010a0/hamcrest-core-1.3.jar, file:/C:/Users/ChristianFV/.gradle/caches/modules-2/files-2.1/org.hamcrest/hamcrest-library/1.3/4785a3c21320980282f9f33d0d1264a69040538f/hamcrest-library-1.3.jar, file:/C:/Users/ChristianFV/.gradle/caches/modules-2/files-2.1/org.skyscreamer/jsonassert/1.4.0/9cdbb373a06f6513e51e8c545ee6a5e981463edb/jsonassert-1.4.0.jar, file:/C:/Users/ChristianFV/.gradle/caches/modules-2/files-2.1/org.springframework/spring-core/4.3.7.RELEASE/54fa2db94cc7222edc90ec71354e47cd1dc07f7b/spring-core-4.3.7.RELEASE.jar, file:/C:/Users/ChristianFV/.gradle/caches/modules-2/files-2.1/org.springframework/spring-test/4.3.7.RELEASE/480fc4673b53daa1993eb1940711828ebf35807b/spring-test-4.3.7.RELEASE.jar, file:/C:/Users/ChristianFV/.gradle/caches/modules-2/files-2.1/org.springframework.boot/spring-boot-starter-aop/1.5.2.RELEASE/9a21295c00a62bfaaa930ba5f7909fe26eea2562/spring-boot-starter-aop-1.5.2.RELEASE.jar, file:/C:/Users/ChristianFV/.gradle/caches/modules-2/files-2.1/org.springframework.boot/spring-boot-starter-jdbc/1.5.2.RELEASE/bf431678f6e201fadac9b06f4627358c1554d4e0/spring-boot-starter-jdbc-1.5.2.RELEASE.jar, file:/C:/Users/ChristianFV/.gradle/caches/modules-2/files-2.1/org.hibernate/hibernate-core/5.0.12.Final/e58bf1c660e6706d8e2cbb53bae110f574366102/hibernate-core-5.0.12.Final.jar, file:/C:/Users/ChristianFV/.gradle/caches/modules-2/files-2.1/org.hibernate/hibernate-entitymanager/5.0.12.Final/302a526f5058290e9cbd719a5caf9f248d344719/hibernate-entitymanager-5.0.12.Final.jar, file:/C:/Users/ChristianFV/.gradle/caches/modules-2/files-2.1/javax.transaction/javax.transaction-api/1.2/d81aff979d603edd90dcd8db2abc1f4ce6479e3e/javax.transaction-api-1.2.jar, file:/C:/Users/ChristianFV/.gradle/caches/modules-2/files-2.1/org.springframework.data/spring-data-jpa/1.11.1.RELEASE/fa362aecd78883991f57a5d64e19f34b57a2c34d/spring-data-jpa-1.11.1.RELEASE.jar, file:/C:/Users/ChristianFV/.gradle/caches/modules-2/files-2.1/org.springframework/spring-aspects/4.3.7.RELEASE/fa0671826a42f6bac5145ffbc78075493dcb4e8b/spring-aspects-4.3.7.RELEASE.jar, file:/C:/Users/ChristianFV/.gradle/caches/modules-2/files-2.1/org.springframework/spring-aop/4.3.7.RELEASE/3f243d685e4a8a78a0c291445c6d85560ec4d339/spring-aop-4.3.7.RELEASE.jar, file:/C:/Users/ChristianFV/.gradle/caches/modules-2/files-2.1/org.springframework.security/spring-security-config/4.2.2.RELEASE/1129e18946a6af408f96e4e0c42c4313f6e191b4/spring-security-config-4.2.2.RELEASE.jar, file:/C:/Users/ChristianFV/.gradle/caches/modules-2/files-2.1/org.springframework.security/spring-security-web/4.2.2.RELEASE/632c66fc1c826748f64867689c6688765db593c9/spring-security-web-4.2.2.RELEASE.jar, file:/C:/Users/ChristianFV/.gradle/caches/modules-2/files-2.1/org.springframework/spring-context/4.3.7.RELEASE/34b66b0b7910122ef95ba4fff6da9238ef80a5de/spring-context-4.3.7.RELEASE.jar, file:/C:/Users/ChristianFV/.gradle/caches/modules-2/files-2.1/org.springframework/spring-context-support/4.3.7.RELEASE/7e48f8daf207c06cf0229889a456073832359742/spring-context-support-4.3.7.RELEASE.jar, file:/C:/Users/ChristianFV/.gradle/caches/modules-2/files-2.1/com.sun.mail/javax.mail/1.5.6/ab5daef2f881c42c8e280cbe918ec4d7fdfd7efe/javax.mail-1.5.6.jar, file:/C:/Users/ChristianFV/.gradle/caches/modules-2/files-2.1/org.slf4j/slf4j-api/1.7.24/3f6b4bd4f8dbe8d4bea06d107a3826469b85c3e9/slf4j-api-1.7.24.jar, file:/C:/Users/ChristianFV/.gradle/caches/modules-2/files-2.1/commons-collections/commons-collections/3.2.2/8ad72fe39fa8c91eaaf12aadb21e0c3661fe26d5/commons-collections-3.2.2.jar, file:/C:/Users/ChristianFV/.gradle/caches/modules-2/files-2.1/org.apache.poi/poi-ooxml/3.11/e87975291fbb65888468b09fda2cf00e2996c2a0/poi-ooxml-3.11.jar, file:/C:/Users/ChristianFV/.gradle/caches/modules-2/files-2.1/org.thymeleaf/thymeleaf/2.1.5.RELEASE/513bffa3daaac277460c1a0a2dccb228fa40569e/thymeleaf-2.1.5.RELEASE.jar, file:/C:/Users/ChristianFV/.gradle/caches/modules-2/files-2.1/com.google.code.findbugs/jsr305/1.3.9/40719ea6961c0cb6afaeb6a921eaa1f6afd4cfdf/jsr305-1.3.9.jar, file:/C:/Users/ChristianFV/.gradle/caches/modules-2/files-2.1/org.springframework.boot/spring-boot/1.5.2.RELEASE/46bb5d8c9ab5d3ef9e158ca5906ee7d3569befc1/spring-boot-1.5.2.RELEASE.jar, file:/C:/Users/ChristianFV/.gradle/caches/modules-2/files-2.1/org.springframework.boot/spring-boot-autoconfigure/1.5.2.RELEASE/8a9b8c747bc2c86eefde10330cb2984541bcb9d1/spring-boot-autoconfigure-1.5.2.RELEASE.jar, file:/C:/Users/ChristianFV/.gradle/caches/modules-2/files-2.1/org.springframework.boot/spring-boot-starter-logging/1.5.2.RELEASE/32210889e1f9bb09ac134b9f43a117ed62f0bed2/spring-boot-starter-logging-1.5.2.RELEASE.jar, file:/C:/Users/ChristianFV/.gradle/caches/modules-2/files-2.1/org.yaml/snakeyaml/1.17/7a27ea250c5130b2922b86dea63cbb1cc10a660c/snakeyaml-1.17.jar, file:/C:/Users/ChristianFV/.gradle/caches/modules-2/files-2.1/org.apache.tomcat.embed/tomcat-embed-core/8.5.11/72761f51fc7cef3ee19d4aafc7adc605df9f611f/tomcat-embed-core-8.5.11.jar, file:/C:/Users/ChristianFV/.gradle/caches/modules-2/files-2.1/org.apache.tomcat.embed/tomcat-embed-el/8.5.11/60253815b897166903bf5ec41219c5bb15333a69/tomcat-embed-el-8.5.11.jar, file:/C:/Users/ChristianFV/.gradle/caches/modules-2/files-2.1/org.apache.tomcat.embed/tomcat-embed-websocket/8.5.11/dfa65e7857d46630761c0571758a56f7cbd1e9ba/tomcat-embed-websocket-8.5.11.jar, file:/C:/Users/ChristianFV/.gradle/caches/modules-2/files-2.1/javax.validation/validation-api/1.1.0.Final/8613ae82954779d518631e05daa73a6a954817d5/validation-api-1.1.0.Final.jar, file:/C:/Users/ChristianFV/.gradle/caches/modules-2/files-2.1/org.jboss.logging/jboss-logging/3.3.0.Final/3616bb87707910296e2c195dc016287080bba5af/jboss-logging-3.3.0.Final.jar, file:/C:/Users/ChristianFV/.gradle/caches/modules-2/files-2.1/com.fasterxml/classmate/1.3.3/864c8e370a691e343210cc7c532fc198cee460d8/classmate-1.3.3.jar, file:/C:/Users/ChristianFV/.gradle/caches/modules-2/files-2.1/com.fasterxml.jackson.core/jackson-annotations/2.8.0/45b426f7796b741035581a176744d91090e2e6fb/jackson-annotations-2.8.0.jar, file:/C:/Users/ChristianFV/.gradle/caches/modules-2/files-2.1/com.fasterxml.jackson.core/jackson-core/2.8.7/8b46f39c78476fb848c81a49fa807a9e9506dddd/jackson-core-2.8.7.jar, file:/C:/Users/ChristianFV/.gradle/caches/modules-2/files-2.1/org.springframework/spring-beans/4.3.7.RELEASE/2de9f59f3202965438f3a02057d6ad8274636044/spring-beans-4.3.7.RELEASE.jar, file:/C:/Users/ChristianFV/.gradle/caches/modules-2/files-2.1/org.springframework/spring-expression/4.3.7.RELEASE/5257b6486e43d8c05674323fea5b415d4da72f38/spring-expression-4.3.7.RELEASE.jar, file:/C:/Users/ChristianFV/.gradle/caches/modules-2/files-2.1/net.minidev/json-smart/2.2.1/5b9e5df7a62d1279b70dc882b041d249c4f0b002/json-smart-2.2.1.jar, file:/C:/Users/ChristianFV/.gradle/caches/modules-2/files-2.1/org.objenesis/objenesis/2.1/87c0ea803b69252868d09308b4618f766f135a96/objenesis-2.1.jar, file:/C:/Users/ChristianFV/.gradle/caches/modules-2/files-2.1/com.vaadin.external.google/android-json/0.0.20131108.vaadin1/fa26d351fe62a6a17f5cda1287c1c6110dec413f/android-json-0.0.20131108.vaadin1.jar, file:/C:/Users/ChristianFV/.gradle/caches/modules-2/files-2.1/org.aspectj/aspectjweaver/1.8.9/db28774f477f07220eac18d5ec9c4e01f48589d7/aspectjweaver-1.8.9.jar, file:/C:/Users/ChristianFV/.gradle/caches/modules-2/files-2.1/org.apache.tomcat/tomcat-jdbc/8.5.11/4d156969f12963b5f9232e9fe68ab710c3318ad5/tomcat-jdbc-8.5.11.jar, file:/C:/Users/ChristianFV/.gradle/caches/modules-2/files-2.1/org.springframework/spring-jdbc/4.3.7.RELEASE/305c8db0f9552948aec093528cd01393cc98a646/spring-jdbc-4.3.7.RELEASE.jar, file:/C:/Users/ChristianFV/.gradle/caches/modules-2/files-2.1/org.hibernate.javax.persistence/hibernate-jpa-2.1-api/1.0.0.Final/5e731d961297e5a07290bfaf3db1fbc8bbbf405a/hibernate-jpa-2.1-api-1.0.0.Final.jar, file:/C:/Users/ChristianFV/.gradle/caches/modules-2/files-2.1/org.javassist/javassist/3.21.0-GA/598244f595db5c5fb713731eddbb1c91a58d959b/javassist-3.21.0-GA.jar, file:/C:/Users/ChristianFV/.gradle/caches/modules-2/files-2.1/antlr/antlr/2.7.7/83cd2cd674a217ade95a4bb83a8a14f351f48bd0/antlr-2.7.7.jar, file:/C:/Users/ChristianFV/.gradle/caches/modules-2/files-2.1/org.jboss/jandex/2.0.0.Final/3e899258936f94649c777193e1be846387ed54b3/jandex-2.0.0.Final.jar, file:/C:/Users/ChristianFV/.gradle/caches/modules-2/files-2.1/dom4j/dom4j/1.6.1/5d3ccc056b6f056dbf0dddfdf43894b9065a8f94/dom4j-1.6.1.jar, file:/C:/Users/ChristianFV/.gradle/caches/modules-2/files-2.1/org.hibernate.common/hibernate-commons-annotations/5.0.1.Final/71e1cff3fcb20d3b3af4f3363c3ddb24d33c6879/hibernate-commons-annotations-5.0.1.Final.jar, file:/C:/Users/ChristianFV/.gradle/caches/modules-2/files-2.1/org.springframework.data/spring-data-commons/1.13.1.RELEASE/4e4257f2eb3f191613b4b000d43e8d0c3ff4457e/spring-data-commons-1.13.1.RELEASE.jar, file:/C:/Users/ChristianFV/.gradle/caches/modules-2/files-2.1/org.springframework/spring-orm/4.3.7.RELEASE/d9b193994609086ea1f067af07e0af5f53303d92/spring-orm-4.3.7.RELEASE.jar, file:/C:/Users/ChristianFV/.gradle/caches/modules-2/files-2.1/org.springframework/spring-tx/4.3.7.RELEASE/b761cc783e49b5aa998ac63a721495a9f0f69f9c/spring-tx-4.3.7.RELEASE.jar, file:/C:/Users/ChristianFV/.gradle/caches/modules-2/files-2.1/org.slf4j/jcl-over-slf4j/1.7.24/e6a8629079856a2aa7862c6327ccf6dd1988d7fc/jcl-over-slf4j-1.7.24.jar, file:/C:/Users/ChristianFV/.gradle/caches/modules-2/files-2.1/org.springframework.security/spring-security-core/4.2.2.RELEASE/b4797b71d9f7d1a4b76b5d095ac20868369a8c31/spring-security-core-4.2.2.RELEASE.jar, file:/C:/Users/ChristianFV/.gradle/caches/modules-2/files-2.1/javax.activation/activation/1.1/e6cb541461c2834bdea3eb920f1884d1eb508b50/activation-1.1.jar, file:/C:/Users/ChristianFV/.gradle/caches/modules-2/files-2.1/org.apache.poi/poi/3.11/51058d9db469437a5ed0aa508e7de8937019e1d9/poi-3.11.jar, file:/C:/Users/ChristianFV/.gradle/caches/modules-2/files-2.1/org.apache.poi/poi-ooxml-schemas/3.11/4f015e9125a65351a2e1d27c1f8c6af0ff4a34c8/poi-ooxml-schemas-3.11.jar, file:/C:/Users/ChristianFV/.gradle/caches/modules-2/files-2.1/ognl/ognl/3.0.8/37e1aebfde7eb7baebc9ad4f85116ef9009c5fc5/ognl-3.0.8.jar, file:/C:/Users/ChristianFV/.gradle/caches/modules-2/files-2.1/org.unbescape/unbescape/1.1.0.RELEASE/ab0db4fe0a6fa89fb8da2a40008a4e63a7f3f5b9/unbescape-1.1.0.RELEASE.jar, file:/C:/Users/ChristianFV/.gradle/caches/modules-2/files-2.1/ch.qos.logback/logback-classic/1.1.11/ccedfbacef4a6515d2983e3f89ed753d5d4fb665/logback-classic-1.1.11.jar, file:/C:/Users/ChristianFV/.gradle/caches/modules-2/files-2.1/org.slf4j/jul-to-slf4j/1.7.24/25a2be668cb2ad1d05d76c0773df73b4b53617fd/jul-to-slf4j-1.7.24.jar, file:/C:/Users/ChristianFV/.gradle/caches/modules-2/files-2.1/org.slf4j/log4j-over-slf4j/1.7.24/6ab46c51a3848286a0db3ba7b22037b3834c3c44/log4j-over-slf4j-1.7.24.jar, file:/C:/Users/ChristianFV/.gradle/caches/modules-2/files-2.1/net.minidev/accessors-smart/1.1/a527213f2fea112a04c9bdf0ec0264e34104cd08/accessors-smart-1.1.jar, file:/C:/Users/ChristianFV/.gradle/caches/modules-2/files-2.1/org.apache.tomcat/tomcat-juli/8.5.11/fa0b261ce002175b65ebb6ae8eb4345cb7e57da3/tomcat-juli-8.5.11.jar, file:/C:/Users/ChristianFV/.gradle/caches/modules-2/files-2.1/commons-codec/commons-codec/1.10/4b95f4897fa13f2cd904aee711aeafc0c5295cd8/commons-codec-1.10.jar, file:/C:/Users/ChristianFV/.gradle/caches/modules-2/files-2.1/org.apache.xmlbeans/xmlbeans/2.6.0/29e80d2dd51f9dcdef8f9ffaee0d4dc1c9bbfc87/xmlbeans-2.6.0.jar, file:/C:/Users/ChristianFV/.gradle/caches/modules-2/files-2.1/ch.qos.logback/logback-core/1.1.11/88b8df40340eed549fb07e2613879bf6b006704d/logback-core-1.1.11.jar, file:/C:/Users/ChristianFV/.gradle/caches/modules-2/files-2.1/org.ow2.asm/asm/5.0.3/dcc2193db20e19e1feca8b1240dbbc4e190824fa/asm-5.0.3.jar, file:/C:/Users/ChristianFV/.gradle/caches/modules-2/files-2.1/stax/stax-api/1.0.1/49c100caf72d658aca8e58bd74a4ba90fa2b0d70/stax-api-1.0.1.jar, file:/C:/Users/ChristianFV/.gradle/caches/modules-2/files-2.1/net.sourceforge.cobertura/cobertura/2.1.1/eab984794b3f7d0d37736a9e5b7f790128f611b5/cobertura-2.1.1.jar, file:/C:/Users/ChristianFV/.gradle/caches/modules-2/files-2.1/org.ow2.asm/asm/5.0.1/2fd56467a018aafe6ec6a73ccba520be4a7e1565/asm-5.0.1.jar, file:/C:/Users/ChristianFV/.gradle/caches/modules-2/files-2.1/org.ow2.asm/asm-tree/5.0.1/1b1e6e9d869acd704056d0a4223071a511c619e6/asm-tree-5.0.1.jar, file:/C:/Users/ChristianFV/.gradle/caches/modules-2/files-2.1/org.ow2.asm/asm-commons/5.0.1/7b7147a390a93a14d2edfdcf3f7b0e87a0939c3e/asm-commons-5.0.1.jar, file:/C:/Users/ChristianFV/.gradle/caches/modules-2/files-2.1/org.ow2.asm/asm-util/5.0.1/7c8caddfbd0b2d7b844f8fcc75175b9cb9cf4724/asm-util-5.0.1.jar, file:/C:/Users/ChristianFV/.gradle/caches/modules-2/files-2.1/org.ow2.asm/asm-analysis/5.0.1/e286fbee48efacb4e7c175f7948d9d8b2ab52352/asm-analysis-5.0.1.jar, file:/C:/Users/ChristianFV/.gradle/caches/modules-2/files-2.1/oro/oro/2.0.8/5592374f834645c4ae250f4c9fbb314c9369d698/oro-2.0.8.jar, file:/C:/Users/ChristianFV/.gradle/caches/modules-2/files-2.1/jaxen/jaxen/1.1.6/3f8c36d9a0578e8e98f030c662b69888b1430ac0/jaxen-1.1.6.jar, file:/C:/Users/ChristianFV/.gradle/caches/modules-2/files-2.1/org.apache.ant/ant/1.8.3/77c746ecab048b9839c7a8e39e55fe8636c5b11/ant-1.8.3.jar, file:/C:/Users/ChristianFV/.gradle/caches/modules-2/files-2.1/org.apache.ant/ant-junit/1.8.3/9f77eec4e103241602fb0cdd97b3ec3237e0bd9/ant-junit-1.8.3.jar, file:/C:/Users/ChristianFV/.gradle/caches/modules-2/files-2.1/org.mortbay.jetty/servlet-api-2.5/6.1.14/5f07601ab7d7c85dd9e38a17c0e1b0edfbd4a191/servlet-api-2.5-6.1.14.jar, file:/C:/Users/ChristianFV/.gradle/caches/modules-2/files-2.1/org.mortbay.jetty/jetty/6.1.14/5ded67b609e59c27e82ff61b510773d28c9bef56/jetty-6.1.14.jar, file:/C:/Users/ChristianFV/.gradle/caches/modules-2/files-2.1/org.mortbay.jetty/jetty-util/6.1.14/1b707d5884e35c9b97114a24aa9ee94ca531fa21/jetty-util-6.1.14.jar, file:/C:/Users/ChristianFV/.gradle/caches/modules-2/files-2.1/org.apache.commons/commons-lang3/3.3.2/90a3822c38ec8c996e84c16a3477ef632cbc87a3/commons-lang3-3.3.2.jar, file:/C:/Users/ChristianFV/.gradle/caches/modules-2/files-2.1/org.apache.ant/ant-launcher/1.8.3/a22bcf9438c41828b04c13b052c4886606abac2/ant-launcher-1.8.3.jar]
[DEBUG] Could not find key 'context.listener.classes' in any property source
[DEBUG] Could not find key 'banner.image.location' in any property source
[DEBUG] Could not find key 'banner.location' in any property source

  .   ____          _            __ _ _
 /\\ / ___'_ __ _ _(_)_ __  __ _ \ \ \ \
( ( )\___ | '_ | '_| | '_ \/ _` | \ \ \ \
 \\/  ___)| |_)| | | | | || (_| |  ) ) ) )
  '  |____| .__|_| |_|_| |_\__, | / / / /
 =========|_|==============|___/=/_/_/_/
 :: Spring Boot ::        (v1.5.2.RELEASE)

[DEBUG] Could not find key 'context.initializer.classes' in any property source
[DEBUG] Could not find key 'spring.config.name:application' in any property source
[DEBUG] Could not find key 'spring.config.name' in any property source
[DEBUG] Could not find key 'vcap.application.name:application' in any property source
[DEBUG] Could not find key 'vcap.application.name' in any property source
[DEBUG] Could not find key 'spring.application.name:application' in any property source
[DEBUG] Could not find key 'spring.application.name' in any property source
[DEBUG] Could not find key 'PORT:null' in any property source
[DEBUG] Could not find key 'PORT' in any property source
[DEBUG] Could not find key 'server.port:null' in any property source
[DEBUG] Found key 'server.port' in [Inlined Test Properties] with type [String]
[DEBUG] Could not find key 'spring.application.index:-1' in any property source
[DEBUG] Could not find key 'spring.application.index' in any property source
[DEBUG] Could not find key 'vcap.application.instance_index:-1' in any property source
[DEBUG] Could not find key 'vcap.application.instance_index' in any property source
[DEBUG] Could not find key 'spring.profiles.active' in any property source
[DEBUG] Found javax.persistence.Persistence on classpath containing 'getPersistenceUtil'. Assuming JPA 2 environment. Trying to instantiate JPA aware TraversableResolver
[DEBUG] Instantiated JPA aware TraversableResolver of type org.hibernate.validator.internal.engine.resolver.JPATraversableResolver.
[DEBUG] Returning cached instance of singleton bean 'autoConfigurationReport'
[INFO] Starting DBUnitDataTest on Christian-FV with PID 9572 (started by ChristianFV in C:\Users\ChristianFV\Documents\workspace-sts-3.8.3.RELEASE\SistemaReservaciones)
[DEBUG] Running with Spring Boot v1.5.2.RELEASE, Spring v4.3.7.RELEASE
[DEBUG] Could not find key 'spring.profiles.active' in any property source
[DEBUG] Could not find key 'spring.profiles.default' in any property source
[INFO] No active profile set, falling back to default profiles: default
[DEBUG] Loading source class mx.com.restaurante.Application
[DEBUG] JSR-250 'javax.annotation.ManagedBean' found and supported for component scanning
[DEBUG] Loaded config file 'file:/C:/Users/ChristianFV/Documents/workspace-sts-3.8.3.RELEASE/SistemaReservaciones/build/resources/main/application.properties' (classpath:/application.properties)
[DEBUG] Skipped (empty) config file 'file:/C:/Users/ChristianFV/Documents/workspace-sts-3.8.3.RELEASE/SistemaReservaciones/build/resources/main/application.properties' (classpath:/application.properties) for profile default
[INFO] Refreshing org.springframework.web.context.support.GenericWebApplicationContext@4e187cd6: startup date [Fri Jun 09 11:30:24 CDT 2017]; root of context hierarchy
[DEBUG] Bean factory for org.springframework.web.context.support.GenericWebApplicationContext@4e187cd6: org.springframework.beans.factory.support.DefaultListableBeanFactory@7074d98f: defining beans [org.springframework.boot.test.mock.mockito.MockitoPostProcessor$SpyPostProcessor,org.springframework.boot.test.mock.mockito.MockitoPostProcessor,org.springframework.context.annotation.internalConfigurationAnnotationProcessor,org.springframework.context.annotation.internalAutowiredAnnotationProcessor,org.springframework.context.annotation.internalRequiredAnnotationProcessor,org.springframework.context.annotation.internalCommonAnnotationProcessor,org.springframework.context.annotation.internalPersistenceAnnotationProcessor,org.springframework.context.event.internalEventListenerProcessor,org.springframework.context.event.internalEventListenerFactory,application]; root of factory hierarchy
[DEBUG] Registering scope 'request' with implementation [org.springframework.web.context.request.RequestScope@6e8a2415]
[DEBUG] Registering scope 'session' with implementation [org.springframework.web.context.request.SessionScope@76bd56e4]
[DEBUG] Registering scope 'globalSession' with implementation [org.springframework.web.context.request.SessionScope@2053411d]
[DEBUG] Registering scope 'application' with implementation [org.springframework.web.context.support.ServletContextScope@3ed6e8f9]
[DEBUG] Creating shared instance of singleton bean 'org.springframework.context.annotation.internalConfigurationAnnotationProcessor'
[DEBUG] Creating instance of bean 'org.springframework.context.annotation.internalConfigurationAnnotationProcessor'
[DEBUG] Eagerly caching bean 'org.springframework.context.annotation.internalConfigurationAnnotationProcessor' to allow for resolving potential circular references
[DEBUG] Creating shared instance of singleton bean 'org.springframework.boot.autoconfigure.internalCachingMetadataReaderFactory'
[DEBUG] Creating instance of bean 'org.springframework.boot.autoconfigure.internalCachingMetadataReaderFactory'
[DEBUG] Eagerly caching bean 'org.springframework.boot.autoconfigure.internalCachingMetadataReaderFactory' to allow for resolving potential circular references
[DEBUG] Finished creating instance of bean 'org.springframework.boot.autoconfigure.internalCachingMetadataReaderFactory'
[DEBUG] Finished creating instance of bean 'org.springframework.context.annotation.internalConfigurationAnnotationProcessor'
[DEBUG] JSR-250 'javax.annotation.ManagedBean' found and supported for component scanning
[DEBUG] Resolved classpath location [mx/com/restaurante/] to resources [URL [file:/C:/Users/ChristianFV/Documents/workspace-sts-3.8.3.RELEASE/SistemaReservaciones/build/instrumented_classes/mx/com/restaurante/], URL [file:/C:/Users/ChristianFV/Documents/workspace-sts-3.8.3.RELEASE/SistemaReservaciones/build/classes/test/mx/com/restaurante/], URL [file:/C:/Users/ChristianFV/Documents/workspace-sts-3.8.3.RELEASE/SistemaReservaciones/build/classes/main/mx/com/restaurante/]]
[DEBUG] Looking for matching resources in directory tree [C:\Users\ChristianFV\Documents\workspace-sts-3.8.3.RELEASE\SistemaReservaciones\build\instrumented_classes\mx\com\restaurante]
[DEBUG] Searching directory [C:\Users\ChristianFV\Documents\workspace-sts-3.8.3.RELEASE\SistemaReservaciones\build\instrumented_classes\mx\com\restaurante] for files matching pattern [C:/Users/ChristianFV/Documents/workspace-sts-3.8.3.RELEASE/SistemaReservaciones/build/instrumented_classes/mx/com/restaurante/**/*.class]
[DEBUG] Searching directory [C:\Users\ChristianFV\Documents\workspace-sts-3.8.3.RELEASE\SistemaReservaciones\build\instrumented_classes\mx\com\restaurante\controller] for files matching pattern [C:/Users/ChristianFV/Documents/workspace-sts-3.8.3.RELEASE/SistemaReservaciones/build/instrumented_classes/mx/com/restaurante/**/*.class]
[DEBUG] Searching directory [C:\Users\ChristianFV\Documents\workspace-sts-3.8.3.RELEASE\SistemaReservaciones\build\instrumented_classes\mx\com\restaurante\domain] for files matching pattern [C:/Users/ChristianFV/Documents/workspace-sts-3.8.3.RELEASE/SistemaReservaciones/build/instrumented_classes/mx/com/restaurante/**/*.class]
[DEBUG] Searching directory [C:\Users\ChristianFV\Documents\workspace-sts-3.8.3.RELEASE\SistemaReservaciones\build\instrumented_classes\mx\com\restaurante\domain\repository] for files matching pattern [C:/Users/ChristianFV/Documents/workspace-sts-3.8.3.RELEASE/SistemaReservaciones/build/instrumented_classes/mx/com/restaurante/**/*.class]
[DEBUG] Searching directory [C:\Users\ChristianFV\Documents\workspace-sts-3.8.3.RELEASE\SistemaReservaciones\build\instrumented_classes\mx\com\restaurante\service] for files matching pattern [C:/Users/ChristianFV/Documents/workspace-sts-3.8.3.RELEASE/SistemaReservaciones/build/instrumented_classes/mx/com/restaurante/**/*.class]
[DEBUG] Searching directory [C:\Users\ChristianFV\Documents\workspace-sts-3.8.3.RELEASE\SistemaReservaciones\build\instrumented_classes\mx\com\restaurante\service\impl] for files matching pattern [C:/Users/ChristianFV/Documents/workspace-sts-3.8.3.RELEASE/SistemaReservaciones/build/instrumented_classes/mx/com/restaurante/**/*.class]
[DEBUG] Searching directory [C:\Users\ChristianFV\Documents\workspace-sts-3.8.3.RELEASE\SistemaReservaciones\build\instrumented_classes\mx\com\restaurante\util] for files matching pattern [C:/Users/ChristianFV/Documents/workspace-sts-3.8.3.RELEASE/SistemaReservaciones/build/instrumented_classes/mx/com/restaurante/**/*.class]
[DEBUG] Looking for matching resources in directory tree [C:\Users\ChristianFV\Documents\workspace-sts-3.8.3.RELEASE\SistemaReservaciones\build\classes\test\mx\com\restaurante]
[DEBUG] Searching directory [C:\Users\ChristianFV\Documents\workspace-sts-3.8.3.RELEASE\SistemaReservaciones\build\classes\test\mx\com\restaurante] for files matching pattern [C:/Users/ChristianFV/Documents/workspace-sts-3.8.3.RELEASE/SistemaReservaciones/build/classes/test/mx/com/restaurante/**/*.class]
[DEBUG] Searching directory [C:\Users\ChristianFV\Documents\workspace-sts-3.8.3.RELEASE\SistemaReservaciones\build\classes\test\mx\com\restaurante\test] for files matching pattern [C:/Users/ChristianFV/Documents/workspace-sts-3.8.3.RELEASE/SistemaReservaciones/build/classes/test/mx/com/restaurante/**/*.class]
[DEBUG] Searching directory [C:\Users\ChristianFV\Documents\workspace-sts-3.8.3.RELEASE\SistemaReservaciones\build\classes\test\mx\com\restaurante\test\controller] for files matching pattern [C:/Users/ChristianFV/Documents/workspace-sts-3.8.3.RELEASE/SistemaReservaciones/build/classes/test/mx/com/restaurante/**/*.class]
[DEBUG] Searching directory [C:\Users\ChristianFV\Documents\workspace-sts-3.8.3.RELEASE\SistemaReservaciones\build\classes\test\mx\com\restaurante\test\domain] for files matching pattern [C:/Users/ChristianFV/Documents/workspace-sts-3.8.3.RELEASE/SistemaReservaciones/build/classes/test/mx/com/restaurante/**/*.class]
[DEBUG] Searching directory [C:\Users\ChristianFV\Documents\workspace-sts-3.8.3.RELEASE\SistemaReservaciones\build\classes\test\mx\com\restaurante\test\service] for files matching pattern [C:/Users/ChristianFV/Documents/workspace-sts-3.8.3.RELEASE/SistemaReservaciones/build/classes/test/mx/com/restaurante/**/*.class]
[DEBUG] Looking for matching resources in directory tree [C:\Users\ChristianFV\Documents\workspace-sts-3.8.3.RELEASE\SistemaReservaciones\build\classes\main\mx\com\restaurante]
[DEBUG] Searching directory [C:\Users\ChristianFV\Documents\workspace-sts-3.8.3.RELEASE\SistemaReservaciones\build\classes\main\mx\com\restaurante] for files matching pattern [C:/Users/ChristianFV/Documents/workspace-sts-3.8.3.RELEASE/SistemaReservaciones/build/classes/main/mx/com/restaurante/**/*.class]
[DEBUG] Searching directory [C:\Users\ChristianFV\Documents\workspace-sts-3.8.3.RELEASE\SistemaReservaciones\build\classes\main\mx\com\restaurante\controller] for files matching pattern [C:/Users/ChristianFV/Documents/workspace-sts-3.8.3.RELEASE/SistemaReservaciones/build/classes/main/mx/com/restaurante/**/*.class]
[DEBUG] Searching directory [C:\Users\ChristianFV\Documents\workspace-sts-3.8.3.RELEASE\SistemaReservaciones\build\classes\main\mx\com\restaurante\domain] for files matching pattern [C:/Users/ChristianFV/Documents/workspace-sts-3.8.3.RELEASE/SistemaReservaciones/build/classes/main/mx/com/restaurante/**/*.class]
[DEBUG] Searching directory [C:\Users\ChristianFV\Documents\workspace-sts-3.8.3.RELEASE\SistemaReservaciones\build\classes\main\mx\com\restaurante\domain\repository] for files matching pattern [C:/Users/ChristianFV/Documents/workspace-sts-3.8.3.RELEASE/SistemaReservaciones/build/classes/main/mx/com/restaurante/**/*.class]
[DEBUG] Searching directory [C:\Users\ChristianFV\Documents\workspace-sts-3.8.3.RELEASE\SistemaReservaciones\build\classes\main\mx\com\restaurante\service] for files matching pattern [C:/Users/ChristianFV/Documents/workspace-sts-3.8.3.RELEASE/SistemaReservaciones/build/classes/main/mx/com/restaurante/**/*.class]
[DEBUG] Searching directory [C:\Users\ChristianFV\Documents\workspace-sts-3.8.3.RELEASE\SistemaReservaciones\build\classes\main\mx\com\restaurante\service\impl] for files matching pattern [C:/Users/ChristianFV/Documents/workspace-sts-3.8.3.RELEASE/SistemaReservaciones/build/classes/main/mx/com/restaurante/**/*.class]
[DEBUG] Searching directory [C:\Users\ChristianFV\Documents\workspace-sts-3.8.3.RELEASE\SistemaReservaciones\build\classes\main\mx\com\restaurante\util] for files matching pattern [C:/Users/ChristianFV/Documents/workspace-sts-3.8.3.RELEASE/SistemaReservaciones/build/classes/main/mx/com/restaurante/**/*.class]
[DEBUG] Resolved location pattern [classpath*:mx/com/restaurante/**/*.class] to resources [file [C:\Users\ChristianFV\Documents\workspace-sts-3.8.3.RELEASE\SistemaReservaciones\build\instrumented_classes\mx\com\restaurante\Application.class], file [C:\Users\ChristianFV\Documents\workspace-sts-3.8.3.RELEASE\SistemaReservaciones\build\instrumented_classes\mx\com\restaurante\controller\ClienteController.class], file [C:\Users\ChristianFV\Documents\workspace-sts-3.8.3.RELEASE\SistemaReservaciones\build\instrumented_classes\mx\com\restaurante\controller\LoginController.class], file [C:\Users\ChristianFV\Documents\workspace-sts-3.8.3.RELEASE\SistemaReservaciones\build\instrumented_classes\mx\com\restaurante\controller\ReservacionController.class], file [C:\Users\ChristianFV\Documents\workspace-sts-3.8.3.RELEASE\SistemaReservaciones\build\instrumented_classes\mx\com\restaurante\domain\Cliente.class], file [C:\Users\ChristianFV\Documents\workspace-sts-3.8.3.RELEASE\SistemaReservaciones\build\instrumented_classes\mx\com\restaurante\domain\repository\ClienteRepository.class], file [C:\Users\ChristianFV\Documents\workspace-sts-3.8.3.RELEASE\SistemaReservaciones\build\instrumented_classes\mx\com\restaurante\domain\repository\ReservacionRepository.class], file [C:\Users\ChristianFV\Documents\workspace-sts-3.8.3.RELEASE\SistemaReservaciones\build\instrumented_classes\mx\com\restaurante\domain\Reservacion.class], file [C:\Users\ChristianFV\Documents\workspace-sts-3.8.3.RELEASE\SistemaReservaciones\build\instrumented_classes\mx\com\restaurante\MailConfiguration.class], file [C:\Users\ChristianFV\Documents\workspace-sts-3.8.3.RELEASE\SistemaReservaciones\build\instrumented_classes\mx\com\restaurante\MvcConfig.class], file [C:\Users\ChristianFV\Documents\workspace-sts-3.8.3.RELEASE\SistemaReservaciones\build\instrumented_classes\mx\com\restaurante\service\ClienteService.class], file [C:\Users\ChristianFV\Documents\workspace-sts-3.8.3.RELEASE\SistemaReservaciones\build\instrumented_classes\mx\com\restaurante\service\impl\ClienteServiceImpl.class], file [C:\Users\ChristianFV\Documents\workspace-sts-3.8.3.RELEASE\SistemaReservaciones\build\instrumented_classes\mx\com\restaurante\service\impl\ReservacionServiceImpl.class], file [C:\Users\ChristianFV\Documents\workspace-sts-3.8.3.RELEASE\SistemaReservaciones\build\instrumented_classes\mx\com\restaurante\service\ReservacionService.class], file [C:\Users\ChristianFV\Documents\workspace-sts-3.8.3.RELEASE\SistemaReservaciones\build\instrumented_classes\mx\com\restaurante\util\DBUnitData.class], file [C:\Users\ChristianFV\Documents\workspace-sts-3.8.3.RELEASE\SistemaReservaciones\build\instrumented_classes\mx\com\restaurante\WebSecurityConfig.class], file [C:\Users\ChristianFV\Documents\workspace-sts-3.8.3.RELEASE\SistemaReservaciones\build\classes\test\mx\com\restaurante\test\controller\ClienteTestController.class], file [C:\Users\ChristianFV\Documents\workspace-sts-3.8.3.RELEASE\SistemaReservaciones\build\classes\test\mx\com\restaurante\test\controller\gestionReservacionTestController.class], file [C:\Users\ChristianFV\Documents\workspace-sts-3.8.3.RELEASE\SistemaReservaciones\build\classes\test\mx\com\restaurante\test\controller\ReservacionTestController.class], file [C:\Users\ChristianFV\Documents\workspace-sts-3.8.3.RELEASE\SistemaReservaciones\build\classes\test\mx\com\restaurante\test\DBUnitDataTest.class], file [C:\Users\ChristianFV\Documents\workspace-sts-3.8.3.RELEASE\SistemaReservaciones\build\classes\test\mx\com\restaurante\test\domain\ClienteDomainTest.class], file [C:\Users\ChristianFV\Documents\workspace-sts-3.8.3.RELEASE\SistemaReservaciones\build\classes\test\mx\com\restaurante\test\service\ClienteServiceTest.class], file [C:\Users\ChristianFV\Documents\workspace-sts-3.8.3.RELEASE\SistemaReservaciones\build\classes\test\mx\com\restaurante\test\service\ReservacionServiceTest.class], file [C:\Users\ChristianFV\Documents\workspace-sts-3.8.3.RELEASE\SistemaReservaciones\build\classes\main\mx\com\restaurante\Application.class], file [C:\Users\ChristianFV\Documents\workspace-sts-3.8.3.RELEASE\SistemaReservaciones\build\classes\main\mx\com\restaurante\controller\ClienteController.class], file [C:\Users\ChristianFV\Documents\workspace-sts-3.8.3.RELEASE\SistemaReservaciones\build\classes\main\mx\com\restaurante\controller\LoginController.class], file [C:\Users\ChristianFV\Documents\workspace-sts-3.8.3.RELEASE\SistemaReservaciones\build\classes\main\mx\com\restaurante\controller\ReservacionController.class], file [C:\Users\ChristianFV\Documents\workspace-sts-3.8.3.RELEASE\SistemaReservaciones\build\classes\main\mx\com\restaurante\domain\Cliente.class], file [C:\Users\ChristianFV\Documents\workspace-sts-3.8.3.RELEASE\SistemaReservaciones\build\classes\main\mx\com\restaurante\domain\repository\ClienteRepository.class], file [C:\Users\ChristianFV\Documents\workspace-sts-3.8.3.RELEASE\SistemaReservaciones\build\classes\main\mx\com\restaurante\domain\repository\ReservacionRepository.class], file [C:\Users\ChristianFV\Documents\workspace-sts-3.8.3.RELEASE\SistemaReservaciones\build\classes\main\mx\com\restaurante\domain\Reservacion.class], file [C:\Users\ChristianFV\Documents\workspace-sts-3.8.3.RELEASE\SistemaReservaciones\build\classes\main\mx\com\restaurante\MailConfiguration.class], file [C:\Users\ChristianFV\Documents\workspace-sts-3.8.3.RELEASE\SistemaReservaciones\build\classes\main\mx\com\restaurante\MvcConfig.class], file [C:\Users\ChristianFV\Documents\workspace-sts-3.8.3.RELEASE\SistemaReservaciones\build\classes\main\mx\com\restaurante\service\ClienteService.class], file [C:\Users\ChristianFV\Documents\workspace-sts-3.8.3.RELEASE\SistemaReservaciones\build\classes\main\mx\com\restaurante\service\impl\ClienteServiceImpl.class], file [C:\Users\ChristianFV\Documents\workspace-sts-3.8.3.RELEASE\SistemaReservaciones\build\classes\main\mx\com\restaurante\service\impl\ReservacionServiceImpl.class], file [C:\Users\ChristianFV\Documents\workspace-sts-3.8.3.RELEASE\SistemaReservaciones\build\classes\main\mx\com\restaurante\service\ReservacionService.class], file [C:\Users\ChristianFV\Documents\workspace-sts-3.8.3.RELEASE\SistemaReservaciones\build\classes\main\mx\com\restaurante\util\DBUnitData.class], file [C:\Users\ChristianFV\Documents\workspace-sts-3.8.3.RELEASE\SistemaReservaciones\build\classes\main\mx\com\restaurante\WebSecurityConfig.class]]
[DEBUG] Returning cached instance of singleton bean 'org.springframework.boot.test.context.filter.TestTypeExcludeFilter'
[DEBUG] Identified candidate component class: file [C:\Users\ChristianFV\Documents\workspace-sts-3.8.3.RELEASE\SistemaReservaciones\build\instrumented_classes\mx\com\restaurante\controller\ClienteController.class]
[DEBUG] Returning cached instance of singleton bean 'org.springframework.boot.test.context.filter.TestTypeExcludeFilter'
[DEBUG] Identified candidate component class: file [C:\Users\ChristianFV\Documents\workspace-sts-3.8.3.RELEASE\SistemaReservaciones\build\instrumented_classes\mx\com\restaurante\controller\LoginController.class]
[DEBUG] Returning cached instance of singleton bean 'org.springframework.boot.test.context.filter.TestTypeExcludeFilter'
[DEBUG] Identified candidate component class: file [C:\Users\ChristianFV\Documents\workspace-sts-3.8.3.RELEASE\SistemaReservaciones\build\instrumented_classes\mx\com\restaurante\controller\ReservacionController.class]
[DEBUG] Returning cached instance of singleton bean 'org.springframework.boot.test.context.filter.TestTypeExcludeFilter'
[DEBUG] Returning cached instance of singleton bean 'org.springframework.boot.test.context.filter.TestTypeExcludeFilter'
[DEBUG] Returning cached instance of singleton bean 'org.springframework.boot.test.context.filter.TestTypeExcludeFilter'
[DEBUG] Returning cached instance of singleton bean 'org.springframework.boot.test.context.filter.TestTypeExcludeFilter'
[DEBUG] Returning cached instance of singleton bean 'org.springframework.boot.test.context.filter.TestTypeExcludeFilter'
[DEBUG] Identified candidate component class: file [C:\Users\ChristianFV\Documents\workspace-sts-3.8.3.RELEASE\SistemaReservaciones\build\instrumented_classes\mx\com\restaurante\MailConfiguration.class]
[DEBUG] Returning cached instance of singleton bean 'org.springframework.boot.test.context.filter.TestTypeExcludeFilter'
[DEBUG] Identified candidate component class: file [C:\Users\ChristianFV\Documents\workspace-sts-3.8.3.RELEASE\SistemaReservaciones\build\instrumented_classes\mx\com\restaurante\MvcConfig.class]
[DEBUG] Returning cached instance of singleton bean 'org.springframework.boot.test.context.filter.TestTypeExcludeFilter'
[DEBUG] Returning cached instance of singleton bean 'org.springframework.boot.test.context.filter.TestTypeExcludeFilter'
[DEBUG] Identified candidate component class: file [C:\Users\ChristianFV\Documents\workspace-sts-3.8.3.RELEASE\SistemaReservaciones\build\instrumented_classes\mx\com\restaurante\service\impl\ClienteServiceImpl.class]
[DEBUG] Returning cached instance of singleton bean 'org.springframework.boot.test.context.filter.TestTypeExcludeFilter'
[DEBUG] Identified candidate component class: file [C:\Users\ChristianFV\Documents\workspace-sts-3.8.3.RELEASE\SistemaReservaciones\build\instrumented_classes\mx\com\restaurante\service\impl\ReservacionServiceImpl.class]
[DEBUG] Returning cached instance of singleton bean 'org.springframework.boot.test.context.filter.TestTypeExcludeFilter'
[DEBUG] Returning cached instance of singleton bean 'org.springframework.boot.test.context.filter.TestTypeExcludeFilter'
[DEBUG] Returning cached instance of singleton bean 'org.springframework.boot.test.context.filter.TestTypeExcludeFilter'
[DEBUG] Identified candidate component class: file [C:\Users\ChristianFV\Documents\workspace-sts-3.8.3.RELEASE\SistemaReservaciones\build\instrumented_classes\mx\com\restaurante\WebSecurityConfig.class]
[DEBUG] Returning cached instance of singleton bean 'org.springframework.boot.test.context.filter.TestTypeExcludeFilter'
[DEBUG] Returning cached instance of singleton bean 'org.springframework.boot.test.context.filter.TestTypeExcludeFilter'
[DEBUG] Returning cached instance of singleton bean 'org.springframework.boot.test.context.filter.TestTypeExcludeFilter'
[DEBUG] Returning cached instance of singleton bean 'org.springframework.boot.test.context.filter.TestTypeExcludeFilter'
[DEBUG] Returning cached instance of singleton bean 'org.springframework.boot.test.context.filter.TestTypeExcludeFilter'
[DEBUG] Returning cached instance of singleton bean 'org.springframework.boot.test.context.filter.TestTypeExcludeFilter'
[DEBUG] Returning cached instance of singleton bean 'org.springframework.boot.test.context.filter.TestTypeExcludeFilter'
[DEBUG] Returning cached instance of singleton bean 'org.springframework.boot.test.context.filter.TestTypeExcludeFilter'
[DEBUG] Identified candidate component class: file [C:\Users\ChristianFV\Documents\workspace-sts-3.8.3.RELEASE\SistemaReservaciones\build\classes\main\mx\com\restaurante\controller\ClienteController.class]
[DEBUG] Returning cached instance of singleton bean 'org.springframework.boot.test.context.filter.TestTypeExcludeFilter'
[DEBUG] Identified candidate component class: file [C:\Users\ChristianFV\Documents\workspace-sts-3.8.3.RELEASE\SistemaReservaciones\build\classes\main\mx\com\restaurante\controller\LoginController.class]
[DEBUG] Returning cached instance of singleton bean 'org.springframework.boot.test.context.filter.TestTypeExcludeFilter'
[DEBUG] Identified candidate component class: file [C:\Users\ChristianFV\Documents\workspace-sts-3.8.3.RELEASE\SistemaReservaciones\build\classes\main\mx\com\restaurante\controller\ReservacionController.class]
[DEBUG] Returning cached instance of singleton bean 'org.springframework.boot.test.context.filter.TestTypeExcludeFilter'
[DEBUG] Returning cached instance of singleton bean 'org.springframework.boot.test.context.filter.TestTypeExcludeFilter'
[DEBUG] Returning cached instance of singleton bean 'org.springframework.boot.test.context.filter.TestTypeExcludeFilter'
[DEBUG] Returning cached instance of singleton bean 'org.springframework.boot.test.context.filter.TestTypeExcludeFilter'
[DEBUG] Returning cached instance of singleton bean 'org.springframework.boot.test.context.filter.TestTypeExcludeFilter'
[DEBUG] Identified candidate component class: file [C:\Users\ChristianFV\Documents\workspace-sts-3.8.3.RELEASE\SistemaReservaciones\build\classes\main\mx\com\restaurante\MailConfiguration.class]
[DEBUG] Returning cached instance of singleton bean 'org.springframework.boot.test.context.filter.TestTypeExcludeFilter'
[DEBUG] Identified candidate component class: file [C:\Users\ChristianFV\Documents\workspace-sts-3.8.3.RELEASE\SistemaReservaciones\build\classes\main\mx\com\restaurante\MvcConfig.class]
[DEBUG] Returning cached instance of singleton bean 'org.springframework.boot.test.context.filter.TestTypeExcludeFilter'
[DEBUG] Returning cached instance of singleton bean 'org.springframework.boot.test.context.filter.TestTypeExcludeFilter'
[DEBUG] Identified candidate component class: file [C:\Users\ChristianFV\Documents\workspace-sts-3.8.3.RELEASE\SistemaReservaciones\build\classes\main\mx\com\restaurante\service\impl\ClienteServiceImpl.class]
[DEBUG] Returning cached instance of singleton bean 'org.springframework.boot.test.context.filter.TestTypeExcludeFilter'
[DEBUG] Identified candidate component class: file [C:\Users\ChristianFV\Documents\workspace-sts-3.8.3.RELEASE\SistemaReservaciones\build\classes\main\mx\com\restaurante\service\impl\ReservacionServiceImpl.class]
[DEBUG] Returning cached instance of singleton bean 'org.springframework.boot.test.context.filter.TestTypeExcludeFilter'
[DEBUG] Returning cached instance of singleton bean 'org.springframework.boot.test.context.filter.TestTypeExcludeFilter'
[DEBUG] Returning cached instance of singleton bean 'org.springframework.boot.test.context.filter.TestTypeExcludeFilter'
[DEBUG] Identified candidate component class: file [C:\Users\ChristianFV\Documents\workspace-sts-3.8.3.RELEASE\SistemaReservaciones\build\classes\main\mx\com\restaurante\WebSecurityConfig.class]
[DEBUG] Adding [class path resource [mail.properties]] PropertySource with lowest search precedence
[DEBUG] Could not find key 'spring.boot.enableautoconfiguration' in any property source
[DEBUG] Returning cached instance of singleton bean 'org.springframework.boot.autoconfigure.internalCachingMetadataReaderFactory'
[DEBUG] Returning cached instance of singleton bean 'autoConfigurationReport'
[DEBUG] Returning cached instance of singleton bean 'autoConfigurationReport'
[DEBUG] Could not find key 'spring.messages.basename' in any property source
[DEBUG] Returning cached instance of singleton bean 'autoConfigurationReport'
[DEBUG] Returning cached instance of singleton bean 'autoConfigurationReport'
[DEBUG] Returning cached instance of singleton bean 'autoConfigurationReport'
[DEBUG] Returning cached instance of singleton bean 'autoConfigurationReport'
[DEBUG] Returning cached instance of singleton bean 'autoConfigurationReport'
[DEBUG] Returning cached instance of singleton bean 'autoConfigurationReport'
[DEBUG] Returning cached instance of singleton bean 'autoConfigurationReport'
[DEBUG] Returning cached instance of singleton bean 'autoConfigurationReport'
[DEBUG] Returning cached instance of singleton bean 'autoConfigurationReport'
[DEBUG] Returning cached instance of singleton bean 'autoConfigurationReport'
[DEBUG] Returning cached instance of singleton bean 'autoConfigurationReport'
[DEBUG] Returning cached instance of singleton bean 'autoConfigurationReport'
[DEBUG] Returning cached instance of singleton bean 'autoConfigurationReport'
[DEBUG] Returning cached instance of singleton bean 'autoConfigurationReport'
[DEBUG] Returning cached instance of singleton bean 'autoConfigurationReport'
[DEBUG] Returning cached instance of singleton bean 'autoConfigurationReport'
[DEBUG] Returning cached instance of singleton bean 'autoConfigurationReport'
[DEBUG] Returning cached instance of singleton bean 'autoConfigurationReport'
[DEBUG] Returning cached instance of singleton bean 'autoConfigurationReport'
[DEBUG] Returning cached instance of singleton bean 'autoConfigurationReport'
[DEBUG] Returning cached instance of singleton bean 'autoConfigurationReport'
[DEBUG] Returning cached instance of singleton bean 'autoConfigurationReport'
[DEBUG] Returning cached instance of singleton bean 'autoConfigurationReport'
[DEBUG] Returning cached instance of singleton bean 'autoConfigurationReport'
[DEBUG] Returning cached instance of singleton bean 'autoConfigurationReport'
[DEBUG] Returning cached instance of singleton bean 'autoConfigurationReport'
[DEBUG] Returning cached instance of singleton bean 'autoConfigurationReport'
[DEBUG] Returning cached instance of singleton bean 'autoConfigurationReport'
[DEBUG] Returning cached instance of singleton bean 'autoConfigurationReport'
[DEBUG] Returning cached instance of singleton bean 'autoConfigurationReport'
[DEBUG] Returning cached instance of singleton bean 'autoConfigurationReport'
[DEBUG] Returning cached instance of singleton bean 'autoConfigurationReport'
[DEBUG] Returning cached instance of singleton bean 'autoConfigurationReport'
[DEBUG] Returning cached instance of singleton bean 'autoConfigurationReport'
[DEBUG] Returning cached instance of singleton bean 'autoConfigurationReport'
[DEBUG] Found key 'spring.jmx.enabled' in [Inlined Test Properties] with type [String]
[DEBUG] Returning cached instance of singleton bean 'autoConfigurationReport'
[DEBUG] Returning cached instance of singleton bean 'autoConfigurationReport'
[DEBUG] Returning cached instance of singleton bean 'autoConfigurationReport'
[DEBUG] Returning cached instance of singleton bean 'autoConfigurationReport'
[DEBUG] Returning cached instance of singleton bean 'autoConfigurationReport'
[DEBUG] Returning cached instance of singleton bean 'autoConfigurationReport'
[DEBUG] Returning cached instance of singleton bean 'autoConfigurationReport'
[DEBUG] Returning cached instance of singleton bean 'autoConfigurationReport'
[DEBUG] Returning cached instance of singleton bean 'autoConfigurationReport'
[DEBUG] Returning cached instance of singleton bean 'autoConfigurationReport'
[DEBUG] Returning cached instance of singleton bean 'autoConfigurationReport'
[DEBUG] Returning cached instance of singleton bean 'autoConfigurationReport'
[DEBUG] Returning cached instance of singleton bean 'autoConfigurationReport'
[DEBUG] Returning cached instance of singleton bean 'autoConfigurationReport'
[DEBUG] Returning cached instance of singleton bean 'autoConfigurationReport'
[DEBUG] Returning cached instance of singleton bean 'autoConfigurationReport'
[DEBUG] Returning cached instance of singleton bean 'autoConfigurationReport'
[DEBUG] Returning cached instance of singleton bean 'autoConfigurationReport'
[DEBUG] Returning cached instance of singleton bean 'autoConfigurationReport'
[DEBUG] Returning cached instance of singleton bean 'autoConfigurationReport'
[DEBUG] Returning cached instance of singleton bean 'autoConfigurationReport'
[DEBUG] Returning cached instance of singleton bean 'autoConfigurationReport'
[DEBUG] Returning cached instance of singleton bean 'autoConfigurationReport'
[DEBUG] Returning cached instance of singleton bean 'autoConfigurationReport'
[DEBUG] Returning cached instance of singleton bean 'autoConfigurationReport'
[DEBUG] Returning cached instance of singleton bean 'autoConfigurationReport'
[DEBUG] Returning cached instance of singleton bean 'autoConfigurationReport'
[DEBUG] Returning cached instance of singleton bean 'autoConfigurationReport'
[DEBUG] Returning cached instance of singleton bean 'autoConfigurationReport'
[DEBUG] Returning cached instance of singleton bean 'autoConfigurationReport'
[DEBUG] Returning cached instance of singleton bean 'autoConfigurationReport'
[DEBUG] Returning cached instance of singleton bean 'autoConfigurationReport'
[DEBUG] Returning cached instance of singleton bean 'autoConfigurationReport'
[DEBUG] Returning cached instance of singleton bean 'autoConfigurationReport'
[DEBUG] Returning cached instance of singleton bean 'autoConfigurationReport'
[DEBUG] Returning cached instance of singleton bean 'autoConfigurationReport'
[DEBUG] Returning cached instance of singleton bean 'autoConfigurationReport'
[DEBUG] Returning cached instance of singleton bean 'autoConfigurationReport'
[DEBUG] Returning cached instance of singleton bean 'autoConfigurationReport'
[DEBUG] Returning cached instance of singleton bean 'autoConfigurationReport'
[DEBUG] Returning cached instance of singleton bean 'autoConfigurationReport'
[DEBUG] Returning cached instance of singleton bean 'autoConfigurationReport'
[DEBUG] Returning cached instance of singleton bean 'autoConfigurationReport'
[DEBUG] Returning cached instance of singleton bean 'autoConfigurationReport'
[DEBUG] Returning cached instance of singleton bean 'autoConfigurationReport'
[DEBUG] Returning cached instance of singleton bean 'autoConfigurationReport'
[DEBUG] Returning cached instance of singleton bean 'autoConfigurationReport'
[DEBUG] Returning cached instance of singleton bean 'autoConfigurationReport'
[DEBUG] Returning cached instance of singleton bean 'autoConfigurationReport'
[DEBUG] Returning cached instance of singleton bean 'autoConfigurationReport'
[DEBUG] Returning cached instance of singleton bean 'autoConfigurationReport'
[DEBUG] Returning cached instance of singleton bean 'autoConfigurationReport'
[DEBUG] Returning cached instance of singleton bean 'autoConfigurationReport'
[DEBUG] Returning cached instance of singleton bean 'autoConfigurationReport'
[DEBUG] Returning cached instance of singleton bean 'autoConfigurationReport'
[DEBUG] Returning cached instance of singleton bean 'autoConfigurationReport'
[DEBUG] Returning cached instance of singleton bean 'autoConfigurationReport'
[DEBUG] Returning cached instance of singleton bean 'autoConfigurationReport'
[DEBUG] Returning cached instance of singleton bean 'autoConfigurationReport'
[DEBUG] Returning cached instance of singleton bean 'autoConfigurationReport'
[DEBUG] Returning cached instance of singleton bean 'autoConfigurationReport'
[DEBUG] Returning cached instance of singleton bean 'autoConfigurationReport'
[DEBUG] Returning cached instance of singleton bean 'autoConfigurationReport'
[DEBUG] Returning cached instance of singleton bean 'autoConfigurationReport'
[DEBUG] Returning cached instance of singleton bean 'autoConfigurationReport'
[DEBUG] Returning cached instance of singleton bean 'autoConfigurationReport'
[DEBUG] Returning cached instance of singleton bean 'autoConfigurationReport'
[DEBUG] Returning cached instance of singleton bean 'autoConfigurationReport'
[DEBUG] Returning cached instance of singleton bean 'autoConfigurationReport'
[DEBUG] Returning cached instance of singleton bean 'autoConfigurationReport'
[DEBUG] Returning cached instance of singleton bean 'autoConfigurationReport'
[DEBUG] Returning cached instance of singleton bean 'autoConfigurationReport'
[DEBUG] Returning cached instance of singleton bean 'autoConfigurationReport'
[DEBUG] Returning cached instance of singleton bean 'autoConfigurationReport'
[DEBUG] Returning cached instance of singleton bean 'autoConfigurationReport'
[DEBUG] Returning cached instance of singleton bean 'autoConfigurationReport'
[DEBUG] Returning cached instance of singleton bean 'autoConfigurationReport'
[DEBUG] Returning cached instance of singleton bean 'autoConfigurationReport'
[DEBUG] Returning cached instance of singleton bean 'autoConfigurationReport'
[DEBUG] Returning cached instance of singleton bean 'autoConfigurationReport'
[DEBUG] Returning cached instance of singleton bean 'autoConfigurationReport'
[DEBUG] Returning cached instance of singleton bean 'autoConfigurationReport'
[DEBUG] Returning cached instance of singleton bean 'autoConfigurationReport'
[DEBUG] Returning cached instance of singleton bean 'autoConfigurationReport'
[DEBUG] Returning cached instance of singleton bean 'autoConfigurationReport'
[DEBUG] Returning cached instance of singleton bean 'autoConfigurationReport'
[DEBUG] Returning cached instance of singleton bean 'autoConfigurationReport'
[DEBUG] Returning cached instance of singleton bean 'autoConfigurationReport'
[DEBUG] Returning cached instance of singleton bean 'autoConfigurationReport'
[DEBUG] Returning cached instance of singleton bean 'autoConfigurationReport'
[DEBUG] Returning cached instance of singleton bean 'autoConfigurationReport'
[DEBUG] Returning cached instance of singleton bean 'autoConfigurationReport'
[DEBUG] Returning cached instance of singleton bean 'autoConfigurationReport'
[DEBUG] Returning cached instance of singleton bean 'autoConfigurationReport'
[DEBUG] Returning cached instance of singleton bean 'autoConfigurationReport'
[DEBUG] Returning cached instance of singleton bean 'autoConfigurationReport'
[DEBUG] Returning cached instance of singleton bean 'autoConfigurationReport'
[DEBUG] Returning cached instance of singleton bean 'autoConfigurationReport'
[DEBUG] Returning cached instance of singleton bean 'autoConfigurationReport'
[DEBUG] Returning cached instance of singleton bean 'autoConfigurationReport'
[DEBUG] Returning cached instance of singleton bean 'autoConfigurationReport'
[DEBUG] Registering bean definition for @Bean method mx.com.restaurante.MailConfiguration.javaMailSender()
[DEBUG] Registered bean definition for imported class 'org.springframework.security.config.annotation.configuration.ObjectPostProcessorConfiguration'
[DEBUG] Registering bean definition for @Bean method org.springframework.security.config.annotation.configuration.ObjectPostProcessorConfiguration.objectPostProcessor()
[DEBUG] Registered bean definition for imported class 'org.springframework.security.config.annotation.authentication.configuration.AuthenticationConfiguration'
[DEBUG] Registering bean definition for @Bean method org.springframework.security.config.annotation.authentication.configuration.AuthenticationConfiguration.authenticationManagerBuilder()
[DEBUG] Registering bean definition for @Bean method org.springframework.security.config.annotation.authentication.configuration.AuthenticationConfiguration.enableGlobalAuthenticationAutowiredConfigurer()
[DEBUG] Registering bean definition for @Bean method org.springframework.security.config.annotation.authentication.configuration.AuthenticationConfiguration.initializeUserDetailsBeanManagerConfigurer()
[DEBUG] Registering bean definition for @Bean method org.springframework.security.config.annotation.authentication.configuration.AuthenticationConfiguration.initializeAuthenticationProviderBeanManagerConfigurer()
[DEBUG] Registered bean definition for imported class 'org.springframework.security.config.annotation.web.configuration.WebSecurityConfiguration'
[DEBUG] Registering bean definition for @Bean method org.springframework.security.config.annotation.web.configuration.WebSecurityConfiguration.delegatingApplicationListener()
[DEBUG] Registering bean definition for @Bean method org.springframework.security.config.annotation.web.configuration.WebSecurityConfiguration.webSecurityExpressionHandler()
[DEBUG] Registering bean definition for @Bean method org.springframework.security.config.annotation.web.configuration.WebSecurityConfiguration.springSecurityFilterChain()
[DEBUG] Registering bean definition for @Bean method org.springframework.security.config.annotation.web.configuration.WebSecurityConfiguration.privilegeEvaluator()
[DEBUG] Registering bean definition for @Bean method org.springframework.security.config.annotation.web.configuration.WebSecurityConfiguration.autowiredWebSecurityConfigurersIgnoreParents()
[DEBUG] Registered bean definition for imported class 'org.springframework.security.config.annotation.web.configuration.WebMvcSecurityConfiguration'
[DEBUG] Registering bean definition for @Bean method org.springframework.security.config.annotation.web.configuration.WebMvcSecurityConfiguration.requestDataValueProcessor()
[DEBUG] Could not find key 'spring.messages.basename' in any property source
[DEBUG] Returning cached instance of singleton bean 'autoConfigurationReport'
[DEBUG] Creating shared instance of singleton bean 'org.springframework.boot.autoconfigure.condition.BeanTypeRegistry'
[DEBUG] Creating instance of bean 'org.springframework.boot.autoconfigure.condition.BeanTypeRegistry'
[DEBUG] Eagerly caching bean 'org.springframework.boot.autoconfigure.condition.BeanTypeRegistry' to allow for resolving potential circular references
[DEBUG] Finished creating instance of bean 'org.springframework.boot.autoconfigure.condition.BeanTypeRegistry'
[DEBUG] Returning cached instance of singleton bean 'autoConfigurationReport'
[DEBUG] Registered bean definition for imported class 'org.springframework.boot.autoconfigure.context.MessageSourceAutoConfiguration'
[DEBUG] Registering bean definition for @Bean method org.springframework.boot.autoconfigure.context.MessageSourceAutoConfiguration.messageSource()
[DEBUG] Registered bean definition for imported class 'org.springframework.boot.autoconfigure.context.PropertyPlaceholderAutoConfiguration'
[DEBUG] Returning cached instance of singleton bean 'org.springframework.boot.autoconfigure.condition.BeanTypeRegistry'
[DEBUG] Returning cached instance of singleton bean 'autoConfigurationReport'
[DEBUG] Registering bean definition for @Bean method org.springframework.boot.autoconfigure.context.PropertyPlaceholderAutoConfiguration.propertySourcesPlaceholderConfigurer()
[DEBUG] Returning cached instance of singleton bean 'autoConfigurationReport'
[DEBUG] Returning cached instance of singleton bean 'autoConfigurationReport'
[DEBUG] Registered bean definition for imported class 'org.springframework.boot.autoconfigure.jackson.JacksonAutoConfiguration$Jackson2ObjectMapperBuilderCustomizerConfiguration'
[DEBUG] Registering bean definition for @Bean method org.springframework.boot.autoconfigure.jackson.JacksonAutoConfiguration$Jackson2ObjectMapperBuilderCustomizerConfiguration.standardJacksonObjectMapperBuilderCustomizer()
[DEBUG] Returning cached instance of singleton bean 'autoConfigurationReport'
[DEBUG] Registered bean definition for imported class 'org.springframework.boot.autoconfigure.jackson.JacksonAutoConfiguration$JacksonObjectMapperBuilderConfiguration'
[DEBUG] Returning cached instance of singleton bean 'org.springframework.boot.autoconfigure.condition.BeanTypeRegistry'
[DEBUG] Returning cached instance of singleton bean 'autoConfigurationReport'
[DEBUG] Registering bean definition for @Bean method org.springframework.boot.autoconfigure.jackson.JacksonAutoConfiguration$JacksonObjectMapperBuilderConfiguration.jacksonObjectMapperBuilder()
[DEBUG] Returning cached instance of singleton bean 'autoConfigurationReport'
[DEBUG] Registered bean definition for imported class 'org.springframework.boot.autoconfigure.jackson.JacksonAutoConfiguration$JacksonObjectMapperConfiguration'
[DEBUG] Returning cached instance of singleton bean 'org.springframework.boot.autoconfigure.condition.BeanTypeRegistry'
[DEBUG] Returning cached instance of singleton bean 'autoConfigurationReport'
[DEBUG] Registering bean definition for @Bean method org.springframework.boot.autoconfigure.jackson.JacksonAutoConfiguration$JacksonObjectMapperConfiguration.jacksonObjectMapper()
[DEBUG] Registered bean definition for imported class 'org.springframework.boot.autoconfigure.jackson.JacksonAutoConfiguration'
[DEBUG] Registering bean definition for @Bean method org.springframework.boot.autoconfigure.jackson.JacksonAutoConfiguration.jsonComponentModule()
[DEBUG] Returning cached instance of singleton bean 'autoConfigurationReport'
[DEBUG] Returning cached instance of singleton bean 'autoConfigurationReport'
[DEBUG] Returning cached instance of singleton bean 'autoConfigurationReport'
[DEBUG] Registered bean definition for imported class 'org.springframework.boot.autoconfigure.websocket.WebSocketAutoConfiguration$TomcatWebSocketConfiguration'
[DEBUG] Returning cached instance of singleton bean 'autoConfigurationReport'
[DEBUG] Returning cached instance of singleton bean 'autoConfigurationReport'
[DEBUG] Registering bean definition for @Bean method org.springframework.boot.autoconfigure.websocket.WebSocketAutoConfiguration$TomcatWebSocketConfiguration.websocketContainerCustomizer()
[DEBUG] Registered bean definition for imported class 'org.springframework.boot.autoconfigure.websocket.WebSocketAutoConfiguration'
[DEBUG] Returning cached instance of singleton bean 'autoConfigurationReport'
[DEBUG] Returning cached instance of singleton bean 'autoConfigurationReport'
[DEBUG] Returning cached instance of singleton bean 'org.springframework.boot.autoconfigure.condition.BeanTypeRegistry'
[DEBUG] Returning cached instance of singleton bean 'autoConfigurationReport'
[DEBUG] Registered bean definition for imported class 'org.springframework.boot.autoconfigure.web.EmbeddedServletContainerAutoConfiguration$EmbeddedTomcat'
[DEBUG] Registering bean definition for @Bean method org.springframework.boot.autoconfigure.web.EmbeddedServletContainerAutoConfiguration$EmbeddedTomcat.tomcatEmbeddedServletContainerFactory()
[DEBUG] Registered bean definition for imported class 'org.springframework.boot.autoconfigure.web.EmbeddedServletContainerAutoConfiguration'
[DEBUG] Returning cached instance of singleton bean 'autoConfigurationReport'
[DEBUG] Returning cached instance of singleton bean 'autoConfigurationReport'
[DEBUG] Returning cached instance of singleton bean 'autoConfigurationReport'
[DEBUG] Returning cached instance of singleton bean 'autoConfigurationReport'
[DEBUG] Returning cached instance of singleton bean 'autoConfigurationReport'
[DEBUG] Returning cached instance of singleton bean 'autoConfigurationReport'
[DEBUG] Registered bean definition for imported class 'org.springframework.boot.autoconfigure.web.DispatcherServletAutoConfiguration$DispatcherServletConfiguration'
[DEBUG] Registering bean definition for @Bean method org.springframework.boot.autoconfigure.web.DispatcherServletAutoConfiguration$DispatcherServletConfiguration.dispatcherServlet()
[DEBUG] Returning cached instance of singleton bean 'org.springframework.boot.autoconfigure.condition.BeanTypeRegistry'
[DEBUG] Returning cached instance of singleton bean 'autoConfigurationReport'
[DEBUG] Registered bean definition for imported class 'org.springframework.boot.autoconfigure.web.DispatcherServletAutoConfiguration$DispatcherServletRegistrationConfiguration'
[DEBUG] Returning cached instance of singleton bean 'org.springframework.boot.autoconfigure.condition.BeanTypeRegistry'
[DEBUG] Returning cached instance of singleton bean 'autoConfigurationReport'
[DEBUG] Registering bean definition for @Bean method org.springframework.boot.autoconfigure.web.DispatcherServletAutoConfiguration$DispatcherServletRegistrationConfiguration.dispatcherServletRegistration()
[DEBUG] Registered bean definition for imported class 'org.springframework.boot.autoconfigure.web.DispatcherServletAutoConfiguration'
[DEBUG] Returning cached instance of singleton bean 'autoConfigurationReport'
[DEBUG] Returning cached instance of singleton bean 'autoConfigurationReport'
[DEBUG] Registered bean definition for imported class 'org.springframework.boot.autoconfigure.validation.ValidationAutoConfiguration'
[DEBUG] Returning cached instance of singleton bean 'org.springframework.boot.autoconfigure.condition.BeanTypeRegistry'
[DEBUG] Returning cached instance of singleton bean 'autoConfigurationReport'
[DEBUG] Registering bean definition for @Bean method org.springframework.boot.autoconfigure.validation.ValidationAutoConfiguration.jsr303Validator()
[DEBUG] Returning cached instance of singleton bean 'org.springframework.boot.autoconfigure.condition.BeanTypeRegistry'
[DEBUG] Returning cached instance of singleton bean 'autoConfigurationReport'
[DEBUG] Registering bean definition for @Bean method org.springframework.boot.autoconfigure.validation.ValidationAutoConfiguration.methodValidationPostProcessor()
[DEBUG] Returning cached instance of singleton bean 'autoConfigurationReport'
[DEBUG] Returning cached instance of singleton bean 'autoConfigurationReport'
[DEBUG] Registered bean definition for imported class 'org.springframework.boot.autoconfigure.web.ErrorMvcAutoConfiguration$DefaultErrorViewResolverConfiguration'
[DEBUG] Returning cached instance of singleton bean 'org.springframework.boot.autoconfigure.condition.BeanTypeRegistry'
[DEBUG] Returning cached instance of singleton bean 'org.springframework.boot.autoconfigure.condition.BeanTypeRegistry'
[DEBUG] Returning cached instance of singleton bean 'autoConfigurationReport'
[DEBUG] Returning cached instance of singleton bean 'org.springframework.boot.autoconfigure.condition.BeanTypeRegistry'
[DEBUG] Returning cached instance of singleton bean 'org.springframework.boot.autoconfigure.condition.BeanTypeRegistry'
[DEBUG] Returning cached instance of singleton bean 'autoConfigurationReport'
[DEBUG] Registering bean definition for @Bean method org.springframework.boot.autoconfigure.web.ErrorMvcAutoConfiguration$DefaultErrorViewResolverConfiguration.conventionErrorViewResolver()
[DEBUG] Registered bean definition for imported class 'org.springframework.boot.autoconfigure.web.ErrorMvcAutoConfiguration'
[DEBUG] Returning cached instance of singleton bean 'org.springframework.boot.autoconfigure.condition.BeanTypeRegistry'
[DEBUG] Returning cached instance of singleton bean 'autoConfigurationReport'
[DEBUG] Registering bean definition for @Bean method org.springframework.boot.autoconfigure.web.ErrorMvcAutoConfiguration.errorAttributes()
[DEBUG] Returning cached instance of singleton bean 'org.springframework.boot.autoconfigure.condition.BeanTypeRegistry'
[DEBUG] Returning cached instance of singleton bean 'autoConfigurationReport'
[DEBUG] Registering bean definition for @Bean method org.springframework.boot.autoconfigure.web.ErrorMvcAutoConfiguration.basicErrorController()
[DEBUG] Registering bean definition for @Bean method org.springframework.boot.autoconfigure.web.ErrorMvcAutoConfiguration.errorPageCustomizer()
[DEBUG] Registering bean definition for @Bean method org.springframework.boot.autoconfigure.web.ErrorMvcAutoConfiguration.preserveErrorControllerTargetClassPostProcessor()
[DEBUG] Returning cached instance of singleton bean 'autoConfigurationReport'
[DEBUG] Returning cached instance of singleton bean 'autoConfigurationReport'
[DEBUG] Returning cached instance of singleton bean 'org.springframework.boot.autoconfigure.condition.BeanTypeRegistry'
[DEBUG] Returning cached instance of singleton bean 'autoConfigurationReport'
[DEBUG] Registered bean definition for imported class 'org.springframework.boot.autoconfigure.web.WebMvcAutoConfiguration$EnableWebMvcConfiguration'
[DEBUG] Registering bean definition for @Bean method org.springframework.boot.autoconfigure.web.WebMvcAutoConfiguration$EnableWebMvcConfiguration.requestMappingHandlerAdapter()
[DEBUG] Registering bean definition for @Bean method org.springframework.boot.autoconfigure.web.WebMvcAutoConfiguration$EnableWebMvcConfiguration.requestMappingHandlerMapping()
[DEBUG] Registering bean definition for @Bean method org.springframework.boot.autoconfigure.web.WebMvcAutoConfiguration$EnableWebMvcConfiguration.mvcValidator()
[DEBUG] Registering bean definition for @Bean method org.springframework.boot.autoconfigure.web.WebMvcAutoConfiguration$EnableWebMvcConfiguration.mvcPathMatcher()
[DEBUG] Registering bean definition for @Bean method org.springframework.boot.autoconfigure.web.WebMvcAutoConfiguration$EnableWebMvcConfiguration.mvcUrlPathHelper()
[...]

   WebMvcAutoConfiguration.ResourceChainCustomizerConfiguration:
      Did not match:
         - @ConditionalOnEnabledResourceChain did not find class org.webjars.WebJarAssetLocator (OnEnabledResourceChainCondition)

   WebMvcAutoConfiguration.WebMvcAutoConfigurationAdapter#beanNameViewResolver:
      Did not match:
         - @ConditionalOnBean (types: org.springframework.web.servlet.View; SearchStrategy: all) did not find any beans (OnBeanCondition)

   WebMvcAutoConfiguration.WebMvcAutoConfigurationAdapter#dateFormatter:
      Did not match:
         - @ConditionalOnProperty (spring.mvc.date-format) did not find property 'date-format' (OnPropertyCondition)

   WebMvcAutoConfiguration.WebMvcAutoConfigurationAdapter#localeResolver:
      Did not match:
         - @ConditionalOnProperty (spring.mvc.locale) did not find property 'locale' (OnPropertyCondition)

   WebServicesAutoConfiguration:
      Did not match:
         - @ConditionalOnClass did not find required class 'org.springframework.ws.transport.http.MessageDispatcherServlet' (OnClassCondition)

   WebSocketAutoConfiguration.JettyWebSocketConfiguration:
      Did not match:
         - @ConditionalOnClass did not find required class 'org.eclipse.jetty.websocket.jsr356.server.deploy.WebSocketServerContainerInitializer' (OnClassCondition)

   WebSocketAutoConfiguration.UndertowWebSocketConfiguration:
      Did not match:
         - @ConditionalOnClass did not find required class 'io.undertow.websockets.jsr.Bootstrap' (OnClassCondition)

   WebSocketMessagingAutoConfiguration:
      Did not match:
         - @ConditionalOnClass did not find required class 'org.springframework.web.socket.config.annotation.WebSocketMessageBrokerConfigurer' (OnClassCondition)

   XADataSourceAutoConfiguration:
      Did not match:
         - @ConditionalOnBean (types: org.springframework.boot.jta.XADataSourceWrapper; SearchStrategy: all) did not find any beans (OnBeanCondition)
      Matched:
         - @ConditionalOnClass found required classes 'javax.sql.DataSource', 'javax.transaction.TransactionManager', 'org.springframework.jdbc.datasource.embedded.EmbeddedDatabaseType'; @ConditionalOnMissingClass did not find unwanted class (OnClassCondition)


Exclusions:
-----------

    None


Unconditional classes:
----------------------

    org.springframework.boot.autoconfigure.web.WebClientAutoConfiguration

    org.springframework.boot.autoconfigure.context.PropertyPlaceholderAutoConfiguration

    org.springframework.boot.autoconfigure.context.ConfigurationPropertiesAutoConfiguration

    org.springframework.boot.autoconfigure.info.ProjectInfoAutoConfiguration



[DEBUG] Looking for resource handler mappings
[DEBUG] Returning cached instance of singleton bean 'viewControllerHandlerMapping'
[DEBUG] Returning cached instance of singleton bean 'resourceHandlerMapping'
[DEBUG] Returning cached instance of singleton bean 'faviconHandlerMapping'
[DEBUG] Found resource handler mapping: URL pattern="/**/favicon.ico", locations=[ServletContext resource [/], class path resource [META-INF/resources/], class path resource [resources/], class path resource [static/], class path resource [public/], class path resource []], resolvers=[org.springframework.web.servlet.resource.PathResourceResolver@171bd7c0]
[DEBUG] Found resource handler mapping: URL pattern="/webjars/**", locations=[class path resource [META-INF/resources/webjars/]], resolvers=[org.springframework.web.servlet.resource.PathResourceResolver@2b8b0fa0]
[DEBUG] Found resource handler mapping: URL pattern="/**", locations=[ServletContext resource [/], class path resource [META-INF/resources/], class path resource [resources/], class path resource [static/], class path resource [public/]], resolvers=[org.springframework.web.servlet.resource.PathResourceResolver@3e293c6e]
[DEBUG] Could not find key 'spring.liveBeansView.mbeanDomain' in any property source
[DEBUG] Returning cached instance of singleton bean 'delegatingApplicationListener'
[INFO] Started DBUnitDataTest in 4.653 seconds (JVM running for 23.517)
[DEBUG] Storing ApplicationContext in cache under key [[WebMergedContextConfiguration@418f4e46 testClass = DBUnitDataTest, locations = '{}', classes = '{class mx.com.restaurante.Application, class mx.com.restaurante.Application}', contextInitializerClasses = '[]', activeProfiles = '{}', propertySourceLocations = '{}', propertySourceProperties = '{org.springframework.boot.test.context.SpringBootTestContextBootstrapper=true}', contextCustomizers = set[org.springframework.boot.test.context.SpringBootTestContextCustomizer@1dbfecae, org.springframework.boot.test.context.filter.ExcludeFilterContextCustomizer@529a41a, org.springframework.boot.test.mock.mockito.MockitoContextCustomizer@0, org.springframework.boot.test.autoconfigure.properties.PropertyMappingContextCustomizer@0, org.springframework.boot.test.autoconfigure.web.servlet.WebDriverContextCustomizerFactory$Customizer@11bbfd47], resourceBasePath = 'src/main/webapp', contextLoader = 'org.springframework.boot.test.context.SpringBootContextLoader', parent = [null]]]
[DEBUG] Spring test ApplicationContext cache statistics: [DefaultContextCache@6b3ebb48 size = 2, maxSize = 32, parentContextCount = 0, hitCount = 29, missCount = 2]
[DEBUG] Setting up MockHttpServletRequest, MockHttpServletResponse, ServletWebRequest, and RequestContextHolder for test context [DefaultTestContext@e032f7b testClass = DBUnitDataTest, testInstance = mx.com.restaurante.test.DBUnitDataTest@33b7cb84, testMethod = [null], testException = [null], mergedContextConfiguration = [WebMergedContextConfiguration@418f4e46 testClass = DBUnitDataTest, locations = '{}', classes = '{class mx.com.restaurante.Application, class mx.com.restaurante.Application}', contextInitializerClasses = '[]', activeProfiles = '{}', propertySourceLocations = '{}', propertySourceProperties = '{org.springframework.boot.test.context.SpringBootTestContextBootstrapper=true}', contextCustomizers = set[org.springframework.boot.test.context.SpringBootTestContextCustomizer@1dbfecae, org.springframework.boot.test.context.filter.ExcludeFilterContextCustomizer@529a41a, org.springframework.boot.test.mock.mockito.MockitoContextCustomizer@0, org.springframework.boot.test.autoconfigure.properties.PropertyMappingContextCustomizer@0, org.springframework.boot.test.autoconfigure.web.servlet.WebDriverContextCustomizerFactory$Customizer@11bbfd47], resourceBasePath = 'src/main/webapp', contextLoader = 'org.springframework.boot.test.context.SpringBootContextLoader', parent = [null]]].
[DEBUG] Performing dependency injection for test context [[DefaultTestContext@e032f7b testClass = DBUnitDataTest, testInstance = mx.com.restaurante.test.DBUnitDataTest@33b7cb84, testMethod = [null], testException = [null], mergedContextConfiguration = [WebMergedContextConfiguration@418f4e46 testClass = DBUnitDataTest, locations = '{}', classes = '{class mx.com.restaurante.Application, class mx.com.restaurante.Application}', contextInitializerClasses = '[]', activeProfiles = '{}', propertySourceLocations = '{}', propertySourceProperties = '{org.springframework.boot.test.context.SpringBootTestContextBootstrapper=true}', contextCustomizers = set[org.springframework.boot.test.context.SpringBootTestContextCustomizer@1dbfecae, org.springframework.boot.test.context.filter.ExcludeFilterContextCustomizer@529a41a, org.springframework.boot.test.mock.mockito.MockitoContextCustomizer@0, org.springframework.boot.test.autoconfigure.properties.PropertyMappingContextCustomizer@0, org.springframework.boot.test.autoconfigure.web.servlet.WebDriverContextCustomizerFactory$Customizer@11bbfd47], resourceBasePath = 'src/main/webapp', contextLoader = 'org.springframework.boot.test.context.SpringBootContextLoader', parent = [null]]]].
[DEBUG] Retrieved ApplicationContext from cache with key [[WebMergedContextConfiguration@418f4e46 testClass = DBUnitDataTest, locations = '{}', classes = '{class mx.com.restaurante.Application, class mx.com.restaurante.Application}', contextInitializerClasses = '[]', activeProfiles = '{}', propertySourceLocations = '{}', propertySourceProperties = '{org.springframework.boot.test.context.SpringBootTestContextBootstrapper=true}', contextCustomizers = set[org.springframework.boot.test.context.SpringBootTestContextCustomizer@1dbfecae, org.springframework.boot.test.context.filter.ExcludeFilterContextCustomizer@529a41a, org.springframework.boot.test.mock.mockito.MockitoContextCustomizer@0, org.springframework.boot.test.autoconfigure.properties.PropertyMappingContextCustomizer@0, org.springframework.boot.test.autoconfigure.web.servlet.WebDriverContextCustomizerFactory$Customizer@11bbfd47], resourceBasePath = 'src/main/webapp', contextLoader = 'org.springframework.boot.test.context.SpringBootContextLoader', parent = [null]]]
[DEBUG] Spring test ApplicationContext cache statistics: [DefaultContextCache@6b3ebb48 size = 2, maxSize = 32, parentContextCount = 0, hitCount = 30, missCount = 2]
[DEBUG] Processing injected element of bean 'mx.com.restaurante.test.DBUnitDataTest': AutowiredFieldElement for javax.sql.DataSource mx.com.restaurante.test.DBUnitDataTest.dataSource
[DEBUG] Returning cached instance of singleton bean 'dataSource'
[DEBUG] Autowiring by type from bean name 'mx.com.restaurante.test.DBUnitDataTest' to bean named 'dataSource'
[DEBUG] Returning cached instance of singleton bean 'org.springframework.transaction.config.internalTransactionAdvisor'
[DEBUG] Returning cached instance of singleton bean 'org.springframework.transaction.config.internalTransactionAdvisor'
[DEBUG] Before test method: context [DefaultTestContext@e032f7b testClass = DBUnitDataTest, testInstance = mx.com.restaurante.test.DBUnitDataTest@33b7cb84, testMethod = extraerDatasetsTest@DBUnitDataTest, testException = [null], mergedContextConfiguration = [WebMergedContextConfiguration@418f4e46 testClass = DBUnitDataTest, locations = '{}', classes = '{class mx.com.restaurante.Application, class mx.com.restaurante.Application}', contextInitializerClasses = '[]', activeProfiles = '{}', propertySourceLocations = '{}', propertySourceProperties = '{org.springframework.boot.test.context.SpringBootTestContextBootstrapper=true}', contextCustomizers = set[org.springframework.boot.test.context.SpringBootTestContextCustomizer@1dbfecae, org.springframework.boot.test.context.filter.ExcludeFilterContextCustomizer@529a41a, org.springframework.boot.test.mock.mockito.MockitoContextCustomizer@0, org.springframework.boot.test.autoconfigure.properties.PropertyMappingContextCustomizer@0, org.springframework.boot.test.autoconfigure.web.servlet.WebDriverContextCustomizerFactory$Customizer@11bbfd47], resourceBasePath = 'src/main/webapp', contextLoader = 'org.springframework.boot.test.context.SpringBootContextLoader', parent = [null]]], class annotated with @DirtiesContext [false] with mode [null], method annotated with @DirtiesContext [false] with mode [null].
[DEBUG] Retrieved ApplicationContext from cache with key [[WebMergedContextConfiguration@418f4e46 testClass = DBUnitDataTest, locations = '{}', classes = '{class mx.com.restaurante.Application, class mx.com.restaurante.Application}', contextInitializerClasses = '[]', activeProfiles = '{}', propertySourceLocations = '{}', propertySourceProperties = '{org.springframework.boot.test.context.SpringBootTestContextBootstrapper=true}', contextCustomizers = set[org.springframework.boot.test.context.SpringBootTestContextCustomizer@1dbfecae, org.springframework.boot.test.context.filter.ExcludeFilterContextCustomizer@529a41a, org.springframework.boot.test.mock.mockito.MockitoContextCustomizer@0, org.springframework.boot.test.autoconfigure.properties.PropertyMappingContextCustomizer@0, org.springframework.boot.test.autoconfigure.web.servlet.WebDriverContextCustomizerFactory$Customizer@11bbfd47], resourceBasePath = 'src/main/webapp', contextLoader = 'org.springframework.boot.test.context.SpringBootContextLoader', parent = [null]]]
[DEBUG] Spring test ApplicationContext cache statistics: [DefaultContextCache@6b3ebb48 size = 2, maxSize = 32, parentContextCount = 0, hitCount = 31, missCount = 2]
[DEBUG] Returning cached instance of singleton bean 'org.springframework.boot.test.mock.mockito.MockitoBeans'
[DEBUG] prueba de humo
[DEBUG] Retrieved ApplicationContext from cache with key [[WebMergedContextConfiguration@418f4e46 testClass = DBUnitDataTest, locations = '{}', classes = '{class mx.com.restaurante.Application, class mx.com.restaurante.Application}', contextInitializerClasses = '[]', activeProfiles = '{}', propertySourceLocations = '{}', propertySourceProperties = '{org.springframework.boot.test.context.SpringBootTestContextBootstrapper=true}', contextCustomizers = set[org.springframework.boot.test.context.SpringBootTestContextCustomizer@1dbfecae, org.springframework.boot.test.context.filter.ExcludeFilterContextCustomizer@529a41a, org.springframework.boot.test.mock.mockito.MockitoContextCustomizer@0, org.springframework.boot.test.autoconfigure.properties.PropertyMappingContextCustomizer@0, org.springframework.boot.test.autoconfigure.web.servlet.WebDriverContextCustomizerFactory$Customizer@11bbfd47], resourceBasePath = 'src/main/webapp', contextLoader = 'org.springframework.boot.test.context.SpringBootContextLoader', parent = [null]]]
[DEBUG] Spring test ApplicationContext cache statistics: [DefaultContextCache@6b3ebb48 size = 2, maxSize = 32, parentContextCount = 0, hitCount = 32, missCount = 2]
[DEBUG] Returning cached instance of singleton bean 'org.springframework.boot.test.mock.mockito.MockitoBeans'
[DEBUG] Retrieved ApplicationContext from cache with key [[WebMergedContextConfiguration@418f4e46 testClass = DBUnitDataTest, locations = '{}', classes = '{class mx.com.restaurante.Application, class mx.com.restaurante.Application}', contextInitializerClasses = '[]', activeProfiles = '{}', propertySourceLocations = '{}', propertySourceProperties = '{org.springframework.boot.test.context.SpringBootTestContextBootstrapper=true}', contextCustomizers = set[org.springframework.boot.test.context.SpringBootTestContextCustomizer@1dbfecae, org.springframework.boot.test.context.filter.ExcludeFilterContextCustomizer@529a41a, org.springframework.boot.test.mock.mockito.MockitoContextCustomizer@0, org.springframework.boot.test.autoconfigure.properties.PropertyMappingContextCustomizer@0, org.springframework.boot.test.autoconfigure.web.servlet.WebDriverContextCustomizerFactory$Customizer@11bbfd47], resourceBasePath = 'src/main/webapp', contextLoader = 'org.springframework.boot.test.context.SpringBootContextLoader', parent = [null]]]
[DEBUG] Spring test ApplicationContext cache statistics: [DefaultContextCache@6b3ebb48 size = 2, maxSize = 32, parentContextCount = 0, hitCount = 33, missCount = 2]
[DEBUG] Retrieved ApplicationContext from cache with key [[WebMergedContextConfiguration@418f4e46 testClass = DBUnitDataTest, locations = '{}', classes = '{class mx.com.restaurante.Application, class mx.com.restaurante.Application}', contextInitializerClasses = '[]', activeProfiles = '{}', propertySourceLocations = '{}', propertySourceProperties = '{org.springframework.boot.test.context.SpringBootTestContextBootstrapper=true}', contextCustomizers = set[org.springframework.boot.test.context.SpringBootTestContextCustomizer@1dbfecae, org.springframework.boot.test.context.filter.ExcludeFilterContextCustomizer@529a41a, org.springframework.boot.test.mock.mockito.MockitoContextCustomizer@0, org.springframework.boot.test.autoconfigure.properties.PropertyMappingContextCustomizer@0, org.springframework.boot.test.autoconfigure.web.servlet.WebDriverContextCustomizerFactory$Customizer@11bbfd47], resourceBasePath = 'src/main/webapp', contextLoader = 'org.springframework.boot.test.context.SpringBootContextLoader', parent = [null]]]
[DEBUG] Spring test ApplicationContext cache statistics: [DefaultContextCache@6b3ebb48 size = 2, maxSize = 32, parentContextCount = 0, hitCount = 34, missCount = 2]
[DEBUG] After test method: context [DefaultTestContext@e032f7b testClass = DBUnitDataTest, testInstance = mx.com.restaurante.test.DBUnitDataTest@33b7cb84, testMethod = extraerDatasetsTest@DBUnitDataTest, testException = [null], mergedContextConfiguration = [WebMergedContextConfiguration@418f4e46 testClass = DBUnitDataTest, locations = '{}', classes = '{class mx.com.restaurante.Application, class mx.com.restaurante.Application}', contextInitializerClasses = '[]', activeProfiles = '{}', propertySourceLocations = '{}', propertySourceProperties = '{org.springframework.boot.test.context.SpringBootTestContextBootstrapper=true}', contextCustomizers = set[org.springframework.boot.test.context.SpringBootTestContextCustomizer@1dbfecae, org.springframework.boot.test.context.filter.ExcludeFilterContextCustomizer@529a41a, org.springframework.boot.test.mock.mockito.MockitoContextCustomizer@0, org.springframework.boot.test.autoconfigure.properties.PropertyMappingContextCustomizer@0, org.springframework.boot.test.autoconfigure.web.servlet.WebDriverContextCustomizerFactory$Customizer@11bbfd47], resourceBasePath = 'src/main/webapp', contextLoader = 'org.springframework.boot.test.context.SpringBootContextLoader', parent = [null]]], class annotated with @DirtiesContext [false] with mode [null], method annotated with @DirtiesContext [false] with mode [null].
[DEBUG] Resetting RequestContextHolder for test context [DefaultTestContext@e032f7b testClass = DBUnitDataTest, testInstance = mx.com.restaurante.test.DBUnitDataTest@33b7cb84, testMethod = extraerDatasetsTest@DBUnitDataTest, testException = [null], mergedContextConfiguration = [WebMergedContextConfiguration@418f4e46 testClass = DBUnitDataTest, locations = '{}', classes = '{class mx.com.restaurante.Application, class mx.com.restaurante.Application}', contextInitializerClasses = '[]', activeProfiles = '{}', propertySourceLocations = '{}', propertySourceProperties = '{org.springframework.boot.test.context.SpringBootTestContextBootstrapper=true}', contextCustomizers = set[org.springframework.boot.test.context.SpringBootTestContextCustomizer@1dbfecae, org.springframework.boot.test.context.filter.ExcludeFilterContextCustomizer@529a41a, org.springframework.boot.test.mock.mockito.MockitoContextCustomizer@0, org.springframework.boot.test.autoconfigure.properties.PropertyMappingContextCustomizer@0, org.springframework.boot.test.autoconfigure.web.servlet.WebDriverContextCustomizerFactory$Customizer@11bbfd47], resourceBasePath = 'src/main/webapp', contextLoader = 'org.springframework.boot.test.context.SpringBootContextLoader', parent = [null]]].
[DEBUG] After test class: context [DefaultTestContext@e032f7b testClass = DBUnitDataTest, testInstance = [null], testMethod = [null], testException = [null], mergedContextConfiguration = [WebMergedContextConfiguration@418f4e46 testClass = DBUnitDataTest, locations = '{}', classes = '{class mx.com.restaurante.Application, class mx.com.restaurante.Application}', contextInitializerClasses = '[]', activeProfiles = '{}', propertySourceLocations = '{}', propertySourceProperties = '{org.springframework.boot.test.context.SpringBootTestContextBootstrapper=true}', contextCustomizers = set[org.springframework.boot.test.context.SpringBootTestContextCustomizer@1dbfecae, org.springframework.boot.test.context.filter.ExcludeFilterContextCustomizer@529a41a, org.springframework.boot.test.mock.mockito.MockitoContextCustomizer@0, org.springframework.boot.test.autoconfigure.properties.PropertyMappingContextCustomizer@0, org.springframework.boot.test.autoconfigure.web.servlet.WebDriverContextCustomizerFactory$Customizer@11bbfd47], resourceBasePath = 'src/main/webapp', contextLoader = 'org.springframework.boot.test.context.SpringBootContextLoader', parent = [null]]], class annotated with @DirtiesContext [false] with mode [null].
]]></system-out>
  <system-err><![CDATA[]]></system-err>
</testsuite>
