<?xml version="1.0" encoding="UTF-8"?>
<testsuite name="mx.com.restaurante.test.domain.ClienteDomainTest" tests="1" skipped="0" failures="0" errors="0" timestamp="2017-06-09T16:30:29" hostname="Christian-FV" time="1.111">
  <properties/>
  <testcase name="actualizarClienteTest" classname="mx.com.restaurante.test.domain.ClienteDomainTest" time="1.111"/>
  <system-out><![CDATA[[DEBUG] SpringJUnit4ClassRunner constructor called with [class mx.com.restaurante.test.domain.ClienteDomainTest]
[DEBUG] Instantiating CacheAwareContextLoaderDelegate from class [org.springframework.test.context.cache.DefaultCacheAwareContextLoaderDelegate]
[DEBUG] Instantiating BootstrapContext using constructor [public org.springframework.test.context.support.DefaultBootstrapContext(java.lang.Class,org.springframework.test.context.CacheAwareContextLoaderDelegate)]
[DEBUG] Instantiating TestContextBootstrapper for test class [mx.com.restaurante.test.domain.ClienteDomainTest] from class [org.springframework.boot.test.context.SpringBootTestContextBootstrapper]
[INFO] Neither @ContextConfiguration nor @ContextHierarchy found for test class [mx.com.restaurante.test.domain.ClienteDomainTest], using SpringBootContextLoader
[DEBUG] Did not detect default resource location for test class [mx.com.restaurante.test.domain.ClienteDomainTest]: class path resource [mx/com/restaurante/test/domain/ClienteDomainTest-context.xml] does not exist
[DEBUG] Did not detect default resource location for test class [mx.com.restaurante.test.domain.ClienteDomainTest]: class path resource [mx/com/restaurante/test/domain/ClienteDomainTestContext.groovy] does not exist
[INFO] Could not detect default resource locations for test class [mx.com.restaurante.test.domain.ClienteDomainTest]: no resource found for suffixes {-context.xml, Context.groovy}.
[DEBUG] Could not find an 'annotation declaring class' for annotation type [org.springframework.test.context.ActiveProfiles] and class [mx.com.restaurante.test.domain.ClienteDomainTest]
[DEBUG] @TestExecutionListeners is not present for class [mx.com.restaurante.test.domain.ClienteDomainTest]: using defaults.
[INFO] Loaded default TestExecutionListener class names from location [META-INF/spring.factories]: [org.springframework.boot.test.mock.mockito.MockitoTestExecutionListener, org.springframework.boot.test.mock.mockito.ResetMocksTestExecutionListener, org.springframework.boot.test.autoconfigure.restdocs.RestDocsTestExecutionListener, org.springframework.boot.test.autoconfigure.web.client.MockRestServiceServerResetTestExecutionListener, org.springframework.boot.test.autoconfigure.web.servlet.MockMvcPrintOnlyOnFailureTestExecutionListener, org.springframework.boot.test.autoconfigure.web.servlet.WebDriverTestExecutionListener, org.springframework.test.context.web.ServletTestExecutionListener, org.springframework.test.context.support.DirtiesContextBeforeModesTestExecutionListener, org.springframework.test.context.support.DependencyInjectionTestExecutionListener, org.springframework.test.context.support.DirtiesContextTestExecutionListener, org.springframework.test.context.transaction.TransactionalTestExecutionListener, org.springframework.test.context.jdbc.SqlScriptsTestExecutionListener]
[INFO] Using TestExecutionListeners: [org.springframework.test.context.web.ServletTestExecutionListener@48cfcd0, org.springframework.test.context.support.DirtiesContextBeforeModesTestExecutionListener@30d4699, org.springframework.boot.test.autoconfigure.SpringBootDependencyInjectionTestExecutionListener@1fa86105, org.springframework.test.context.support.DirtiesContextTestExecutionListener@752231d6, org.springframework.test.context.transaction.TransactionalTestExecutionListener@16ab39de, org.springframework.test.context.jdbc.SqlScriptsTestExecutionListener@7ffb8c1c, org.springframework.boot.test.mock.mockito.MockitoTestExecutionListener@23876aaf, org.springframework.boot.test.autoconfigure.restdocs.RestDocsTestExecutionListener@47cf5388, org.springframework.boot.test.autoconfigure.web.client.MockRestServiceServerResetTestExecutionListener@8e5f766, org.springframework.boot.test.autoconfigure.web.servlet.WebDriverTestExecutionListener@2bdd010a, org.springframework.boot.test.autoconfigure.web.servlet.MockMvcPrintOnlyOnFailureTestExecutionListener@3397d4cc, org.springframework.boot.test.mock.mockito.ResetMocksTestExecutionListener@ef99225]
[DEBUG] Retrieved @ProfileValueSourceConfiguration [null] for test class [mx.com.restaurante.test.domain.ClienteDomainTest]
[DEBUG] Retrieved ProfileValueSource type [class org.springframework.test.annotation.SystemProfileValueSource] for class [mx.com.restaurante.test.domain.ClienteDomainTest]
[DEBUG] Retrieved @ProfileValueSourceConfiguration [null] for test class [mx.com.restaurante.test.domain.ClienteDomainTest]
[DEBUG] Retrieved ProfileValueSource type [class org.springframework.test.annotation.SystemProfileValueSource] for class [mx.com.restaurante.test.domain.ClienteDomainTest]
[DEBUG] Before test class: context [DefaultTestContext@29800a5b testClass = ClienteDomainTest, testInstance = [null], testMethod = [null], testException = [null], mergedContextConfiguration = [WebMergedContextConfiguration@6a168b30 testClass = ClienteDomainTest, locations = '{}', classes = '{class mx.com.restaurante.Application, class mx.com.restaurante.Application}', contextInitializerClasses = '[]', activeProfiles = '{}', propertySourceLocations = '{}', propertySourceProperties = '{org.springframework.boot.test.context.SpringBootTestContextBootstrapper=true}', contextCustomizers = set[org.springframework.boot.test.context.SpringBootTestContextCustomizer@1dbfecae, org.springframework.boot.test.context.filter.ExcludeFilterContextCustomizer@529a41a, org.springframework.boot.test.mock.mockito.MockitoContextCustomizer@0, org.springframework.boot.test.autoconfigure.properties.PropertyMappingContextCustomizer@0, org.springframework.boot.test.autoconfigure.web.servlet.WebDriverContextCustomizerFactory$Customizer@11bbfd47], resourceBasePath = 'src/main/webapp', contextLoader = 'org.springframework.boot.test.context.SpringBootContextLoader', parent = [null]]], class annotated with @DirtiesContext [false] with mode [null].
[DEBUG] Retrieved @ProfileValueSourceConfiguration [null] for test class [mx.com.restaurante.test.domain.ClienteDomainTest]
[DEBUG] Retrieved ProfileValueSource type [class org.springframework.test.annotation.SystemProfileValueSource] for class [mx.com.restaurante.test.domain.ClienteDomainTest]
[DEBUG] Retrieved ApplicationContext from cache with key [[WebMergedContextConfiguration@6a168b30 testClass = ClienteDomainTest, locations = '{}', classes = '{class mx.com.restaurante.Application, class mx.com.restaurante.Application}', contextInitializerClasses = '[]', activeProfiles = '{}', propertySourceLocations = '{}', propertySourceProperties = '{org.springframework.boot.test.context.SpringBootTestContextBootstrapper=true}', contextCustomizers = set[org.springframework.boot.test.context.SpringBootTestContextCustomizer@1dbfecae, org.springframework.boot.test.context.filter.ExcludeFilterContextCustomizer@529a41a, org.springframework.boot.test.mock.mockito.MockitoContextCustomizer@0, org.springframework.boot.test.autoconfigure.properties.PropertyMappingContextCustomizer@0, org.springframework.boot.test.autoconfigure.web.servlet.WebDriverContextCustomizerFactory$Customizer@11bbfd47], resourceBasePath = 'src/main/webapp', contextLoader = 'org.springframework.boot.test.context.SpringBootContextLoader', parent = [null]]]
[DEBUG] Spring test ApplicationContext cache statistics: [DefaultContextCache@6b3ebb48 size = 2, maxSize = 32, parentContextCount = 0, hitCount = 35, missCount = 2]
[DEBUG] Setting up MockHttpServletRequest, MockHttpServletResponse, ServletWebRequest, and RequestContextHolder for test context [DefaultTestContext@29800a5b testClass = ClienteDomainTest, testInstance = mx.com.restaurante.test.domain.ClienteDomainTest@67aa030a, testMethod = [null], testException = [null], mergedContextConfiguration = [WebMergedContextConfiguration@6a168b30 testClass = ClienteDomainTest, locations = '{}', classes = '{class mx.com.restaurante.Application, class mx.com.restaurante.Application}', contextInitializerClasses = '[]', activeProfiles = '{}', propertySourceLocations = '{}', propertySourceProperties = '{org.springframework.boot.test.context.SpringBootTestContextBootstrapper=true}', contextCustomizers = set[org.springframework.boot.test.context.SpringBootTestContextCustomizer@1dbfecae, org.springframework.boot.test.context.filter.ExcludeFilterContextCustomizer@529a41a, org.springframework.boot.test.mock.mockito.MockitoContextCustomizer@0, org.springframework.boot.test.autoconfigure.properties.PropertyMappingContextCustomizer@0, org.springframework.boot.test.autoconfigure.web.servlet.WebDriverContextCustomizerFactory$Customizer@11bbfd47], resourceBasePath = 'src/main/webapp', contextLoader = 'org.springframework.boot.test.context.SpringBootContextLoader', parent = [null]]].
[DEBUG] Performing dependency injection for test context [[DefaultTestContext@29800a5b testClass = ClienteDomainTest, testInstance = mx.com.restaurante.test.domain.ClienteDomainTest@67aa030a, testMethod = [null], testException = [null], mergedContextConfiguration = [WebMergedContextConfiguration@6a168b30 testClass = ClienteDomainTest, locations = '{}', classes = '{class mx.com.restaurante.Application, class mx.com.restaurante.Application}', contextInitializerClasses = '[]', activeProfiles = '{}', propertySourceLocations = '{}', propertySourceProperties = '{org.springframework.boot.test.context.SpringBootTestContextBootstrapper=true}', contextCustomizers = set[org.springframework.boot.test.context.SpringBootTestContextCustomizer@1dbfecae, org.springframework.boot.test.context.filter.ExcludeFilterContextCustomizer@529a41a, org.springframework.boot.test.mock.mockito.MockitoContextCustomizer@0, org.springframework.boot.test.autoconfigure.properties.PropertyMappingContextCustomizer@0, org.springframework.boot.test.autoconfigure.web.servlet.WebDriverContextCustomizerFactory$Customizer@11bbfd47], resourceBasePath = 'src/main/webapp', contextLoader = 'org.springframework.boot.test.context.SpringBootContextLoader', parent = [null]]]].
[DEBUG] Retrieved ApplicationContext from cache with key [[WebMergedContextConfiguration@6a168b30 testClass = ClienteDomainTest, locations = '{}', classes = '{class mx.com.restaurante.Application, class mx.com.restaurante.Application}', contextInitializerClasses = '[]', activeProfiles = '{}', propertySourceLocations = '{}', propertySourceProperties = '{org.springframework.boot.test.context.SpringBootTestContextBootstrapper=true}', contextCustomizers = set[org.springframework.boot.test.context.SpringBootTestContextCustomizer@1dbfecae, org.springframework.boot.test.context.filter.ExcludeFilterContextCustomizer@529a41a, org.springframework.boot.test.mock.mockito.MockitoContextCustomizer@0, org.springframework.boot.test.autoconfigure.properties.PropertyMappingContextCustomizer@0, org.springframework.boot.test.autoconfigure.web.servlet.WebDriverContextCustomizerFactory$Customizer@11bbfd47], resourceBasePath = 'src/main/webapp', contextLoader = 'org.springframework.boot.test.context.SpringBootContextLoader', parent = [null]]]
[DEBUG] Spring test ApplicationContext cache statistics: [DefaultContextCache@6b3ebb48 size = 2, maxSize = 32, parentContextCount = 0, hitCount = 36, missCount = 2]
[DEBUG] Processing injected element of bean 'mx.com.restaurante.test.domain.ClienteDomainTest': AutowiredFieldElement for mx.com.restaurante.domain.repository.ClienteRepository mx.com.restaurante.test.domain.ClienteDomainTest.clienteRepository
[DEBUG] Returning cached instance of singleton bean 'clienteRepository'
[DEBUG] Autowiring by type from bean name 'mx.com.restaurante.test.domain.ClienteDomainTest' to bean named 'clienteRepository'
[DEBUG] Processing injected element of bean 'mx.com.restaurante.test.domain.ClienteDomainTest': AutowiredFieldElement for mx.com.restaurante.domain.repository.ReservacionRepository mx.com.restaurante.test.domain.ClienteDomainTest.reservacionRepository
[DEBUG] Returning cached instance of singleton bean 'reservacionRepository'
[DEBUG] Autowiring by type from bean name 'mx.com.restaurante.test.domain.ClienteDomainTest' to bean named 'reservacionRepository'
[DEBUG] Processing injected element of bean 'mx.com.restaurante.test.domain.ClienteDomainTest': AutowiredFieldElement for javax.sql.DataSource mx.com.restaurante.test.domain.ClienteDomainTest.dataSource
[DEBUG] Returning cached instance of singleton bean 'dataSource'
[DEBUG] Autowiring by type from bean name 'mx.com.restaurante.test.domain.ClienteDomainTest' to bean named 'dataSource'
[DEBUG] Returning cached instance of singleton bean 'org.springframework.transaction.config.internalTransactionAdvisor'
[DEBUG] Returning cached instance of singleton bean 'org.springframework.transaction.config.internalTransactionAdvisor'
[DEBUG] Before test method: context [DefaultTestContext@29800a5b testClass = ClienteDomainTest, testInstance = mx.com.restaurante.test.domain.ClienteDomainTest@67aa030a, testMethod = actualizarClienteTest@ClienteDomainTest, testException = [null], mergedContextConfiguration = [WebMergedContextConfiguration@6a168b30 testClass = ClienteDomainTest, locations = '{}', classes = '{class mx.com.restaurante.Application, class mx.com.restaurante.Application}', contextInitializerClasses = '[]', activeProfiles = '{}', propertySourceLocations = '{}', propertySourceProperties = '{org.springframework.boot.test.context.SpringBootTestContextBootstrapper=true}', contextCustomizers = set[org.springframework.boot.test.context.SpringBootTestContextCustomizer@1dbfecae, org.springframework.boot.test.context.filter.ExcludeFilterContextCustomizer@529a41a, org.springframework.boot.test.mock.mockito.MockitoContextCustomizer@0, org.springframework.boot.test.autoconfigure.properties.PropertyMappingContextCustomizer@0, org.springframework.boot.test.autoconfigure.web.servlet.WebDriverContextCustomizerFactory$Customizer@11bbfd47], resourceBasePath = 'src/main/webapp', contextLoader = 'org.springframework.boot.test.context.SpringBootContextLoader', parent = [null]]], class annotated with @DirtiesContext [false] with mode [null], method annotated with @DirtiesContext [false] with mode [null].
[DEBUG] Retrieved ApplicationContext from cache with key [[WebMergedContextConfiguration@6a168b30 testClass = ClienteDomainTest, locations = '{}', classes = '{class mx.com.restaurante.Application, class mx.com.restaurante.Application}', contextInitializerClasses = '[]', activeProfiles = '{}', propertySourceLocations = '{}', propertySourceProperties = '{org.springframework.boot.test.context.SpringBootTestContextBootstrapper=true}', contextCustomizers = set[org.springframework.boot.test.context.SpringBootTestContextCustomizer@1dbfecae, org.springframework.boot.test.context.filter.ExcludeFilterContextCustomizer@529a41a, org.springframework.boot.test.mock.mockito.MockitoContextCustomizer@0, org.springframework.boot.test.autoconfigure.properties.PropertyMappingContextCustomizer@0, org.springframework.boot.test.autoconfigure.web.servlet.WebDriverContextCustomizerFactory$Customizer@11bbfd47], resourceBasePath = 'src/main/webapp', contextLoader = 'org.springframework.boot.test.context.SpringBootContextLoader', parent = [null]]]
[DEBUG] Spring test ApplicationContext cache statistics: [DefaultContextCache@6b3ebb48 size = 2, maxSize = 32, parentContextCount = 0, hitCount = 37, missCount = 2]
[DEBUG] Returning cached instance of singleton bean 'org.springframework.boot.test.mock.mockito.MockitoBeans'
[DEBUG] Database connection info: 
	database product name=MySQL
	database version=5.6.17
	database major version=5
	database minor version=6
	jdbc driver name=MySQL Connector Java
	jdbc driver version=mysql-connector-java-5.1.31 ( Revision: alexander.soklakov@oracle.com-20140520065950-groqzzbvxprqdmnz )
	jdbc driver major version=5
	jdbc driver minor version=1

[DEBUG] validateSchema(validateStrict=false) - start
[DEBUG] Schema is null. Nothing to validate.
[DEBUG] Creating FlatXmlDataSet with builder parameters: org.dbunit.dataset.xml.FlatXmlDataSetBuilder[dtdMetadata=true, columnSensing=false, caseSensitiveTableNames=false, metaDataSet=null]
[DEBUG] Creating FlatXmlProducer using the properties of this builder: org.dbunit.dataset.xml.FlatXmlDataSetBuilder[dtdMetadata=true, columnSensing=false, caseSensitiveTableNames=false, metaDataSet=null]
[DEBUG] setConsumer(consumer) - start
[DEBUG] produce() - start
[DEBUG] setLexicalHandler(xmlReader=com.sun.org.apache.xerces.internal.jaxp.SAXParserImpl$JAXPSAXParser@37e6e08f, handler=org.dbunit.dataset.xml.FlatXmlProducer$FlatDtdHandler@63237b39) - start
[DEBUG] setDeclHandler(xmlReader=com.sun.org.apache.xerces.internal.jaxp.SAXParserImpl$JAXPSAXParser@37e6e08f, handler=org.dbunit.dataset.xml.FlatXmlProducer$FlatDtdHandler@63237b39) - start
[DEBUG] startElement(uri=, localName=, qName=dataset, attributes=com.sun.org.apache.xerces.internal.parsers.AbstractSAXParser$AttributesProxy@253c658e) - start
[DEBUG] startDataSet() - start
[DEBUG] startElement(uri=, localName=, qName=reservacion, attributes=com.sun.org.apache.xerces.internal.parsers.AbstractSAXParser$AttributesProxy@253c658e) - start
[DEBUG] getLastTableName() - start
[DEBUG] isLastTable(tableName=reservacion) - start
[DEBUG] getTableName(tableName=reservacion) - start
[DEBUG] getTableName(tableName=reservacion) - end - result=RESERVACION
[DEBUG] createTableMetaData(tableName=reservacion, attributes=com.sun.org.apache.xerces.internal.parsers.AbstractSAXParser$AttributesProxy@253c658e) - start
[DEBUG] getColumns(columnNames=[], columns=[(idreservacion, UNKNOWN, nullableUnknown), (fecha, UNKNOWN, nullableUnknown), (num_personas, UNKNOWN, nullableUnknown), (num_mesas, UNKNOWN, nullableUnknown), (horario, UNKNOWN, nullableUnknown), (idcliente, UNKNOWN, nullableUnknown)]) - start
[DEBUG] add(tableName=reservacion, object=tableName=reservacion, columns=[(idreservacion, UNKNOWN, nullableUnknown), (fecha, UNKNOWN, nullableUnknown), (num_personas, UNKNOWN, nullableUnknown), (num_mesas, UNKNOWN, nullableUnknown), (horario, UNKNOWN, nullableUnknown), (idcliente, UNKNOWN, nullableUnknown)], keys=[]) - start
[DEBUG] getTableName(tableName=reservacion) - start
[DEBUG] getTableName(tableName=reservacion) - end - result=RESERVACION
[DEBUG] getTableName(tableName=RESERVACION) - start
[DEBUG] getTableName(tableName=RESERVACION) - end - result=RESERVACION
[DEBUG] startTable(metaData=tableName=reservacion, columns=[(idreservacion, UNKNOWN, nullableUnknown), (fecha, UNKNOWN, nullableUnknown), (num_personas, UNKNOWN, nullableUnknown), (num_mesas, UNKNOWN, nullableUnknown), (horario, UNKNOWN, nullableUnknown), (idcliente, UNKNOWN, nullableUnknown)], keys=[]) - start
[DEBUG] getLastTableName() - start
[DEBUG] getTableName(tableName=reservacion) - start
[DEBUG] getTableName(tableName=reservacion) - end - result=RESERVACION
[DEBUG] getColumnIndex(columnName=idreservacion) - start
[DEBUG] getColumnIndex(columnName=fecha) - start
[DEBUG] getColumnIndex(columnName=num_personas) - start
[DEBUG] getColumnIndex(columnName=num_mesas) - start
[DEBUG] getColumnIndex(columnName=horario) - start
[DEBUG] getColumnIndex(columnName=idcliente) - start
[DEBUG] getLastTableName() - start
[DEBUG] getTableName(tableName=reservacion) - start
[DEBUG] getTableName(tableName=reservacion) - end - result=RESERVACION
[DEBUG] row(values=18) - start
[DEBUG] addRow(values=18) - start
[DEBUG] endElement(uri=, localName=, qName=reservacion) - start
[DEBUG] endElement(uri=, localName=, qName=dataset) - start
[DEBUG] getLastTableName() - start
[DEBUG] getTableName(tableName=reservacion) - start
[DEBUG] getTableName(tableName=reservacion) - end - result=RESERVACION
[DEBUG] endTable() - start
[DEBUG] getTableName(tableName=reservacion) - start
[DEBUG] getTableName(tableName=reservacion) - end - result=RESERVACION
[DEBUG] add(tableName=reservacion, object=org.dbunit.dataset.DefaultTable[_metaData=tableName=reservacion, columns=[(idreservacion, UNKNOWN, nullableUnknown), (fecha, UNKNOWN, nullableUnknown), (num_personas, UNKNOWN, nullableUnknown), (num_mesas, UNKNOWN, nullableUnknown), (horario, UNKNOWN, nullableUnknown), (idcliente, UNKNOWN, nullableUnknown)], keys=[], _rowList.size()=1]) - start
[DEBUG] getTableName(tableName=reservacion) - start
[DEBUG] getTableName(tableName=reservacion) - end - result=RESERVACION
[DEBUG] getTableName(tableName=RESERVACION) - start
[DEBUG] getTableName(tableName=RESERVACION) - end - result=RESERVACION
[DEBUG] endDataSet() - start
[DEBUG] endDataSet() - the final tableMap is: org.dbunit.dataset.OrderedTableNameMap[_tableNames=[reservacion], _tableMap={RESERVACION=org.dbunit.dataset.DefaultTable[_metaData=tableName=reservacion, columns=[(idreservacion, UNKNOWN, nullableUnknown), (fecha, UNKNOWN, nullableUnknown), (num_personas, UNKNOWN, nullableUnknown), (num_mesas, UNKNOWN, nullableUnknown), (horario, UNKNOWN, nullableUnknown), (idcliente, UNKNOWN, nullableUnknown)], keys=[], _rowList.size()=1]}, _caseSensitiveTableNames=false]
[DEBUG] Creating FlatXmlDataSet with builder parameters: org.dbunit.dataset.xml.FlatXmlDataSetBuilder[dtdMetadata=true, columnSensing=false, caseSensitiveTableNames=false, metaDataSet=null]
[DEBUG] Creating FlatXmlProducer using the properties of this builder: org.dbunit.dataset.xml.FlatXmlDataSetBuilder[dtdMetadata=true, columnSensing=false, caseSensitiveTableNames=false, metaDataSet=null]
[DEBUG] setConsumer(consumer) - start
[DEBUG] produce() - start
[DEBUG] setLexicalHandler(xmlReader=com.sun.org.apache.xerces.internal.jaxp.SAXParserImpl$JAXPSAXParser@15f02660, handler=org.dbunit.dataset.xml.FlatXmlProducer$FlatDtdHandler@f15998) - start
[DEBUG] setDeclHandler(xmlReader=com.sun.org.apache.xerces.internal.jaxp.SAXParserImpl$JAXPSAXParser@15f02660, handler=org.dbunit.dataset.xml.FlatXmlProducer$FlatDtdHandler@f15998) - start
[DEBUG] startElement(uri=, localName=, qName=dataset, attributes=com.sun.org.apache.xerces.internal.parsers.AbstractSAXParser$AttributesProxy@63806913) - start
[DEBUG] startDataSet() - start
[DEBUG] startElement(uri=, localName=, qName=cliente, attributes=com.sun.org.apache.xerces.internal.parsers.AbstractSAXParser$AttributesProxy@63806913) - start
[DEBUG] getLastTableName() - start
[DEBUG] isLastTable(tableName=cliente) - start
[DEBUG] getTableName(tableName=cliente) - start
[DEBUG] getTableName(tableName=cliente) - end - result=CLIENTE
[DEBUG] createTableMetaData(tableName=cliente, attributes=com.sun.org.apache.xerces.internal.parsers.AbstractSAXParser$AttributesProxy@63806913) - start
[DEBUG] getColumns(columnNames=[], columns=[(idcliente, UNKNOWN, nullableUnknown), (nombre, UNKNOWN, nullableUnknown), (telefono, UNKNOWN, nullableUnknown), (email, UNKNOWN, nullableUnknown), (comentario, UNKNOWN, nullableUnknown)]) - start
[DEBUG] add(tableName=cliente, object=tableName=cliente, columns=[(idcliente, UNKNOWN, nullableUnknown), (nombre, UNKNOWN, nullableUnknown), (telefono, UNKNOWN, nullableUnknown), (email, UNKNOWN, nullableUnknown), (comentario, UNKNOWN, nullableUnknown)], keys=[]) - start
[DEBUG] getTableName(tableName=cliente) - start
[DEBUG] getTableName(tableName=cliente) - end - result=CLIENTE
[DEBUG] getTableName(tableName=CLIENTE) - start
[DEBUG] getTableName(tableName=CLIENTE) - end - result=CLIENTE
[DEBUG] startTable(metaData=tableName=cliente, columns=[(idcliente, UNKNOWN, nullableUnknown), (nombre, UNKNOWN, nullableUnknown), (telefono, UNKNOWN, nullableUnknown), (email, UNKNOWN, nullableUnknown), (comentario, UNKNOWN, nullableUnknown)], keys=[]) - start
[DEBUG] getLastTableName() - start
[DEBUG] getTableName(tableName=cliente) - start
[DEBUG] getTableName(tableName=cliente) - end - result=CLIENTE
[DEBUG] getColumnIndex(columnName=idcliente) - start
[DEBUG] getColumnIndex(columnName=nombre) - start
[DEBUG] getColumnIndex(columnName=telefono) - start
[DEBUG] getColumnIndex(columnName=email) - start
[DEBUG] getColumnIndex(columnName=comentario) - start
[DEBUG] getLastTableName() - start
[DEBUG] getTableName(tableName=cliente) - start
[DEBUG] getTableName(tableName=cliente) - end - result=CLIENTE
[DEBUG] row(values=18) - start
[DEBUG] addRow(values=18) - start
[DEBUG] endElement(uri=, localName=, qName=cliente) - start
[DEBUG] endElement(uri=, localName=, qName=dataset) - start
[DEBUG] getLastTableName() - start
[DEBUG] getTableName(tableName=cliente) - start
[DEBUG] getTableName(tableName=cliente) - end - result=CLIENTE
[DEBUG] endTable() - start
[DEBUG] getTableName(tableName=cliente) - start
[DEBUG] getTableName(tableName=cliente) - end - result=CLIENTE
[DEBUG] add(tableName=cliente, object=org.dbunit.dataset.DefaultTable[_metaData=tableName=cliente, columns=[(idcliente, UNKNOWN, nullableUnknown), (nombre, UNKNOWN, nullableUnknown), (telefono, UNKNOWN, nullableUnknown), (email, UNKNOWN, nullableUnknown), (comentario, UNKNOWN, nullableUnknown)], keys=[], _rowList.size()=1]) - start
[DEBUG] getTableName(tableName=cliente) - start
[DEBUG] getTableName(tableName=cliente) - end - result=CLIENTE
[DEBUG] getTableName(tableName=CLIENTE) - start
[DEBUG] getTableName(tableName=CLIENTE) - end - result=CLIENTE
[DEBUG] endDataSet() - start
[DEBUG] endDataSet() - the final tableMap is: org.dbunit.dataset.OrderedTableNameMap[_tableNames=[cliente], _tableMap={CLIENTE=org.dbunit.dataset.DefaultTable[_metaData=tableName=cliente, columns=[(idcliente, UNKNOWN, nullableUnknown), (nombre, UNKNOWN, nullableUnknown), (telefono, UNKNOWN, nullableUnknown), (email, UNKNOWN, nullableUnknown), (comentario, UNKNOWN, nullableUnknown)], keys=[], _rowList.size()=1]}, _caseSensitiveTableNames=false]
[DEBUG] execute(connection=org.dbunit.database.DatabaseConnection[schema=null, connection=ProxyConnection[PooledConnection[com.mysql.jdbc.JDBC4Connection@5b2ed5af]], super=_databaseConfig=org.dbunit.database.DatabaseConfig[, _propertyMap={http://www.dbunit.org/features/qualifiedTableNames=false, http://www.dbunit.org/properties/tableType=[Ljava.lang.String;@4d068eb0, http://www.dbunit.org/properties/batchSize=100, http://www.dbunit.org/properties/statementFactory=org.dbunit.database.statement.PreparedStatementFactory@27497f4c, http://www.dbunit.org/features/batchedStatements=false, http://www.dbunit.org/features/caseSensitiveTableNames=false, http://www.dbunit.org/features/allowEmptyFields=false, http://www.dbunit.org/properties/datatypeFactory=org.dbunit.ext.mysql.MySqlDataTypeFactory[_toleratedDeltaMap=org.dbunit.dataset.datatype.ToleratedDeltaMap@39aa51dd], http://www.dbunit.org/properties/metadataHandler=org.dbunit.database.DefaultMetadataHandler@148468ea, http://www.dbunit.org/properties/fetchSize=100, http://www.dbunit.org/properties/resultSetTableFactory=org.dbunit.database.CachedResultSetTableFactory@6d8e17c4, http://www.dbunit.org/features/datatypeWarning=true, http://www.dbunit.org/properties/escapePattern=null}], _dataSet=null], dataSet=AbstractDataSet[_orderedTableNameMap=null]) - start
[DEBUG] createDataSet() - start
[DEBUG] createBatchStatement(connection=org.dbunit.database.DatabaseConnection[schema=null, connection=ProxyConnection[PooledConnection[com.mysql.jdbc.JDBC4Connection@5b2ed5af]], super=_databaseConfig=org.dbunit.database.DatabaseConfig[, _propertyMap={http://www.dbunit.org/features/qualifiedTableNames=false, http://www.dbunit.org/properties/tableType=[Ljava.lang.String;@4d068eb0, http://www.dbunit.org/properties/batchSize=100, http://www.dbunit.org/properties/statementFactory=org.dbunit.database.statement.PreparedStatementFactory@27497f4c, http://www.dbunit.org/features/batchedStatements=false, http://www.dbunit.org/features/caseSensitiveTableNames=false, http://www.dbunit.org/features/allowEmptyFields=false, http://www.dbunit.org/properties/datatypeFactory=org.dbunit.ext.mysql.MySqlDataTypeFactory[_toleratedDeltaMap=org.dbunit.dataset.datatype.ToleratedDeltaMap@39aa51dd], http://www.dbunit.org/properties/metadataHandler=org.dbunit.database.DefaultMetadataHandler@148468ea, http://www.dbunit.org/properties/fetchSize=100, http://www.dbunit.org/properties/resultSetTableFactory=org.dbunit.database.CachedResultSetTableFactory@6d8e17c4, http://www.dbunit.org/features/datatypeWarning=true, http://www.dbunit.org/properties/escapePattern=null}], _dataSet=AbstractDataSet[_orderedTableNameMap=null]]) - start
[DEBUG] supportBatchStatement(connection=org.dbunit.database.DatabaseConnection[schema=null, connection=ProxyConnection[PooledConnection[com.mysql.jdbc.JDBC4Connection@5b2ed5af]], super=_databaseConfig=org.dbunit.database.DatabaseConfig[, _propertyMap={http://www.dbunit.org/features/qualifiedTableNames=false, http://www.dbunit.org/properties/tableType=[Ljava.lang.String;@4d068eb0, http://www.dbunit.org/properties/batchSize=100, http://www.dbunit.org/properties/statementFactory=org.dbunit.database.statement.PreparedStatementFactory@27497f4c, http://www.dbunit.org/features/batchedStatements=false, http://www.dbunit.org/features/caseSensitiveTableNames=false, http://www.dbunit.org/features/allowEmptyFields=false, http://www.dbunit.org/properties/datatypeFactory=org.dbunit.ext.mysql.MySqlDataTypeFactory[_toleratedDeltaMap=org.dbunit.dataset.datatype.ToleratedDeltaMap@39aa51dd], http://www.dbunit.org/properties/metadataHandler=org.dbunit.database.DefaultMetadataHandler@148468ea, http://www.dbunit.org/properties/fetchSize=100, http://www.dbunit.org/properties/resultSetTableFactory=org.dbunit.database.CachedResultSetTableFactory@6d8e17c4, http://www.dbunit.org/features/datatypeWarning=true, http://www.dbunit.org/properties/escapePattern=null}], _dataSet=AbstractDataSet[_orderedTableNameMap=null]]) - start
[DEBUG] iterator() - start
[DEBUG] createIterator(reversed=false) - start
[DEBUG] orderedValues() - start
[DEBUG] getTableName(tableName=reservacion) - start
[DEBUG] getTableName(tableName=reservacion) - end - result=RESERVACION
[DEBUG] getTableMetaData() - start
[DEBUG] getTable() - start
[DEBUG] getTableMetaData(tableName=reservacion) - start
[DEBUG] initialize() - start
[DEBUG] Initializing the data set from the database...
[DEBUG] 
	database product name=MySQL
	database version=5.6.17
	database major version=5
	database minor version=6
	jdbc driver name=MySQL Connector Java
	jdbc driver version=mysql-connector-java-5.1.31 ( Revision: alexander.soklakov@oracle.com-20140520065950-groqzzbvxprqdmnz )
	jdbc driver major version=5
	jdbc driver minor version=1

[DEBUG] metadata resultset=com.mysql.jdbc.JDBC4ResultSet@1a13b843
[DEBUG] getQualifiedNameIfEnabled(config=org.dbunit.database.DatabaseConfig[, _propertyMap={http://www.dbunit.org/features/qualifiedTableNames=false, http://www.dbunit.org/properties/tableType=[Ljava.lang.String;@4d068eb0, http://www.dbunit.org/properties/batchSize=100, http://www.dbunit.org/properties/statementFactory=org.dbunit.database.statement.PreparedStatementFactory@27497f4c, http://www.dbunit.org/features/batchedStatements=false, http://www.dbunit.org/features/caseSensitiveTableNames=false, http://www.dbunit.org/features/allowEmptyFields=false, http://www.dbunit.org/properties/datatypeFactory=org.dbunit.ext.mysql.MySqlDataTypeFactory[_toleratedDeltaMap=org.dbunit.dataset.datatype.ToleratedDeltaMap@39aa51dd], http://www.dbunit.org/properties/metadataHandler=org.dbunit.database.DefaultMetadataHandler@148468ea, http://www.dbunit.org/properties/fetchSize=100, http://www.dbunit.org/properties/resultSetTableFactory=org.dbunit.database.CachedResultSetTableFactory@6d8e17c4, http://www.dbunit.org/features/datatypeWarning=true, http://www.dbunit.org/properties/escapePattern=null}]) - start
[DEBUG] Qualified table names feature is disabled. Returning plain table name
[DEBUG] getQualifiedName(prefix=null, name=cliente, escapePattern=null) - start
[DEBUG] add(tableName=cliente, object=null) - start
[DEBUG] getTableName(tableName=cliente) - start
[DEBUG] getTableName(tableName=cliente) - end - result=CLIENTE
[DEBUG] getTableName(tableName=CLIENTE) - start
[DEBUG] getTableName(tableName=CLIENTE) - end - result=CLIENTE
[DEBUG] getQualifiedNameIfEnabled(config=org.dbunit.database.DatabaseConfig[, _propertyMap={http://www.dbunit.org/features/qualifiedTableNames=false, http://www.dbunit.org/properties/tableType=[Ljava.lang.String;@4d068eb0, http://www.dbunit.org/properties/batchSize=100, http://www.dbunit.org/properties/statementFactory=org.dbunit.database.statement.PreparedStatementFactory@27497f4c, http://www.dbunit.org/features/batchedStatements=false, http://www.dbunit.org/features/caseSensitiveTableNames=false, http://www.dbunit.org/features/allowEmptyFields=false, http://www.dbunit.org/properties/datatypeFactory=org.dbunit.ext.mysql.MySqlDataTypeFactory[_toleratedDeltaMap=org.dbunit.dataset.datatype.ToleratedDeltaMap@39aa51dd], http://www.dbunit.org/properties/metadataHandler=org.dbunit.database.DefaultMetadataHandler@148468ea, http://www.dbunit.org/properties/fetchSize=100, http://www.dbunit.org/properties/resultSetTableFactory=org.dbunit.database.CachedResultSetTableFactory@6d8e17c4, http://www.dbunit.org/features/datatypeWarning=true, http://www.dbunit.org/properties/escapePattern=null}]) - start
[DEBUG] Qualified table names feature is disabled. Returning plain table name
[DEBUG] getQualifiedName(prefix=null, name=reservacion, escapePattern=null) - start
[DEBUG] add(tableName=reservacion, object=null) - start
[DEBUG] getTableName(tableName=reservacion) - start
[DEBUG] getTableName(tableName=reservacion) - end - result=RESERVACION
[DEBUG] getTableName(tableName=RESERVACION) - start
[DEBUG] getTableName(tableName=RESERVACION) - end - result=RESERVACION
[DEBUG] getTableName(tableName=reservacion) - start
[DEBUG] getTableName(tableName=reservacion) - end - result=RESERVACION
[DEBUG] getTableName(tableName=reservacion) - start
[DEBUG] getTableName(tableName=reservacion) - end - result=RESERVACION
[DEBUG] isEscaped returns 'false' for tableName=reservacion (dbIdentifierQuoteString=`)
[DEBUG] Validating if table 'reservacion' exists in schema 'null' ...
[DEBUG] close(resultSet=com.mysql.jdbc.JDBC4ResultSet@1028f7dd) - start
[DEBUG] update(tableName=reservacion, object=table=reservacion, cols=[(idreservacion, INTEGER, noNulls), (fecha, DATE, noNulls), (num_personas, INTEGER, noNulls), (num_mesas, INTEGER, noNulls), (horario, VARCHAR, noNulls), (idcliente, INTEGER, nullable)], pk=[(idreservacion, INTEGER, noNulls)]) - start
[DEBUG] getTableName(tableName=reservacion) - start
[DEBUG] getTableName(tableName=reservacion) - end - result=RESERVACION
[DEBUG] getTableName(tableName=reservacion) - start
[DEBUG] getTableName(tableName=reservacion) - end - result=RESERVACION
[DEBUG] getQualifiedName(prefix=null, name=reservacion, connection=org.dbunit.database.DatabaseConnection[schema=null, connection=ProxyConnection[PooledConnection[com.mysql.jdbc.JDBC4Connection@5b2ed5af]], super=_databaseConfig=org.dbunit.database.DatabaseConfig[, _propertyMap={http://www.dbunit.org/features/qualifiedTableNames=false, http://www.dbunit.org/properties/tableType=[Ljava.lang.String;@4d068eb0, http://www.dbunit.org/properties/batchSize=100, http://www.dbunit.org/properties/statementFactory=org.dbunit.database.statement.PreparedStatementFactory@27497f4c, http://www.dbunit.org/features/batchedStatements=false, http://www.dbunit.org/features/caseSensitiveTableNames=false, http://www.dbunit.org/features/allowEmptyFields=false, http://www.dbunit.org/properties/datatypeFactory=org.dbunit.ext.mysql.MySqlDataTypeFactory[_toleratedDeltaMap=org.dbunit.dataset.datatype.ToleratedDeltaMap@39aa51dd], http://www.dbunit.org/properties/metadataHandler=org.dbunit.database.DefaultMetadataHandler@148468ea, http://www.dbunit.org/properties/fetchSize=100, http://www.dbunit.org/properties/resultSetTableFactory=org.dbunit.database.CachedResultSetTableFactory@6d8e17c4, http://www.dbunit.org/features/datatypeWarning=true, http://www.dbunit.org/properties/escapePattern=null}], _dataSet=AbstractDataSet[_orderedTableNameMap=null]]) - start
[DEBUG] getQualifiedName() - start
[DEBUG] getQualifiedName(prefix=null, name=reservacion, escapePattern=null) - start
[DEBUG] addBatch(sql=delete from reservacion) - start
[DEBUG] Added SQL: delete from reservacion
[DEBUG] executeBatch() - start
[DEBUG] DbUnit SQL: delete from reservacion
[DEBUG] clearBatch() - start
[DEBUG] close() - start
[DEBUG] execute(connection=org.dbunit.database.DatabaseConnection[schema=null, connection=ProxyConnection[PooledConnection[com.mysql.jdbc.JDBC4Connection@5b2ed5af]], super=_databaseConfig=org.dbunit.database.DatabaseConfig[, _propertyMap={http://www.dbunit.org/features/qualifiedTableNames=false, http://www.dbunit.org/properties/tableType=[Ljava.lang.String;@4d068eb0, http://www.dbunit.org/properties/batchSize=100, http://www.dbunit.org/properties/statementFactory=org.dbunit.database.statement.PreparedStatementFactory@27497f4c, http://www.dbunit.org/features/batchedStatements=false, http://www.dbunit.org/features/caseSensitiveTableNames=false, http://www.dbunit.org/features/allowEmptyFields=false, http://www.dbunit.org/properties/datatypeFactory=org.dbunit.ext.mysql.MySqlDataTypeFactory[_toleratedDeltaMap=org.dbunit.dataset.datatype.ToleratedDeltaMap@39aa51dd], http://www.dbunit.org/properties/metadataHandler=org.dbunit.database.DefaultMetadataHandler@148468ea, http://www.dbunit.org/properties/fetchSize=100, http://www.dbunit.org/properties/resultSetTableFactory=org.dbunit.database.CachedResultSetTableFactory@6d8e17c4, http://www.dbunit.org/features/datatypeWarning=true, http://www.dbunit.org/properties/escapePattern=null}], _dataSet=AbstractDataSet[_orderedTableNameMap=null]], dataSet=AbstractDataSet[_orderedTableNameMap=null]) - start
[DEBUG] createDataSet() - start
[DEBUG] createBatchStatement(connection=org.dbunit.database.DatabaseConnection[schema=null, connection=ProxyConnection[PooledConnection[com.mysql.jdbc.JDBC4Connection@5b2ed5af]], super=_databaseConfig=org.dbunit.database.DatabaseConfig[, _propertyMap={http://www.dbunit.org/features/qualifiedTableNames=false, http://www.dbunit.org/properties/tableType=[Ljava.lang.String;@4d068eb0, http://www.dbunit.org/properties/batchSize=100, http://www.dbunit.org/properties/statementFactory=org.dbunit.database.statement.PreparedStatementFactory@27497f4c, http://www.dbunit.org/features/batchedStatements=false, http://www.dbunit.org/features/caseSensitiveTableNames=false, http://www.dbunit.org/features/allowEmptyFields=false, http://www.dbunit.org/properties/datatypeFactory=org.dbunit.ext.mysql.MySqlDataTypeFactory[_toleratedDeltaMap=org.dbunit.dataset.datatype.ToleratedDeltaMap@39aa51dd], http://www.dbunit.org/properties/metadataHandler=org.dbunit.database.DefaultMetadataHandler@148468ea, http://www.dbunit.org/properties/fetchSize=100, http://www.dbunit.org/properties/resultSetTableFactory=org.dbunit.database.CachedResultSetTableFactory@6d8e17c4, http://www.dbunit.org/features/datatypeWarning=true, http://www.dbunit.org/properties/escapePattern=null}], _dataSet=AbstractDataSet[_orderedTableNameMap=null]]) - start
[DEBUG] supportBatchStatement(connection=org.dbunit.database.DatabaseConnection[schema=null, connection=ProxyConnection[PooledConnection[com.mysql.jdbc.JDBC4Connection@5b2ed5af]], super=_databaseConfig=org.dbunit.database.DatabaseConfig[, _propertyMap={http://www.dbunit.org/features/qualifiedTableNames=false, http://www.dbunit.org/properties/tableType=[Ljava.lang.String;@4d068eb0, http://www.dbunit.org/properties/batchSize=100, http://www.dbunit.org/properties/statementFactory=org.dbunit.database.statement.PreparedStatementFactory@27497f4c, http://www.dbunit.org/features/batchedStatements=false, http://www.dbunit.org/features/caseSensitiveTableNames=false, http://www.dbunit.org/features/allowEmptyFields=false, http://www.dbunit.org/properties/datatypeFactory=org.dbunit.ext.mysql.MySqlDataTypeFactory[_toleratedDeltaMap=org.dbunit.dataset.datatype.ToleratedDeltaMap@39aa51dd], http://www.dbunit.org/properties/metadataHandler=org.dbunit.database.DefaultMetadataHandler@148468ea, http://www.dbunit.org/properties/fetchSize=100, http://www.dbunit.org/properties/resultSetTableFactory=org.dbunit.database.CachedResultSetTableFactory@6d8e17c4, http://www.dbunit.org/features/datatypeWarning=true, http://www.dbunit.org/properties/escapePattern=null}], _dataSet=AbstractDataSet[_orderedTableNameMap=null]]) - start
[DEBUG] iterator() - start
[DEBUG] createIterator(reversed=false) - start
[DEBUG] orderedValues() - start
[DEBUG] getTableName(tableName=cliente) - start
[DEBUG] getTableName(tableName=cliente) - end - result=CLIENTE
[DEBUG] getTableMetaData() - start
[DEBUG] getTable() - start
[DEBUG] getTableMetaData(tableName=cliente) - start
[DEBUG] initialize() - start
[DEBUG] getTableName(tableName=cliente) - start
[DEBUG] getTableName(tableName=cliente) - end - result=CLIENTE
[DEBUG] getTableName(tableName=cliente) - start
[DEBUG] getTableName(tableName=cliente) - end - result=CLIENTE
[DEBUG] isEscaped returns 'false' for tableName=cliente (dbIdentifierQuoteString=`)
[DEBUG] Validating if table 'cliente' exists in schema 'null' ...
[DEBUG] close(resultSet=com.mysql.jdbc.JDBC4ResultSet@46a9b1ec) - start
[DEBUG] update(tableName=cliente, object=table=cliente, cols=[(idcliente, INTEGER, noNulls), (nombre, VARCHAR, noNulls), (telefono, VARCHAR, noNulls), (email, VARCHAR, noNulls), (comentario, VARCHAR, nullable)], pk=[(idcliente, INTEGER, noNulls)]) - start
[DEBUG] getTableName(tableName=cliente) - start
[DEBUG] getTableName(tableName=cliente) - end - result=CLIENTE
[DEBUG] getTableName(tableName=cliente) - start
[DEBUG] getTableName(tableName=cliente) - end - result=CLIENTE
[DEBUG] getQualifiedName(prefix=null, name=cliente, connection=org.dbunit.database.DatabaseConnection[schema=null, connection=ProxyConnection[PooledConnection[com.mysql.jdbc.JDBC4Connection@5b2ed5af]], super=_databaseConfig=org.dbunit.database.DatabaseConfig[, _propertyMap={http://www.dbunit.org/features/qualifiedTableNames=false, http://www.dbunit.org/properties/tableType=[Ljava.lang.String;@4d068eb0, http://www.dbunit.org/properties/batchSize=100, http://www.dbunit.org/properties/statementFactory=org.dbunit.database.statement.PreparedStatementFactory@27497f4c, http://www.dbunit.org/features/batchedStatements=false, http://www.dbunit.org/features/caseSensitiveTableNames=false, http://www.dbunit.org/features/allowEmptyFields=false, http://www.dbunit.org/properties/datatypeFactory=org.dbunit.ext.mysql.MySqlDataTypeFactory[_toleratedDeltaMap=org.dbunit.dataset.datatype.ToleratedDeltaMap@39aa51dd], http://www.dbunit.org/properties/metadataHandler=org.dbunit.database.DefaultMetadataHandler@148468ea, http://www.dbunit.org/properties/fetchSize=100, http://www.dbunit.org/properties/resultSetTableFactory=org.dbunit.database.CachedResultSetTableFactory@6d8e17c4, http://www.dbunit.org/features/datatypeWarning=true, http://www.dbunit.org/properties/escapePattern=null}], _dataSet=AbstractDataSet[_orderedTableNameMap=null]]) - start
[DEBUG] getQualifiedName() - start
[DEBUG] getQualifiedName(prefix=null, name=cliente, escapePattern=null) - start
[DEBUG] addBatch(sql=delete from cliente) - start
[DEBUG] Added SQL: delete from cliente
[DEBUG] executeBatch() - start
[DEBUG] DbUnit SQL: delete from cliente
[DEBUG] clearBatch() - start
[DEBUG] close() - start
[DEBUG] execute(connection=org.dbunit.database.DatabaseConnection[schema=null, connection=ProxyConnection[PooledConnection[com.mysql.jdbc.JDBC4Connection@5b2ed5af]], super=_databaseConfig=org.dbunit.database.DatabaseConfig[, _propertyMap={http://www.dbunit.org/features/qualifiedTableNames=false, http://www.dbunit.org/properties/tableType=[Ljava.lang.String;@4d068eb0, http://www.dbunit.org/properties/batchSize=100, http://www.dbunit.org/properties/statementFactory=org.dbunit.database.statement.PreparedStatementFactory@27497f4c, http://www.dbunit.org/features/batchedStatements=false, http://www.dbunit.org/features/caseSensitiveTableNames=false, http://www.dbunit.org/features/allowEmptyFields=false, http://www.dbunit.org/properties/datatypeFactory=org.dbunit.ext.mysql.MySqlDataTypeFactory[_toleratedDeltaMap=org.dbunit.dataset.datatype.ToleratedDeltaMap@39aa51dd], http://www.dbunit.org/properties/metadataHandler=org.dbunit.database.DefaultMetadataHandler@148468ea, http://www.dbunit.org/properties/fetchSize=100, http://www.dbunit.org/properties/resultSetTableFactory=org.dbunit.database.CachedResultSetTableFactory@6d8e17c4, http://www.dbunit.org/features/datatypeWarning=true, http://www.dbunit.org/properties/escapePattern=null}], _dataSet=AbstractDataSet[_orderedTableNameMap=null]], dataSet=AbstractDataSet[_orderedTableNameMap=null]) - start
[DEBUG] iterator() - start
[DEBUG] createIterator(reversed=false) - start
[DEBUG] orderedValues() - start
[DEBUG] getTableName(tableName=cliente) - start
[DEBUG] getTableName(tableName=cliente) - end - result=CLIENTE
[DEBUG] getTable() - start
[DEBUG] isEmpty(table=org.dbunit.dataset.DefaultTable[_metaData=tableName=cliente, columns=[(idcliente, UNKNOWN, nullableUnknown), (nombre, UNKNOWN, nullableUnknown), (telefono, UNKNOWN, nullableUnknown), (email, UNKNOWN, nullableUnknown), (comentario, UNKNOWN, nullableUnknown)], keys=[], _rowList.size()=1]) - start
[DEBUG] getValue(row=0, column=idcliente) - start
[DEBUG] assertValidRowIndex(row=0) - start
[DEBUG] assertValidRowIndex(row=0, rowCount=1) - start
[DEBUG] getColumnIndex(columnName=idcliente) - start
[DEBUG] getColumnIndex(columnName=idcliente) - start
[DEBUG] getOperationMetaData(connection=org.dbunit.database.DatabaseConnection[schema=null, connection=ProxyConnection[PooledConnection[com.mysql.jdbc.JDBC4Connection@5b2ed5af]], super=_databaseConfig=org.dbunit.database.DatabaseConfig[, _propertyMap={http://www.dbunit.org/features/qualifiedTableNames=false, http://www.dbunit.org/properties/tableType=[Ljava.lang.String;@4d068eb0, http://www.dbunit.org/properties/batchSize=100, http://www.dbunit.org/properties/statementFactory=org.dbunit.database.statement.PreparedStatementFactory@27497f4c, http://www.dbunit.org/features/batchedStatements=false, http://www.dbunit.org/features/caseSensitiveTableNames=false, http://www.dbunit.org/features/allowEmptyFields=false, http://www.dbunit.org/properties/datatypeFactory=org.dbunit.ext.mysql.MySqlDataTypeFactory[_toleratedDeltaMap=org.dbunit.dataset.datatype.ToleratedDeltaMap@39aa51dd], http://www.dbunit.org/properties/metadataHandler=org.dbunit.database.DefaultMetadataHandler@148468ea, http://www.dbunit.org/properties/fetchSize=100, http://www.dbunit.org/properties/resultSetTableFactory=org.dbunit.database.CachedResultSetTableFactory@6d8e17c4, http://www.dbunit.org/features/datatypeWarning=true, http://www.dbunit.org/properties/escapePattern=null}], _dataSet=AbstractDataSet[_orderedTableNameMap=null]], metaData=tableName=cliente, columns=[(idcliente, UNKNOWN, nullableUnknown), (nombre, UNKNOWN, nullableUnknown), (telefono, UNKNOWN, nullableUnknown), (email, UNKNOWN, nullableUnknown), (comentario, UNKNOWN, nullableUnknown)], keys=[]) - start
[DEBUG] createDataSet() - start
[DEBUG] getTableMetaData(tableName=cliente) - start
[DEBUG] initialize() - start
[DEBUG] getTableName(tableName=cliente) - start
[DEBUG] getTableName(tableName=cliente) - end - result=CLIENTE
[DEBUG] getTableName(tableName=cliente) - start
[DEBUG] getTableName(tableName=cliente) - end - result=CLIENTE
[DEBUG] getColumnIndex(columnName=idcliente) - start
[DEBUG] getColumns() - start
[DEBUG] getColumns() - start
[DEBUG] getColumnIndex(columnName=nombre) - start
[DEBUG] getColumns() - start
[DEBUG] getColumnIndex(columnName=telefono) - start
[DEBUG] getColumns() - start
[DEBUG] getColumnIndex(columnName=email) - start
[DEBUG] getColumns() - start
[DEBUG] getColumnIndex(columnName=comentario) - start
[DEBUG] getColumns() - start
[DEBUG] getPrimaryKeys() - start
[DEBUG] getIgnoreMapping(table=org.dbunit.dataset.DefaultTable[_metaData=tableName=cliente, columns=[(idcliente, UNKNOWN, nullableUnknown), (nombre, UNKNOWN, nullableUnknown), (telefono, UNKNOWN, nullableUnknown), (email, UNKNOWN, nullableUnknown), (comentario, UNKNOWN, nullableUnknown)], keys=[], _rowList.size()=1], row=0) - start
[DEBUG] getValue(row=0, column=idcliente) - start
[DEBUG] assertValidRowIndex(row=0) - start
[DEBUG] assertValidRowIndex(row=0, rowCount=1) - start
[DEBUG] getColumnIndex(columnName=idcliente) - start
[DEBUG] getColumnIndex(columnName=idcliente) - start
[DEBUG] getValue(row=0, column=nombre) - start
[DEBUG] assertValidRowIndex(row=0) - start
[DEBUG] assertValidRowIndex(row=0, rowCount=1) - start
[DEBUG] getColumnIndex(columnName=nombre) - start
[DEBUG] getColumnIndex(columnName=nombre) - start
[DEBUG] getValue(row=0, column=telefono) - start
[DEBUG] assertValidRowIndex(row=0) - start
[DEBUG] assertValidRowIndex(row=0, rowCount=1) - start
[DEBUG] getColumnIndex(columnName=telefono) - start
[DEBUG] getColumnIndex(columnName=telefono) - start
[DEBUG] getValue(row=0, column=email) - start
[DEBUG] assertValidRowIndex(row=0) - start
[DEBUG] assertValidRowIndex(row=0, rowCount=1) - start
[DEBUG] getColumnIndex(columnName=email) - start
[DEBUG] getColumnIndex(columnName=email) - start
[DEBUG] getValue(row=0, column=comentario) - start
[DEBUG] assertValidRowIndex(row=0) - start
[DEBUG] assertValidRowIndex(row=0, rowCount=1) - start
[DEBUG] getColumnIndex(columnName=comentario) - start
[DEBUG] getColumnIndex(columnName=comentario) - start
[DEBUG] getOperationData(metaData=tableName=cliente, columns=[(idcliente, INTEGER, noNulls), (nombre, VARCHAR, noNulls), (telefono, VARCHAR, noNulls), (email, VARCHAR, noNulls), (comentario, VARCHAR, nullable)], keys=[(idcliente, INTEGER, noNulls)], ignoreMapping={}, connection=org.dbunit.database.DatabaseConnection[schema=null, connection=ProxyConnection[PooledConnection[com.mysql.jdbc.JDBC4Connection@5b2ed5af]], super=_databaseConfig=org.dbunit.database.DatabaseConfig[, _propertyMap={http://www.dbunit.org/features/qualifiedTableNames=false, http://www.dbunit.org/properties/tableType=[Ljava.lang.String;@4d068eb0, http://www.dbunit.org/properties/batchSize=100, http://www.dbunit.org/properties/statementFactory=org.dbunit.database.statement.PreparedStatementFactory@27497f4c, http://www.dbunit.org/features/batchedStatements=false, http://www.dbunit.org/features/caseSensitiveTableNames=false, http://www.dbunit.org/features/allowEmptyFields=false, http://www.dbunit.org/properties/datatypeFactory=org.dbunit.ext.mysql.MySqlDataTypeFactory[_toleratedDeltaMap=org.dbunit.dataset.datatype.ToleratedDeltaMap@39aa51dd], http://www.dbunit.org/properties/metadataHandler=org.dbunit.database.DefaultMetadataHandler@148468ea, http://www.dbunit.org/properties/fetchSize=100, http://www.dbunit.org/properties/resultSetTableFactory=org.dbunit.database.CachedResultSetTableFactory@6d8e17c4, http://www.dbunit.org/features/datatypeWarning=true, http://www.dbunit.org/properties/escapePattern=null}], _dataSet=AbstractDataSet[_orderedTableNameMap=null]]) - start
[DEBUG] getQualifiedName(prefix=null, name=cliente, connection=org.dbunit.database.DatabaseConnection[schema=null, connection=ProxyConnection[PooledConnection[com.mysql.jdbc.JDBC4Connection@5b2ed5af]], super=_databaseConfig=org.dbunit.database.DatabaseConfig[, _propertyMap={http://www.dbunit.org/features/qualifiedTableNames=false, http://www.dbunit.org/properties/tableType=[Ljava.lang.String;@4d068eb0, http://www.dbunit.org/properties/batchSize=100, http://www.dbunit.org/properties/statementFactory=org.dbunit.database.statement.PreparedStatementFactory@27497f4c, http://www.dbunit.org/features/batchedStatements=false, http://www.dbunit.org/features/caseSensitiveTableNames=false, http://www.dbunit.org/features/allowEmptyFields=false, http://www.dbunit.org/properties/datatypeFactory=org.dbunit.ext.mysql.MySqlDataTypeFactory[_toleratedDeltaMap=org.dbunit.dataset.datatype.ToleratedDeltaMap@39aa51dd], http://www.dbunit.org/properties/metadataHandler=org.dbunit.database.DefaultMetadataHandler@148468ea, http://www.dbunit.org/properties/fetchSize=100, http://www.dbunit.org/properties/resultSetTableFactory=org.dbunit.database.CachedResultSetTableFactory@6d8e17c4, http://www.dbunit.org/features/datatypeWarning=true, http://www.dbunit.org/properties/escapePattern=null}], _dataSet=AbstractDataSet[_orderedTableNameMap=null]]) - start
[DEBUG] getQualifiedName() - start
[DEBUG] getQualifiedName(prefix=null, name=cliente, escapePattern=null) - start
[DEBUG] getQualifiedName(prefix=null, name=idcliente, connection=org.dbunit.database.DatabaseConnection[schema=null, connection=ProxyConnection[PooledConnection[com.mysql.jdbc.JDBC4Connection@5b2ed5af]], super=_databaseConfig=org.dbunit.database.DatabaseConfig[, _propertyMap={http://www.dbunit.org/features/qualifiedTableNames=false, http://www.dbunit.org/properties/tableType=[Ljava.lang.String;@4d068eb0, http://www.dbunit.org/properties/batchSize=100, http://www.dbunit.org/properties/statementFactory=org.dbunit.database.statement.PreparedStatementFactory@27497f4c, http://www.dbunit.org/features/batchedStatements=false, http://www.dbunit.org/features/caseSensitiveTableNames=false, http://www.dbunit.org/features/allowEmptyFields=false, http://www.dbunit.org/properties/datatypeFactory=org.dbunit.ext.mysql.MySqlDataTypeFactory[_toleratedDeltaMap=org.dbunit.dataset.datatype.ToleratedDeltaMap@39aa51dd], http://www.dbunit.org/properties/metadataHandler=org.dbunit.database.DefaultMetadataHandler@148468ea, http://www.dbunit.org/properties/fetchSize=100, http://www.dbunit.org/properties/resultSetTableFactory=org.dbunit.database.CachedResultSetTableFactory@6d8e17c4, http://www.dbunit.org/features/datatypeWarning=true, http://www.dbunit.org/properties/escapePattern=null}], _dataSet=AbstractDataSet[_orderedTableNameMap=null]]) - start
[DEBUG] getQualifiedName() - start
[DEBUG] getQualifiedName(prefix=null, name=idcliente, escapePattern=null) - start
[DEBUG] getQualifiedName(prefix=null, name=nombre, connection=org.dbunit.database.DatabaseConnection[schema=null, connection=ProxyConnection[PooledConnection[com.mysql.jdbc.JDBC4Connection@5b2ed5af]], super=_databaseConfig=org.dbunit.database.DatabaseConfig[, _propertyMap={http://www.dbunit.org/features/qualifiedTableNames=false, http://www.dbunit.org/properties/tableType=[Ljava.lang.String;@4d068eb0, http://www.dbunit.org/properties/batchSize=100, http://www.dbunit.org/properties/statementFactory=org.dbunit.database.statement.PreparedStatementFactory@27497f4c, http://www.dbunit.org/features/batchedStatements=false, http://www.dbunit.org/features/caseSensitiveTableNames=false, http://www.dbunit.org/features/allowEmptyFields=false, http://www.dbunit.org/properties/datatypeFactory=org.dbunit.ext.mysql.MySqlDataTypeFactory[_toleratedDeltaMap=org.dbunit.dataset.datatype.ToleratedDeltaMap@39aa51dd], http://www.dbunit.org/properties/metadataHandler=org.dbunit.database.DefaultMetadataHandler@148468ea, http://www.dbunit.org/properties/fetchSize=100, http://www.dbunit.org/properties/resultSetTableFactory=org.dbunit.database.CachedResultSetTableFactory@6d8e17c4, http://www.dbunit.org/features/datatypeWarning=true, http://www.dbunit.org/properties/escapePattern=null}], _dataSet=AbstractDataSet[_orderedTableNameMap=null]]) - start
[DEBUG] getQualifiedName() - start
[DEBUG] getQualifiedName(prefix=null, name=nombre, escapePattern=null) - start
[DEBUG] getQualifiedName(prefix=null, name=telefono, connection=org.dbunit.database.DatabaseConnection[schema=null, connection=ProxyConnection[PooledConnection[com.mysql.jdbc.JDBC4Connection@5b2ed5af]], super=_databaseConfig=org.dbunit.database.DatabaseConfig[, _propertyMap={http://www.dbunit.org/features/qualifiedTableNames=false, http://www.dbunit.org/properties/tableType=[Ljava.lang.String;@4d068eb0, http://www.dbunit.org/properties/batchSize=100, http://www.dbunit.org/properties/statementFactory=org.dbunit.database.statement.PreparedStatementFactory@27497f4c, http://www.dbunit.org/features/batchedStatements=false, http://www.dbunit.org/features/caseSensitiveTableNames=false, http://www.dbunit.org/features/allowEmptyFields=false, http://www.dbunit.org/properties/datatypeFactory=org.dbunit.ext.mysql.MySqlDataTypeFactory[_toleratedDeltaMap=org.dbunit.dataset.datatype.ToleratedDeltaMap@39aa51dd], http://www.dbunit.org/properties/metadataHandler=org.dbunit.database.DefaultMetadataHandler@148468ea, http://www.dbunit.org/properties/fetchSize=100, http://www.dbunit.org/properties/resultSetTableFactory=org.dbunit.database.CachedResultSetTableFactory@6d8e17c4, http://www.dbunit.org/features/datatypeWarning=true, http://www.dbunit.org/properties/escapePattern=null}], _dataSet=AbstractDataSet[_orderedTableNameMap=null]]) - start
[DEBUG] getQualifiedName() - start
[DEBUG] getQualifiedName(prefix=null, name=telefono, escapePattern=null) - start
[DEBUG] getQualifiedName(prefix=null, name=email, connection=org.dbunit.database.DatabaseConnection[schema=null, connection=ProxyConnection[PooledConnection[com.mysql.jdbc.JDBC4Connection@5b2ed5af]], super=_databaseConfig=org.dbunit.database.DatabaseConfig[, _propertyMap={http://www.dbunit.org/features/qualifiedTableNames=false, http://www.dbunit.org/properties/tableType=[Ljava.lang.String;@4d068eb0, http://www.dbunit.org/properties/batchSize=100, http://www.dbunit.org/properties/statementFactory=org.dbunit.database.statement.PreparedStatementFactory@27497f4c, http://www.dbunit.org/features/batchedStatements=false, http://www.dbunit.org/features/caseSensitiveTableNames=false, http://www.dbunit.org/features/allowEmptyFields=false, http://www.dbunit.org/properties/datatypeFactory=org.dbunit.ext.mysql.MySqlDataTypeFactory[_toleratedDeltaMap=org.dbunit.dataset.datatype.ToleratedDeltaMap@39aa51dd], http://www.dbunit.org/properties/metadataHandler=org.dbunit.database.DefaultMetadataHandler@148468ea, http://www.dbunit.org/properties/fetchSize=100, http://www.dbunit.org/properties/resultSetTableFactory=org.dbunit.database.CachedResultSetTableFactory@6d8e17c4, http://www.dbunit.org/features/datatypeWarning=true, http://www.dbunit.org/properties/escapePattern=null}], _dataSet=AbstractDataSet[_orderedTableNameMap=null]]) - start
[DEBUG] getQualifiedName() - start
[DEBUG] getQualifiedName(prefix=null, name=email, escapePattern=null) - start
[DEBUG] getQualifiedName(prefix=null, name=comentario, connection=org.dbunit.database.DatabaseConnection[schema=null, connection=ProxyConnection[PooledConnection[com.mysql.jdbc.JDBC4Connection@5b2ed5af]], super=_databaseConfig=org.dbunit.database.DatabaseConfig[, _propertyMap={http://www.dbunit.org/features/qualifiedTableNames=false, http://www.dbunit.org/properties/tableType=[Ljava.lang.String;@4d068eb0, http://www.dbunit.org/properties/batchSize=100, http://www.dbunit.org/properties/statementFactory=org.dbunit.database.statement.PreparedStatementFactory@27497f4c, http://www.dbunit.org/features/batchedStatements=false, http://www.dbunit.org/features/caseSensitiveTableNames=false, http://www.dbunit.org/features/allowEmptyFields=false, http://www.dbunit.org/properties/datatypeFactory=org.dbunit.ext.mysql.MySqlDataTypeFactory[_toleratedDeltaMap=org.dbunit.dataset.datatype.ToleratedDeltaMap@39aa51dd], http://www.dbunit.org/properties/metadataHandler=org.dbunit.database.DefaultMetadataHandler@148468ea, http://www.dbunit.org/properties/fetchSize=100, http://www.dbunit.org/properties/resultSetTableFactory=org.dbunit.database.CachedResultSetTableFactory@6d8e17c4, http://www.dbunit.org/features/datatypeWarning=true, http://www.dbunit.org/properties/escapePattern=null}], _dataSet=AbstractDataSet[_orderedTableNameMap=null]]) - start
[DEBUG] getQualifiedName() - start
[DEBUG] getQualifiedName(prefix=null, name=comentario, escapePattern=null) - start
[DEBUG] createPreparedBatchStatement(sql=insert into cliente (idcliente, nombre, telefono, email, comentario) values (?, ?, ?, ?, ?), connection=org.dbunit.database.DatabaseConnection[schema=null, connection=ProxyConnection[PooledConnection[com.mysql.jdbc.JDBC4Connection@5b2ed5af]], super=_databaseConfig=org.dbunit.database.DatabaseConfig[, _propertyMap={http://www.dbunit.org/features/qualifiedTableNames=false, http://www.dbunit.org/properties/tableType=[Ljava.lang.String;@4d068eb0, http://www.dbunit.org/properties/batchSize=100, http://www.dbunit.org/properties/statementFactory=org.dbunit.database.statement.PreparedStatementFactory@27497f4c, http://www.dbunit.org/features/batchedStatements=false, http://www.dbunit.org/features/caseSensitiveTableNames=false, http://www.dbunit.org/features/allowEmptyFields=false, http://www.dbunit.org/properties/datatypeFactory=org.dbunit.ext.mysql.MySqlDataTypeFactory[_toleratedDeltaMap=org.dbunit.dataset.datatype.ToleratedDeltaMap@39aa51dd], http://www.dbunit.org/properties/metadataHandler=org.dbunit.database.DefaultMetadataHandler@148468ea, http://www.dbunit.org/properties/fetchSize=100, http://www.dbunit.org/properties/resultSetTableFactory=org.dbunit.database.CachedResultSetTableFactory@6d8e17c4, http://www.dbunit.org/features/datatypeWarning=true, http://www.dbunit.org/properties/escapePattern=null}], _dataSet=AbstractDataSet[_orderedTableNameMap=null]]) - start
[DEBUG] supportBatchStatement(connection=org.dbunit.database.DatabaseConnection[schema=null, connection=ProxyConnection[PooledConnection[com.mysql.jdbc.JDBC4Connection@5b2ed5af]], super=_databaseConfig=org.dbunit.database.DatabaseConfig[, _propertyMap={http://www.dbunit.org/features/qualifiedTableNames=false, http://www.dbunit.org/properties/tableType=[Ljava.lang.String;@4d068eb0, http://www.dbunit.org/properties/batchSize=100, http://www.dbunit.org/properties/statementFactory=org.dbunit.database.statement.PreparedStatementFactory@27497f4c, http://www.dbunit.org/features/batchedStatements=false, http://www.dbunit.org/features/caseSensitiveTableNames=false, http://www.dbunit.org/features/allowEmptyFields=false, http://www.dbunit.org/properties/datatypeFactory=org.dbunit.ext.mysql.MySqlDataTypeFactory[_toleratedDeltaMap=org.dbunit.dataset.datatype.ToleratedDeltaMap@39aa51dd], http://www.dbunit.org/properties/metadataHandler=org.dbunit.database.DefaultMetadataHandler@148468ea, http://www.dbunit.org/properties/fetchSize=100, http://www.dbunit.org/properties/resultSetTableFactory=org.dbunit.database.CachedResultSetTableFactory@6d8e17c4, http://www.dbunit.org/features/datatypeWarning=true, http://www.dbunit.org/properties/escapePattern=null}], _dataSet=AbstractDataSet[_orderedTableNameMap=null]]) - start
[DEBUG] getValue(row=0, column=idcliente) - start
[DEBUG] assertValidRowIndex(row=0) - start
[DEBUG] assertValidRowIndex(row=0, rowCount=1) - start
[DEBUG] getColumnIndex(columnName=idcliente) - start
[DEBUG] getColumnIndex(columnName=idcliente) - start
[DEBUG] addValue(value=18, dataType=INTEGER) - start
[DEBUG] addValue(value=18, dataType=INTEGER) - start
[DEBUG] setSqlValue(value=18, column=1, statement=com.mysql.jdbc.JDBC4PreparedStatement@27911d20: insert into cliente (idcliente, nombre, telefono, email, comentario) values (** NOT SPECIFIED **, ** NOT SPECIFIED **, ** NOT SPECIFIED **, ** NOT SPECIFIED **, ** NOT SPECIFIED **)) - start
[DEBUG] typeCast(value=18) - start
[DEBUG] typeCast(value=18) - start
[DEBUG] getValue(row=0, column=nombre) - start
[DEBUG] assertValidRowIndex(row=0) - start
[DEBUG] assertValidRowIndex(row=0, rowCount=1) - start
[DEBUG] getColumnIndex(columnName=nombre) - start
[DEBUG] getColumnIndex(columnName=nombre) - start
[DEBUG] addValue(value=Christian, dataType=VARCHAR) - start
[DEBUG] addValue(value=Christian, dataType=VARCHAR) - start
[DEBUG] setSqlValue(value=Christian, column=2, statement=com.mysql.jdbc.JDBC4PreparedStatement@27911d20: insert into cliente (idcliente, nombre, telefono, email, comentario) values (18, ** NOT SPECIFIED **, ** NOT SPECIFIED **, ** NOT SPECIFIED **, ** NOT SPECIFIED **)) - start
[DEBUG] asString(value=Christian) - start
[DEBUG] typeCast(value=Christian) - start
[DEBUG] getValue(row=0, column=telefono) - start
[DEBUG] assertValidRowIndex(row=0) - start
[DEBUG] assertValidRowIndex(row=0, rowCount=1) - start
[DEBUG] getColumnIndex(columnName=telefono) - start
[DEBUG] getColumnIndex(columnName=telefono) - start
[DEBUG] addValue(value=5517373377, dataType=VARCHAR) - start
[DEBUG] addValue(value=5517373377, dataType=VARCHAR) - start
[DEBUG] setSqlValue(value=5517373377, column=3, statement=com.mysql.jdbc.JDBC4PreparedStatement@27911d20: insert into cliente (idcliente, nombre, telefono, email, comentario) values (18, 'Christian', ** NOT SPECIFIED **, ** NOT SPECIFIED **, ** NOT SPECIFIED **)) - start
[DEBUG] asString(value=5517373377) - start
[DEBUG] typeCast(value=5517373377) - start
[DEBUG] getValue(row=0, column=email) - start
[DEBUG] assertValidRowIndex(row=0) - start
[DEBUG] assertValidRowIndex(row=0, rowCount=1) - start
[DEBUG] getColumnIndex(columnName=email) - start
[DEBUG] getColumnIndex(columnName=email) - start
[DEBUG] addValue(value=kriztianfv97@gmail.com, dataType=VARCHAR) - start
[DEBUG] addValue(value=kriztianfv97@gmail.com, dataType=VARCHAR) - start
[DEBUG] setSqlValue(value=kriztianfv97@gmail.com, column=4, statement=com.mysql.jdbc.JDBC4PreparedStatement@27911d20: insert into cliente (idcliente, nombre, telefono, email, comentario) values (18, 'Christian', '5517373377', ** NOT SPECIFIED **, ** NOT SPECIFIED **)) - start
[DEBUG] asString(value=kriztianfv97@gmail.com) - start
[DEBUG] typeCast(value=kriztianfv97@gmail.com) - start
[DEBUG] getValue(row=0, column=comentario) - start
[DEBUG] assertValidRowIndex(row=0) - start
[DEBUG] assertValidRowIndex(row=0, rowCount=1) - start
[DEBUG] getColumnIndex(columnName=comentario) - start
[DEBUG] getColumnIndex(columnName=comentario) - start
[DEBUG] addValue(value=Primera prueba de insertar clientes en la BD con su respectiva reservacion, dataType=VARCHAR) - start
[DEBUG] addValue(value=Primera prueba de insertar clientes en la BD con su respectiva reservacion, dataType=VARCHAR) - start
[DEBUG] setSqlValue(value=Primera prueba de insertar clientes en la BD con su respectiva reservacion, column=5, statement=com.mysql.jdbc.JDBC4PreparedStatement@27911d20: insert into cliente (idcliente, nombre, telefono, email, comentario) values (18, 'Christian', '5517373377', 'kriztianfv97@gmail.com', ** NOT SPECIFIED **)) - start
[DEBUG] asString(value=Primera prueba de insertar clientes en la BD con su respectiva reservacion) - start
[DEBUG] typeCast(value=Primera prueba de insertar clientes en la BD con su respectiva reservacion) - start
[DEBUG] addBatch() - start
[DEBUG] addBatch() - start
[DEBUG] equalsIgnoreMapping(ignoreMapping={}, table=org.dbunit.dataset.DefaultTable[_metaData=tableName=cliente, columns=[(idcliente, UNKNOWN, nullableUnknown), (nombre, UNKNOWN, nullableUnknown), (telefono, UNKNOWN, nullableUnknown), (email, UNKNOWN, nullableUnknown), (comentario, UNKNOWN, nullableUnknown)], keys=[], _rowList.size()=1], row=1) - start
[DEBUG] getValue(row=1, column=idcliente) - start
[DEBUG] assertValidRowIndex(row=1) - start
[DEBUG] assertValidRowIndex(row=1, rowCount=1) - start
[DEBUG] executeBatch() - start
[DEBUG] executeBatch() - start
[DEBUG] clearBatch() - start
[DEBUG] clearBatch() - start
[DEBUG] clearBatch() - start
[DEBUG] close() - start
[DEBUG] close() - start
[DEBUG] execute(connection=org.dbunit.database.DatabaseConnection[schema=null, connection=ProxyConnection[PooledConnection[com.mysql.jdbc.JDBC4Connection@5b2ed5af]], super=_databaseConfig=org.dbunit.database.DatabaseConfig[, _propertyMap={http://www.dbunit.org/features/qualifiedTableNames=false, http://www.dbunit.org/properties/tableType=[Ljava.lang.String;@4d068eb0, http://www.dbunit.org/properties/batchSize=100, http://www.dbunit.org/properties/statementFactory=org.dbunit.database.statement.PreparedStatementFactory@27497f4c, http://www.dbunit.org/features/batchedStatements=false, http://www.dbunit.org/features/caseSensitiveTableNames=false, http://www.dbunit.org/features/allowEmptyFields=false, http://www.dbunit.org/properties/datatypeFactory=org.dbunit.ext.mysql.MySqlDataTypeFactory[_toleratedDeltaMap=org.dbunit.dataset.datatype.ToleratedDeltaMap@39aa51dd], http://www.dbunit.org/properties/metadataHandler=org.dbunit.database.DefaultMetadataHandler@148468ea, http://www.dbunit.org/properties/fetchSize=100, http://www.dbunit.org/properties/resultSetTableFactory=org.dbunit.database.CachedResultSetTableFactory@6d8e17c4, http://www.dbunit.org/features/datatypeWarning=true, http://www.dbunit.org/properties/escapePattern=null}], _dataSet=AbstractDataSet[_orderedTableNameMap=null]], dataSet=AbstractDataSet[_orderedTableNameMap=null]) - start
[DEBUG] iterator() - start
[DEBUG] createIterator(reversed=false) - start
[DEBUG] orderedValues() - start
[DEBUG] getTableName(tableName=reservacion) - start
[DEBUG] getTableName(tableName=reservacion) - end - result=RESERVACION
[DEBUG] getTable() - start
[DEBUG] isEmpty(table=org.dbunit.dataset.DefaultTable[_metaData=tableName=reservacion, columns=[(idreservacion, UNKNOWN, nullableUnknown), (fecha, UNKNOWN, nullableUnknown), (num_personas, UNKNOWN, nullableUnknown), (num_mesas, UNKNOWN, nullableUnknown), (horario, UNKNOWN, nullableUnknown), (idcliente, UNKNOWN, nullableUnknown)], keys=[], _rowList.size()=1]) - start
[DEBUG] getValue(row=0, column=idreservacion) - start
[DEBUG] assertValidRowIndex(row=0) - start
[DEBUG] assertValidRowIndex(row=0, rowCount=1) - start
[DEBUG] getColumnIndex(columnName=idreservacion) - start
[DEBUG] getColumnIndex(columnName=idreservacion) - start
[DEBUG] getOperationMetaData(connection=org.dbunit.database.DatabaseConnection[schema=null, connection=ProxyConnection[PooledConnection[com.mysql.jdbc.JDBC4Connection@5b2ed5af]], super=_databaseConfig=org.dbunit.database.DatabaseConfig[, _propertyMap={http://www.dbunit.org/features/qualifiedTableNames=false, http://www.dbunit.org/properties/tableType=[Ljava.lang.String;@4d068eb0, http://www.dbunit.org/properties/batchSize=100, http://www.dbunit.org/properties/statementFactory=org.dbunit.database.statement.PreparedStatementFactory@27497f4c, http://www.dbunit.org/features/batchedStatements=false, http://www.dbunit.org/features/caseSensitiveTableNames=false, http://www.dbunit.org/features/allowEmptyFields=false, http://www.dbunit.org/properties/datatypeFactory=org.dbunit.ext.mysql.MySqlDataTypeFactory[_toleratedDeltaMap=org.dbunit.dataset.datatype.ToleratedDeltaMap@39aa51dd], http://www.dbunit.org/properties/metadataHandler=org.dbunit.database.DefaultMetadataHandler@148468ea, http://www.dbunit.org/properties/fetchSize=100, http://www.dbunit.org/properties/resultSetTableFactory=org.dbunit.database.CachedResultSetTableFactory@6d8e17c4, http://www.dbunit.org/features/datatypeWarning=true, http://www.dbunit.org/properties/escapePattern=null}], _dataSet=AbstractDataSet[_orderedTableNameMap=null]], metaData=tableName=reservacion, columns=[(idreservacion, UNKNOWN, nullableUnknown), (fecha, UNKNOWN, nullableUnknown), (num_personas, UNKNOWN, nullableUnknown), (num_mesas, UNKNOWN, nullableUnknown), (horario, UNKNOWN, nullableUnknown), (idcliente, UNKNOWN, nullableUnknown)], keys=[]) - start
[DEBUG] createDataSet() - start
[DEBUG] getTableMetaData(tableName=reservacion) - start
[DEBUG] initialize() - start
[DEBUG] getTableName(tableName=reservacion) - start
[DEBUG] getTableName(tableName=reservacion) - end - result=RESERVACION
[DEBUG] getTableName(tableName=reservacion) - start
[DEBUG] getTableName(tableName=reservacion) - end - result=RESERVACION
[DEBUG] getColumnIndex(columnName=idreservacion) - start
[DEBUG] getColumns() - start
[DEBUG] getColumns() - start
[DEBUG] getColumnIndex(columnName=fecha) - start
[DEBUG] getColumns() - start
[DEBUG] getColumnIndex(columnName=num_personas) - start
[DEBUG] getColumns() - start
[DEBUG] getColumnIndex(columnName=num_mesas) - start
[DEBUG] getColumns() - start
[DEBUG] getColumnIndex(columnName=horario) - start
[DEBUG] getColumns() - start
[DEBUG] getColumnIndex(columnName=idcliente) - start
[DEBUG] getColumns() - start
[DEBUG] getPrimaryKeys() - start
[DEBUG] getIgnoreMapping(table=org.dbunit.dataset.DefaultTable[_metaData=tableName=reservacion, columns=[(idreservacion, UNKNOWN, nullableUnknown), (fecha, UNKNOWN, nullableUnknown), (num_personas, UNKNOWN, nullableUnknown), (num_mesas, UNKNOWN, nullableUnknown), (horario, UNKNOWN, nullableUnknown), (idcliente, UNKNOWN, nullableUnknown)], keys=[], _rowList.size()=1], row=0) - start
[DEBUG] getValue(row=0, column=idreservacion) - start
[DEBUG] assertValidRowIndex(row=0) - start
[DEBUG] assertValidRowIndex(row=0, rowCount=1) - start
[DEBUG] getColumnIndex(columnName=idreservacion) - start
[DEBUG] getColumnIndex(columnName=idreservacion) - start
[DEBUG] getValue(row=0, column=fecha) - start
[DEBUG] assertValidRowIndex(row=0) - start
[DEBUG] assertValidRowIndex(row=0, rowCount=1) - start
[DEBUG] getColumnIndex(columnName=fecha) - start
[DEBUG] getColumnIndex(columnName=fecha) - start
[DEBUG] getValue(row=0, column=num_personas) - start
[DEBUG] assertValidRowIndex(row=0) - start
[DEBUG] assertValidRowIndex(row=0, rowCount=1) - start
[DEBUG] getColumnIndex(columnName=num_personas) - start
[DEBUG] getColumnIndex(columnName=num_personas) - start
[DEBUG] getValue(row=0, column=num_mesas) - start
[DEBUG] assertValidRowIndex(row=0) - start
[DEBUG] assertValidRowIndex(row=0, rowCount=1) - start
[DEBUG] getColumnIndex(columnName=num_mesas) - start
[DEBUG] getColumnIndex(columnName=num_mesas) - start
[DEBUG] getValue(row=0, column=horario) - start
[DEBUG] assertValidRowIndex(row=0) - start
[DEBUG] assertValidRowIndex(row=0, rowCount=1) - start
[DEBUG] getColumnIndex(columnName=horario) - start
[DEBUG] getColumnIndex(columnName=horario) - start
[DEBUG] getValue(row=0, column=idcliente) - start
[DEBUG] assertValidRowIndex(row=0) - start
[DEBUG] assertValidRowIndex(row=0, rowCount=1) - start
[DEBUG] getColumnIndex(columnName=idcliente) - start
[DEBUG] getColumnIndex(columnName=idcliente) - start
[DEBUG] getOperationData(metaData=tableName=reservacion, columns=[(idreservacion, INTEGER, noNulls), (fecha, DATE, noNulls), (num_personas, INTEGER, noNulls), (num_mesas, INTEGER, noNulls), (horario, VARCHAR, noNulls), (idcliente, INTEGER, nullable)], keys=[(idreservacion, INTEGER, noNulls)], ignoreMapping={}, connection=org.dbunit.database.DatabaseConnection[schema=null, connection=ProxyConnection[PooledConnection[com.mysql.jdbc.JDBC4Connection@5b2ed5af]], super=_databaseConfig=org.dbunit.database.DatabaseConfig[, _propertyMap={http://www.dbunit.org/features/qualifiedTableNames=false, http://www.dbunit.org/properties/tableType=[Ljava.lang.String;@4d068eb0, http://www.dbunit.org/properties/batchSize=100, http://www.dbunit.org/properties/statementFactory=org.dbunit.database.statement.PreparedStatementFactory@27497f4c, http://www.dbunit.org/features/batchedStatements=false, http://www.dbunit.org/features/caseSensitiveTableNames=false, http://www.dbunit.org/features/allowEmptyFields=false, http://www.dbunit.org/properties/datatypeFactory=org.dbunit.ext.mysql.MySqlDataTypeFactory[_toleratedDeltaMap=org.dbunit.dataset.datatype.ToleratedDeltaMap@39aa51dd], http://www.dbunit.org/properties/metadataHandler=org.dbunit.database.DefaultMetadataHandler@148468ea, http://www.dbunit.org/properties/fetchSize=100, http://www.dbunit.org/properties/resultSetTableFactory=org.dbunit.database.CachedResultSetTableFactory@6d8e17c4, http://www.dbunit.org/features/datatypeWarning=true, http://www.dbunit.org/properties/escapePattern=null}], _dataSet=AbstractDataSet[_orderedTableNameMap=null]]) - start
[DEBUG] getQualifiedName(prefix=null, name=reservacion, connection=org.dbunit.database.DatabaseConnection[schema=null, connection=ProxyConnection[PooledConnection[com.mysql.jdbc.JDBC4Connection@5b2ed5af]], super=_databaseConfig=org.dbunit.database.DatabaseConfig[, _propertyMap={http://www.dbunit.org/features/qualifiedTableNames=false, http://www.dbunit.org/properties/tableType=[Ljava.lang.String;@4d068eb0, http://www.dbunit.org/properties/batchSize=100, http://www.dbunit.org/properties/statementFactory=org.dbunit.database.statement.PreparedStatementFactory@27497f4c, http://www.dbunit.org/features/batchedStatements=false, http://www.dbunit.org/features/caseSensitiveTableNames=false, http://www.dbunit.org/features/allowEmptyFields=false, http://www.dbunit.org/properties/datatypeFactory=org.dbunit.ext.mysql.MySqlDataTypeFactory[_toleratedDeltaMap=org.dbunit.dataset.datatype.ToleratedDeltaMap@39aa51dd], http://www.dbunit.org/properties/metadataHandler=org.dbunit.database.DefaultMetadataHandler@148468ea, http://www.dbunit.org/properties/fetchSize=100, http://www.dbunit.org/properties/resultSetTableFactory=org.dbunit.database.CachedResultSetTableFactory@6d8e17c4, http://www.dbunit.org/features/datatypeWarning=true, http://www.dbunit.org/properties/escapePattern=null}], _dataSet=AbstractDataSet[_orderedTableNameMap=null]]) - start
[DEBUG] getQualifiedName() - start
[DEBUG] getQualifiedName(prefix=null, name=reservacion, escapePattern=null) - start
[DEBUG] getQualifiedName(prefix=null, name=idreservacion, connection=org.dbunit.database.DatabaseConnection[schema=null, connection=ProxyConnection[PooledConnection[com.mysql.jdbc.JDBC4Connection@5b2ed5af]], super=_databaseConfig=org.dbunit.database.DatabaseConfig[, _propertyMap={http://www.dbunit.org/features/qualifiedTableNames=false, http://www.dbunit.org/properties/tableType=[Ljava.lang.String;@4d068eb0, http://www.dbunit.org/properties/batchSize=100, http://www.dbunit.org/properties/statementFactory=org.dbunit.database.statement.PreparedStatementFactory@27497f4c, http://www.dbunit.org/features/batchedStatements=false, http://www.dbunit.org/features/caseSensitiveTableNames=false, http://www.dbunit.org/features/allowEmptyFields=false, http://www.dbunit.org/properties/datatypeFactory=org.dbunit.ext.mysql.MySqlDataTypeFactory[_toleratedDeltaMap=org.dbunit.dataset.datatype.ToleratedDeltaMap@39aa51dd], http://www.dbunit.org/properties/metadataHandler=org.dbunit.database.DefaultMetadataHandler@148468ea, http://www.dbunit.org/properties/fetchSize=100, http://www.dbunit.org/properties/resultSetTableFactory=org.dbunit.database.CachedResultSetTableFactory@6d8e17c4, http://www.dbunit.org/features/datatypeWarning=true, http://www.dbunit.org/properties/escapePattern=null}], _dataSet=AbstractDataSet[_orderedTableNameMap=null]]) - start
[DEBUG] getQualifiedName() - start
[DEBUG] getQualifiedName(prefix=null, name=idreservacion, escapePattern=null) - start
[DEBUG] getQualifiedName(prefix=null, name=fecha, connection=org.dbunit.database.DatabaseConnection[schema=null, connection=ProxyConnection[PooledConnection[com.mysql.jdbc.JDBC4Connection@5b2ed5af]], super=_databaseConfig=org.dbunit.database.DatabaseConfig[, _propertyMap={http://www.dbunit.org/features/qualifiedTableNames=false, http://www.dbunit.org/properties/tableType=[Ljava.lang.String;@4d068eb0, http://www.dbunit.org/properties/batchSize=100, http://www.dbunit.org/properties/statementFactory=org.dbunit.database.statement.PreparedStatementFactory@27497f4c, http://www.dbunit.org/features/batchedStatements=false, http://www.dbunit.org/features/caseSensitiveTableNames=false, http://www.dbunit.org/features/allowEmptyFields=false, http://www.dbunit.org/properties/datatypeFactory=org.dbunit.ext.mysql.MySqlDataTypeFactory[_toleratedDeltaMap=org.dbunit.dataset.datatype.ToleratedDeltaMap@39aa51dd], http://www.dbunit.org/properties/metadataHandler=org.dbunit.database.DefaultMetadataHandler@148468ea, http://www.dbunit.org/properties/fetchSize=100, http://www.dbunit.org/properties/resultSetTableFactory=org.dbunit.database.CachedResultSetTableFactory@6d8e17c4, http://www.dbunit.org/features/datatypeWarning=true, http://www.dbunit.org/properties/escapePattern=null}], _dataSet=AbstractDataSet[_orderedTableNameMap=null]]) - start
[DEBUG] getQualifiedName() - start
[...]
[DEBUG] Qualified table names feature is disabled. Returning plain table name
[DEBUG] getQualifiedName(prefix=null, name=cliente, escapePattern=null) - start
[DEBUG] add(tableName=cliente, object=null) - start
[DEBUG] getTableName(tableName=cliente) - start
[DEBUG] getTableName(tableName=cliente) - end - result=CLIENTE
[DEBUG] getTableName(tableName=CLIENTE) - start
[DEBUG] getTableName(tableName=CLIENTE) - end - result=CLIENTE
[DEBUG] getQualifiedNameIfEnabled(config=org.dbunit.database.DatabaseConfig[, _propertyMap={http://www.dbunit.org/features/qualifiedTableNames=false, http://www.dbunit.org/properties/tableType=[Ljava.lang.String;@4d068eb0, http://www.dbunit.org/properties/batchSize=100, http://www.dbunit.org/properties/statementFactory=org.dbunit.database.statement.PreparedStatementFactory@27497f4c, http://www.dbunit.org/features/batchedStatements=false, http://www.dbunit.org/features/caseSensitiveTableNames=false, http://www.dbunit.org/features/allowEmptyFields=false, http://www.dbunit.org/properties/datatypeFactory=org.dbunit.ext.mysql.MySqlDataTypeFactory[_toleratedDeltaMap=org.dbunit.dataset.datatype.ToleratedDeltaMap@3d4bb065], http://www.dbunit.org/properties/metadataHandler=org.dbunit.database.DefaultMetadataHandler@d9ad43e, http://www.dbunit.org/properties/fetchSize=100, http://www.dbunit.org/properties/resultSetTableFactory=org.dbunit.database.CachedResultSetTableFactory@6d8e17c4, http://www.dbunit.org/features/datatypeWarning=true, http://www.dbunit.org/properties/escapePattern=null}]) - start
[DEBUG] Qualified table names feature is disabled. Returning plain table name
[DEBUG] getQualifiedName(prefix=null, name=reservacion, escapePattern=null) - start
[DEBUG] add(tableName=reservacion, object=null) - start
[DEBUG] getTableName(tableName=reservacion) - start
[DEBUG] getTableName(tableName=reservacion) - end - result=RESERVACION
[DEBUG] getTableName(tableName=RESERVACION) - start
[DEBUG] getTableName(tableName=RESERVACION) - end - result=RESERVACION
[DEBUG] getTableName(tableName=reservacion) - start
[DEBUG] getTableName(tableName=reservacion) - end - result=RESERVACION
[DEBUG] getTableName(tableName=reservacion) - start
[DEBUG] getTableName(tableName=reservacion) - end - result=RESERVACION
[DEBUG] isEscaped returns 'false' for tableName=reservacion (dbIdentifierQuoteString=`)
[DEBUG] Validating if table 'reservacion' exists in schema 'null' ...
[DEBUG] close(resultSet=com.mysql.jdbc.JDBC4ResultSet@2a0706f) - start
[DEBUG] update(tableName=reservacion, object=table=reservacion, cols=[(idreservacion, INTEGER, noNulls), (fecha, DATE, noNulls), (num_personas, INTEGER, noNulls), (num_mesas, INTEGER, noNulls), (horario, VARCHAR, noNulls), (idcliente, INTEGER, nullable)], pk=[(idreservacion, INTEGER, noNulls)]) - start
[DEBUG] getTableName(tableName=reservacion) - start
[DEBUG] getTableName(tableName=reservacion) - end - result=RESERVACION
[DEBUG] getTableName(tableName=reservacion) - start
[DEBUG] getTableName(tableName=reservacion) - end - result=RESERVACION
[DEBUG] getQualifiedName(prefix=null, name=reservacion, connection=org.dbunit.database.DatabaseConnection[schema=null, connection=ProxyConnection[PooledConnection[com.mysql.jdbc.JDBC4Connection@249dc682]], super=_databaseConfig=org.dbunit.database.DatabaseConfig[, _propertyMap={http://www.dbunit.org/features/qualifiedTableNames=false, http://www.dbunit.org/properties/tableType=[Ljava.lang.String;@4d068eb0, http://www.dbunit.org/properties/batchSize=100, http://www.dbunit.org/properties/statementFactory=org.dbunit.database.statement.PreparedStatementFactory@27497f4c, http://www.dbunit.org/features/batchedStatements=false, http://www.dbunit.org/features/caseSensitiveTableNames=false, http://www.dbunit.org/features/allowEmptyFields=false, http://www.dbunit.org/properties/datatypeFactory=org.dbunit.ext.mysql.MySqlDataTypeFactory[_toleratedDeltaMap=org.dbunit.dataset.datatype.ToleratedDeltaMap@3d4bb065], http://www.dbunit.org/properties/metadataHandler=org.dbunit.database.DefaultMetadataHandler@d9ad43e, http://www.dbunit.org/properties/fetchSize=100, http://www.dbunit.org/properties/resultSetTableFactory=org.dbunit.database.CachedResultSetTableFactory@6d8e17c4, http://www.dbunit.org/features/datatypeWarning=true, http://www.dbunit.org/properties/escapePattern=null}], _dataSet=AbstractDataSet[_orderedTableNameMap=null]]) - start
[DEBUG] getQualifiedName() - start
[DEBUG] getQualifiedName(prefix=null, name=reservacion, escapePattern=null) - start
[DEBUG] addBatch(sql=delete from reservacion) - start
[DEBUG] Added SQL: delete from reservacion
[DEBUG] executeBatch() - start
[DEBUG] DbUnit SQL: delete from reservacion
[DEBUG] clearBatch() - start
[DEBUG] close() - start
[DEBUG] execute(connection=org.dbunit.database.DatabaseConnection[schema=null, connection=ProxyConnection[PooledConnection[com.mysql.jdbc.JDBC4Connection@249dc682]], super=_databaseConfig=org.dbunit.database.DatabaseConfig[, _propertyMap={http://www.dbunit.org/features/qualifiedTableNames=false, http://www.dbunit.org/properties/tableType=[Ljava.lang.String;@4d068eb0, http://www.dbunit.org/properties/batchSize=100, http://www.dbunit.org/properties/statementFactory=org.dbunit.database.statement.PreparedStatementFactory@27497f4c, http://www.dbunit.org/features/batchedStatements=false, http://www.dbunit.org/features/caseSensitiveTableNames=false, http://www.dbunit.org/features/allowEmptyFields=false, http://www.dbunit.org/properties/datatypeFactory=org.dbunit.ext.mysql.MySqlDataTypeFactory[_toleratedDeltaMap=org.dbunit.dataset.datatype.ToleratedDeltaMap@3d4bb065], http://www.dbunit.org/properties/metadataHandler=org.dbunit.database.DefaultMetadataHandler@d9ad43e, http://www.dbunit.org/properties/fetchSize=100, http://www.dbunit.org/properties/resultSetTableFactory=org.dbunit.database.CachedResultSetTableFactory@6d8e17c4, http://www.dbunit.org/features/datatypeWarning=true, http://www.dbunit.org/properties/escapePattern=null}], _dataSet=AbstractDataSet[_orderedTableNameMap=null]], dataSet=AbstractDataSet[_orderedTableNameMap=null]) - start
[DEBUG] createDataSet() - start
[DEBUG] createBatchStatement(connection=org.dbunit.database.DatabaseConnection[schema=null, connection=ProxyConnection[PooledConnection[com.mysql.jdbc.JDBC4Connection@249dc682]], super=_databaseConfig=org.dbunit.database.DatabaseConfig[, _propertyMap={http://www.dbunit.org/features/qualifiedTableNames=false, http://www.dbunit.org/properties/tableType=[Ljava.lang.String;@4d068eb0, http://www.dbunit.org/properties/batchSize=100, http://www.dbunit.org/properties/statementFactory=org.dbunit.database.statement.PreparedStatementFactory@27497f4c, http://www.dbunit.org/features/batchedStatements=false, http://www.dbunit.org/features/caseSensitiveTableNames=false, http://www.dbunit.org/features/allowEmptyFields=false, http://www.dbunit.org/properties/datatypeFactory=org.dbunit.ext.mysql.MySqlDataTypeFactory[_toleratedDeltaMap=org.dbunit.dataset.datatype.ToleratedDeltaMap@3d4bb065], http://www.dbunit.org/properties/metadataHandler=org.dbunit.database.DefaultMetadataHandler@d9ad43e, http://www.dbunit.org/properties/fetchSize=100, http://www.dbunit.org/properties/resultSetTableFactory=org.dbunit.database.CachedResultSetTableFactory@6d8e17c4, http://www.dbunit.org/features/datatypeWarning=true, http://www.dbunit.org/properties/escapePattern=null}], _dataSet=AbstractDataSet[_orderedTableNameMap=null]]) - start
[DEBUG] supportBatchStatement(connection=org.dbunit.database.DatabaseConnection[schema=null, connection=ProxyConnection[PooledConnection[com.mysql.jdbc.JDBC4Connection@249dc682]], super=_databaseConfig=org.dbunit.database.DatabaseConfig[, _propertyMap={http://www.dbunit.org/features/qualifiedTableNames=false, http://www.dbunit.org/properties/tableType=[Ljava.lang.String;@4d068eb0, http://www.dbunit.org/properties/batchSize=100, http://www.dbunit.org/properties/statementFactory=org.dbunit.database.statement.PreparedStatementFactory@27497f4c, http://www.dbunit.org/features/batchedStatements=false, http://www.dbunit.org/features/caseSensitiveTableNames=false, http://www.dbunit.org/features/allowEmptyFields=false, http://www.dbunit.org/properties/datatypeFactory=org.dbunit.ext.mysql.MySqlDataTypeFactory[_toleratedDeltaMap=org.dbunit.dataset.datatype.ToleratedDeltaMap@3d4bb065], http://www.dbunit.org/properties/metadataHandler=org.dbunit.database.DefaultMetadataHandler@d9ad43e, http://www.dbunit.org/properties/fetchSize=100, http://www.dbunit.org/properties/resultSetTableFactory=org.dbunit.database.CachedResultSetTableFactory@6d8e17c4, http://www.dbunit.org/features/datatypeWarning=true, http://www.dbunit.org/properties/escapePattern=null}], _dataSet=AbstractDataSet[_orderedTableNameMap=null]]) - start
[DEBUG] iterator() - start
[DEBUG] createIterator(reversed=false) - start
[DEBUG] orderedValues() - start
[DEBUG] getTableName(tableName=cliente) - start
[DEBUG] getTableName(tableName=cliente) - end - result=CLIENTE
[DEBUG] getTableMetaData() - start
[DEBUG] getTable() - start
[DEBUG] getTableMetaData(tableName=cliente) - start
[DEBUG] initialize() - start
[DEBUG] getTableName(tableName=cliente) - start
[DEBUG] getTableName(tableName=cliente) - end - result=CLIENTE
[DEBUG] getTableName(tableName=cliente) - start
[DEBUG] getTableName(tableName=cliente) - end - result=CLIENTE
[DEBUG] isEscaped returns 'false' for tableName=cliente (dbIdentifierQuoteString=`)
[DEBUG] Validating if table 'cliente' exists in schema 'null' ...
[DEBUG] close(resultSet=com.mysql.jdbc.JDBC4ResultSet@6f865ab5) - start
[DEBUG] update(tableName=cliente, object=table=cliente, cols=[(idcliente, INTEGER, noNulls), (nombre, VARCHAR, noNulls), (telefono, VARCHAR, noNulls), (email, VARCHAR, noNulls), (comentario, VARCHAR, nullable)], pk=[(idcliente, INTEGER, noNulls)]) - start
[DEBUG] getTableName(tableName=cliente) - start
[DEBUG] getTableName(tableName=cliente) - end - result=CLIENTE
[DEBUG] getTableName(tableName=cliente) - start
[DEBUG] getTableName(tableName=cliente) - end - result=CLIENTE
[DEBUG] getQualifiedName(prefix=null, name=cliente, connection=org.dbunit.database.DatabaseConnection[schema=null, connection=ProxyConnection[PooledConnection[com.mysql.jdbc.JDBC4Connection@249dc682]], super=_databaseConfig=org.dbunit.database.DatabaseConfig[, _propertyMap={http://www.dbunit.org/features/qualifiedTableNames=false, http://www.dbunit.org/properties/tableType=[Ljava.lang.String;@4d068eb0, http://www.dbunit.org/properties/batchSize=100, http://www.dbunit.org/properties/statementFactory=org.dbunit.database.statement.PreparedStatementFactory@27497f4c, http://www.dbunit.org/features/batchedStatements=false, http://www.dbunit.org/features/caseSensitiveTableNames=false, http://www.dbunit.org/features/allowEmptyFields=false, http://www.dbunit.org/properties/datatypeFactory=org.dbunit.ext.mysql.MySqlDataTypeFactory[_toleratedDeltaMap=org.dbunit.dataset.datatype.ToleratedDeltaMap@3d4bb065], http://www.dbunit.org/properties/metadataHandler=org.dbunit.database.DefaultMetadataHandler@d9ad43e, http://www.dbunit.org/properties/fetchSize=100, http://www.dbunit.org/properties/resultSetTableFactory=org.dbunit.database.CachedResultSetTableFactory@6d8e17c4, http://www.dbunit.org/features/datatypeWarning=true, http://www.dbunit.org/properties/escapePattern=null}], _dataSet=AbstractDataSet[_orderedTableNameMap=null]]) - start
[DEBUG] getQualifiedName() - start
[DEBUG] getQualifiedName(prefix=null, name=cliente, escapePattern=null) - start
[DEBUG] addBatch(sql=delete from cliente) - start
[DEBUG] Added SQL: delete from cliente
[DEBUG] executeBatch() - start
[DEBUG] DbUnit SQL: delete from cliente
[DEBUG] clearBatch() - start
[DEBUG] close() - start
[DEBUG] Retrieved ApplicationContext from cache with key [[WebMergedContextConfiguration@6a168b30 testClass = ClienteDomainTest, locations = '{}', classes = '{class mx.com.restaurante.Application, class mx.com.restaurante.Application}', contextInitializerClasses = '[]', activeProfiles = '{}', propertySourceLocations = '{}', propertySourceProperties = '{org.springframework.boot.test.context.SpringBootTestContextBootstrapper=true}', contextCustomizers = set[org.springframework.boot.test.context.SpringBootTestContextCustomizer@1dbfecae, org.springframework.boot.test.context.filter.ExcludeFilterContextCustomizer@529a41a, org.springframework.boot.test.mock.mockito.MockitoContextCustomizer@0, org.springframework.boot.test.autoconfigure.properties.PropertyMappingContextCustomizer@0, org.springframework.boot.test.autoconfigure.web.servlet.WebDriverContextCustomizerFactory$Customizer@11bbfd47], resourceBasePath = 'src/main/webapp', contextLoader = 'org.springframework.boot.test.context.SpringBootContextLoader', parent = [null]]]
[DEBUG] Spring test ApplicationContext cache statistics: [DefaultContextCache@6b3ebb48 size = 2, maxSize = 32, parentContextCount = 0, hitCount = 38, missCount = 2]
[DEBUG] Returning cached instance of singleton bean 'org.springframework.boot.test.mock.mockito.MockitoBeans'
[DEBUG] Retrieved ApplicationContext from cache with key [[WebMergedContextConfiguration@6a168b30 testClass = ClienteDomainTest, locations = '{}', classes = '{class mx.com.restaurante.Application, class mx.com.restaurante.Application}', contextInitializerClasses = '[]', activeProfiles = '{}', propertySourceLocations = '{}', propertySourceProperties = '{org.springframework.boot.test.context.SpringBootTestContextBootstrapper=true}', contextCustomizers = set[org.springframework.boot.test.context.SpringBootTestContextCustomizer@1dbfecae, org.springframework.boot.test.context.filter.ExcludeFilterContextCustomizer@529a41a, org.springframework.boot.test.mock.mockito.MockitoContextCustomizer@0, org.springframework.boot.test.autoconfigure.properties.PropertyMappingContextCustomizer@0, org.springframework.boot.test.autoconfigure.web.servlet.WebDriverContextCustomizerFactory$Customizer@11bbfd47], resourceBasePath = 'src/main/webapp', contextLoader = 'org.springframework.boot.test.context.SpringBootContextLoader', parent = [null]]]
[DEBUG] Spring test ApplicationContext cache statistics: [DefaultContextCache@6b3ebb48 size = 2, maxSize = 32, parentContextCount = 0, hitCount = 39, missCount = 2]
[DEBUG] Retrieved ApplicationContext from cache with key [[WebMergedContextConfiguration@6a168b30 testClass = ClienteDomainTest, locations = '{}', classes = '{class mx.com.restaurante.Application, class mx.com.restaurante.Application}', contextInitializerClasses = '[]', activeProfiles = '{}', propertySourceLocations = '{}', propertySourceProperties = '{org.springframework.boot.test.context.SpringBootTestContextBootstrapper=true}', contextCustomizers = set[org.springframework.boot.test.context.SpringBootTestContextCustomizer@1dbfecae, org.springframework.boot.test.context.filter.ExcludeFilterContextCustomizer@529a41a, org.springframework.boot.test.mock.mockito.MockitoContextCustomizer@0, org.springframework.boot.test.autoconfigure.properties.PropertyMappingContextCustomizer@0, org.springframework.boot.test.autoconfigure.web.servlet.WebDriverContextCustomizerFactory$Customizer@11bbfd47], resourceBasePath = 'src/main/webapp', contextLoader = 'org.springframework.boot.test.context.SpringBootContextLoader', parent = [null]]]
[DEBUG] Spring test ApplicationContext cache statistics: [DefaultContextCache@6b3ebb48 size = 2, maxSize = 32, parentContextCount = 0, hitCount = 40, missCount = 2]
[DEBUG] After test method: context [DefaultTestContext@29800a5b testClass = ClienteDomainTest, testInstance = mx.com.restaurante.test.domain.ClienteDomainTest@67aa030a, testMethod = actualizarClienteTest@ClienteDomainTest, testException = [null], mergedContextConfiguration = [WebMergedContextConfiguration@6a168b30 testClass = ClienteDomainTest, locations = '{}', classes = '{class mx.com.restaurante.Application, class mx.com.restaurante.Application}', contextInitializerClasses = '[]', activeProfiles = '{}', propertySourceLocations = '{}', propertySourceProperties = '{org.springframework.boot.test.context.SpringBootTestContextBootstrapper=true}', contextCustomizers = set[org.springframework.boot.test.context.SpringBootTestContextCustomizer@1dbfecae, org.springframework.boot.test.context.filter.ExcludeFilterContextCustomizer@529a41a, org.springframework.boot.test.mock.mockito.MockitoContextCustomizer@0, org.springframework.boot.test.autoconfigure.properties.PropertyMappingContextCustomizer@0, org.springframework.boot.test.autoconfigure.web.servlet.WebDriverContextCustomizerFactory$Customizer@11bbfd47], resourceBasePath = 'src/main/webapp', contextLoader = 'org.springframework.boot.test.context.SpringBootContextLoader', parent = [null]]], class annotated with @DirtiesContext [false] with mode [null], method annotated with @DirtiesContext [false] with mode [null].
[DEBUG] Resetting RequestContextHolder for test context [DefaultTestContext@29800a5b testClass = ClienteDomainTest, testInstance = mx.com.restaurante.test.domain.ClienteDomainTest@67aa030a, testMethod = actualizarClienteTest@ClienteDomainTest, testException = [null], mergedContextConfiguration = [WebMergedContextConfiguration@6a168b30 testClass = ClienteDomainTest, locations = '{}', classes = '{class mx.com.restaurante.Application, class mx.com.restaurante.Application}', contextInitializerClasses = '[]', activeProfiles = '{}', propertySourceLocations = '{}', propertySourceProperties = '{org.springframework.boot.test.context.SpringBootTestContextBootstrapper=true}', contextCustomizers = set[org.springframework.boot.test.context.SpringBootTestContextCustomizer@1dbfecae, org.springframework.boot.test.context.filter.ExcludeFilterContextCustomizer@529a41a, org.springframework.boot.test.mock.mockito.MockitoContextCustomizer@0, org.springframework.boot.test.autoconfigure.properties.PropertyMappingContextCustomizer@0, org.springframework.boot.test.autoconfigure.web.servlet.WebDriverContextCustomizerFactory$Customizer@11bbfd47], resourceBasePath = 'src/main/webapp', contextLoader = 'org.springframework.boot.test.context.SpringBootContextLoader', parent = [null]]].
[DEBUG] After test class: context [DefaultTestContext@29800a5b testClass = ClienteDomainTest, testInstance = [null], testMethod = [null], testException = [null], mergedContextConfiguration = [WebMergedContextConfiguration@6a168b30 testClass = ClienteDomainTest, locations = '{}', classes = '{class mx.com.restaurante.Application, class mx.com.restaurante.Application}', contextInitializerClasses = '[]', activeProfiles = '{}', propertySourceLocations = '{}', propertySourceProperties = '{org.springframework.boot.test.context.SpringBootTestContextBootstrapper=true}', contextCustomizers = set[org.springframework.boot.test.context.SpringBootTestContextCustomizer@1dbfecae, org.springframework.boot.test.context.filter.ExcludeFilterContextCustomizer@529a41a, org.springframework.boot.test.mock.mockito.MockitoContextCustomizer@0, org.springframework.boot.test.autoconfigure.properties.PropertyMappingContextCustomizer@0, org.springframework.boot.test.autoconfigure.web.servlet.WebDriverContextCustomizerFactory$Customizer@11bbfd47], resourceBasePath = 'src/main/webapp', contextLoader = 'org.springframework.boot.test.context.SpringBootContextLoader', parent = [null]]], class annotated with @DirtiesContext [false] with mode [null].
]]></system-out>
  <system-err><![CDATA[]]></system-err>
</testsuite>
